0: IMG_1024
image_size:	4032x3024
focal_length:	3136.000
1: IMG_1025
image_size:	4032x3024
focal_length:	3136.000
2: IMG_1026
image_size:	4032x3024
focal_length:	3136.000
3: IMG_1027
image_size:	4032x3024
focal_length:	3136.000
4: IMG_1028
image_size:	4032x3024
focal_length:	3136.000
5: IMG_1029
image_size:	4032x3024
focal_length:	3136.000
6: IMG_1030
image_size:	4032x3024
focal_length:	3136.000
7: IMG_1031
image_size:	4032x3024
focal_length:	3136.000
8: IMG_1032
image_size:	4032x3024
focal_length:	3136.000
9: IMG_1033
image_size:	4032x3024
focal_length:	3136.000
10: IMG_1034
image_size:	4032x3024
focal_length:	3136.000
11: IMG_1035
image_size:	4032x3024
focal_length:	3136.000
12: IMG_1036
image_size:	4032x3024
focal_length:	3136.000
13: IMG_1037
image_size:	4032x3024
focal_length:	3136.000
14: IMG_1038
image_size:	4032x3024
focal_length:	3136.000
15: IMG_1040
image_size:	4032x3024
focal_length:	3136.000
16: IMG_1041
image_size:	4032x3024
focal_length:	3136.000
17: IMG_1042
image_size:	4032x3024
focal_length:	3136.000
18: IMG_1043
image_size:	4032x3024
focal_length:	3136.000
19: IMG_1044
image_size:	4032x3024
focal_length:	3136.000
20: IMG_1045
image_size:	4032x3024
focal_length:	3136.000
21: IMG_1046
image_size:	4032x3024
focal_length:	3136.000
22: IMG_1047
image_size:	4032x3024
focal_length:	3136.000
23: IMG_1048
image_size:	4032x3024
focal_length:	3136.000
24: IMG_1049
image_size:	4032x3024
focal_length:	3136.000
25: IMG_1050
image_size:	4032x3024
focal_length:	3136.000
26: IMG_1051
image_size:	4032x3024
focal_length:	3136.000
27: IMG_1052
image_size:	4032x3024
focal_length:	3136.000
28: IMG_1053
image_size:	4032x3024
focal_length:	3136.000
29: IMG_1054
image_size:	4032x3024
focal_length:	3136.000
30: IMG_1055
image_size:	4032x3024
focal_length:	3136.000
31: IMG_1056
image_size:	4032x3024
focal_length:	3136.000
32: IMG_1057
image_size:	4032x3024
focal_length:	3136.000
33: IMG_1058
image_size:	4032x3024
focal_length:	3136.000
34: IMG_1059
image_size:	4032x3024
focal_length:	3136.000
35: IMG_1060
image_size:	4032x3024
focal_length:	3136.000
36: IMG_1061
image_size:	4032x3024
focal_length:	3136.000
37: IMG_1062
image_size:	4032x3024
focal_length:	3136.000
38: IMG_1063
image_size:	4032x3024
focal_length:	3136.000
39: IMG_1064
image_size:	4032x3024
focal_length:	3136.000
40: IMG_1065
image_size:	4032x3024
focal_length:	3136.000
**************************************
Change the number of pixel-loaded images by 
modifying param_visual_data_budget in nv.ini
Use the PAUSE button to skip the pixel loading
**************************************
Loading image pixel data ...done in 11s

Compute Missing Pairwise Matching, begin...
********* WARNING ***********
More than 279MB of graphic memory may be allocated
under the default settings. If the program halts here,
adjust parameters to save memory and rerun the task: 
    [Tools->Enable GPU->Set Maximum DIM]
Note some octaves may be automatically skipped
SIFT: 0000, 4032x3024, 	9692, 0.95sec
SIFT: 0001, 4032x3024, 	10697, 0.22sec
SIFT: 0002, 4032x3024, 	9354, 0.19sec
SIFT: 0003, 4032x3024, 	9568, 0.20sec
SIFT: 0004, 4032x3024, 	9698, 0.19sec
SIFT: 0005, 4032x3024, 	11234, 0.23sec
SIFT: 0006, 4032x3024, 	10619, 0.21sec
SIFT: 0007, 4032x3024, 	9739, 0.19sec
SIFT: 0008, 4032x3024, 	10206, 0.20sec
SIFT: 0009, 4032x3024, 	9808, 0.21sec
SIFT: 0010, 4032x3024, 	9745, 0.22sec
SIFT: 0011, 4032x3024, 	9995, 0.20sec
SIFT: 0012, 4032x3024, 	8488, 0.19sec
SIFT: 0013, 4032x3024, 	8269, 0.18sec
SIFT: 0014, 4032x3024, 	8277, 0.18sec
SIFT: 0015, 4032x3024, 	10833, 0.21sec
SIFT: 0016, 4032x3024, 	9699, 0.19sec
SIFT: 0017, 4032x3024, 	9605, 0.19sec
SIFT: 0018, 4032x3024, 	9625, 0.21sec
SIFT: 0019, 4032x3024, 	12228, 0.24sec
SIFT: 0020, 4032x3024, 	10293, 0.21sec
SIFT: 0021, 4032x3024, 	8916, 0.19sec
SIFT: 0022, 4032x3024, 	8016, 0.18sec
SIFT: 0023, 4032x3024, 	7800, 0.17sec
SIFT: 0024, 4032x3024, 	9205, 0.20sec
SIFT: 0025, 4032x3024, 	11736, 0.23sec
SIFT: 0026, 4032x3024, 	9422, 0.19sec
SIFT: 0027, 4032x3024, 	8585, 0.19sec
SIFT: 0028, 4032x3024, 	9428, 0.19sec
SIFT: 0029, 4032x3024, 	8389, 0.18sec
SIFT: 0030, 4032x3024, 	10193, 0.20sec
SIFT: 0031, 4032x3024, 	12172, 0.23sec
SIFT: 0032, 4032x3024, 	12286, 0.23sec
SIFT: 0033, 4032x3024, 	10063, 0.20sec
SIFT: 0034, 4032x3024, 	10324, 0.21sec
SIFT: 0035, 4032x3024, 	10579, 0.23sec
SIFT: 0036, 4032x3024, 	9760, 0.19sec
SIFT: 0037, 4032x3024, 	9651, 0.20sec
SIFT: 0038, 4032x3024, 	12517, 0.25sec
SIFT: 0039, 4032x3024, 	9976, 0.20sec
SIFT: 0040, 4032x3024, 	9280, 0.19sec

###########-------timing------#########
41 Feature Detection finished, 10 sec used
#############################

820 pairs to compute match
NOTE: using 3 matching workers
0001 and 0003: 1229 matches, 0.33sec, #1
0001 and 0002: 2747 matches, 0.34sec, #2
0001 and 0003: [1169/1229], H[163], 0.03sec
0001 and 0002: [2658/2747], H[509], 0.06sec
0002 and 0003: 2919 matches, 0.26sec, #1
0000 and 0003: 490 matches, 0.16sec, #2
0000 and 0001: 2653 matches, 0.90sec, #0
0000 and 0003: [429/490], H[91], 0.02sec
0002 and 0003: [2854/2919], H[664], 0.05sec
0000 and 0001: [2576/2653], H[607], 0.04sec
0000 and 0006: 31 matches, 0.29sec, #2
0000 and 0004: 146 matches, 0.30sec, #1
0000 and 0004: [120/146], H[40], 0.01sec
0000 and 0002: 1011 matches, 0.42sec, #0
0000 and 0006: [10/31], H[5], 0.05sec
0000 and 0002: [955/1011], H[156], 0.06sec
0001 and 0004: 311 matches, 0.34sec, #1
0001 and 0004: [231/311], H[60], 0.02sec
0001 and 0006: 50 matches, 0.30sec, #2
0001 and 0006: [26/50], H[7], 0.04sec
0004 and 0007: 167 matches, 0.43sec, #0
0004 and 0007: [140/167], H[21], 0.03sec
0002 and 0004: 808 matches, 0.28sec, #1
0002 and 0004: [724/808], H[96], 0.04sec
0002 and 0006: 76 matches, 0.28sec, #2
0005 and 0007: 638 matches, 0.40sec, #0
0002 and 0006: [50/76], H[11], 0.03sec
0005 and 0007: [584/638], H[111], 0.06sec
0003 and 0004: 1900 matches, 0.26sec, #1
0003 and 0006: 162 matches, 0.27sec, #2
0006 and 0007: 2135 matches, 0.45sec, #0
0003 and 0006: [135/162], H[17], 0.02sec
0003 and 0004: [1807/1900], H[295], 0.04sec
0006 and 0007: [1987/2135], H[381], 0.07sec
0004 and 0006: 641 matches, 0.34sec, #2
0000 and 0005: 65 matches, 0.34sec, #1
0004 and 0006: [590/641], H[79], 0.02sec
0000 and 0005: [40/65], H[15], 0.01sec
0000 and 0008: 20 matches, 0.71sec, #0
0005 and 0006: 2673 matches, 0.39sec, #2
0001 and 0005: 123 matches, 0.41sec, #1
0001 and 0005: [84/123], H[23], 0.02sec
0005 and 0006: [2498/2673], H[455], 0.06sec
0001 and 0008: 23 matches, 0.49sec, #0
0002 and 0005: 214 matches, 0.30sec, #1
0000 and 0007: 26 matches, 0.21sec, #2
0002 and 0005: [162/214], H[37], 0.02sec
0002 and 0008: 17 matches, 0.42sec, #0
0000 and 0007: [9/26], H[0], 0.07sec
0003 and 0005: 533 matches, 0.19sec, #1
0003 and 0008: 47 matches, 0.41sec, #0
0003 and 0008: [27/47], H[8], 0.04sec
0003 and 0005: [497/533], H[74], 0.07sec
0001 and 0007: 30 matches, 0.19sec, #2
0004 and 0008: 155 matches, 0.42sec, #0
0004 and 0008: [121/155], H[22], 0.04sec
0001 and 0007: [12/30], H[7], 0.11sec
0002 and 0007: 35 matches, 0.22sec, #2
0004 and 0005: 2140 matches, 0.35sec, #1
0002 and 0007: [14/35], H[8], 0.05sec
0004 and 0005: [2063/2140], H[338], 0.04sec
0005 and 0008: 517 matches, 0.64sec, #0
0003 and 0007: 61 matches, 0.30sec, #2
0005 and 0008: [470/517], H[66], 0.03sec
0003 and 0007: [25/61], H[9], 0.03sec
0007 and 0008: 2499 matches, 0.35sec, #1
0000 and 0010: 208 matches, 0.14sec, #2
0000 and 0010: [150/208], H[45], 0.01sec
0007 and 0008: [2168/2499], H[799], 0.03sec
0006 and 0008: 1559 matches, 0.43sec, #0
0006 and 0008: [1435/1559], H[235], 0.07sec
0001 and 0010: 368 matches, 0.33sec, #2
0000 and 0009: 56 matches, 0.32sec, #1
0001 and 0010: [316/368], H[47], 0.02sec
0000 and 0009: [24/56], H[9], 0.03sec
0000 and 0011: 904 matches, 0.61sec, #0
0000 and 0011: [755/904], H[122], 0.04sec
0002 and 0010: 624 matches, 0.34sec, #2
0001 and 0009: 97 matches, 0.35sec, #1
0002 and 0010: [569/624], H[88], 0.02sec
0001 and 0009: [52/97], H[10], 0.02sec
0001 and 0011: 1432 matches, 0.55sec, #0
0003 and 0010: 1078 matches, 0.17sec, #2
0001 and 0011: [1208/1432], H[212], 0.06sec
0003 and 0010: [1005/1078], H[139], 0.12sec
0002 and 0009: 112 matches, 0.17sec, #1
0002 and 0009: [87/112], H[13], 0.03sec
0002 and 0011: 1604 matches, 0.65sec, #0
0004 and 0010: 1095 matches, 0.31sec, #2
0003 and 0009: 243 matches, 0.26sec, #1
0002 and 0011: [1440/1604], H[292], 0.04sec
0004 and 0010: [1006/1095], H[170], 0.03sec
0003 and 0009: [186/243], H[20], 0.02sec
0005 and 0010: 588 matches, 0.16sec, #2
0005 and 0010: [441/588], H[64], 0.04sec
0003 and 0011: 988 matches, 0.46sec, #0
0003 and 0011: [938/988], H[160], 0.05sec
0004 and 0009: 662 matches, 0.33sec, #1
0006 and 0010: 208 matches, 0.29sec, #2
0004 and 0009: [521/662], H[62], 0.03sec
0006 and 0010: [170/208], H[29], 0.02sec
0004 and 0011: 360 matches, 0.42sec, #0
0004 and 0011: [308/360], H[53], 0.04sec
0007 and 0010: 88 matches, 0.34sec, #2
0005 and 0009: 1346 matches, 0.35sec, #1
0007 and 0010: [56/88], H[10], 0.01sec
0005 and 0009: [1049/1346], H[165], 0.05sec
0005 and 0011: 130 matches, 0.64sec, #0
0005 and 0011: [99/130], H[20], 0.03sec
0008 and 0010: 128 matches, 0.33sec, #2
0006 and 0009: 958 matches, 0.28sec, #1
0008 and 0010: [93/128], H[23], 0.02sec
0006 and 0009: [812/958], H[121], 0.03sec
0006 and 0011: 47 matches, 0.42sec, #0
0006 and 0011: [29/47], H[10], 0.03sec
0009 and 0010: 1265 matches, 0.29sec, #2
0009 and 0010: [1164/1265], H[104], 0.03sec
0007 and 0009: 455 matches, 0.18sec, #1
0007 and 0009: [327/455], H[65], 0.04sec
0007 and 0011: 36 matches, 0.43sec, #0
0007 and 0011: [14/36], H[8], 0.09sec
0010 and 0011: 1363 matches, 0.25sec, #2
0010 and 0011: [1102/1363], H[147], 0.05sec
0008 and 0009: 1224 matches, 0.26sec, #1
0000 and 0012: 905 matches, 0.15sec, #2
0000 and 0012: [855/905], H[115], 0.02sec
0008 and 0009: [1018/1224], H[178], 0.03sec
0008 and 0011: 34 matches, 0.67sec, #0
0008 and 0011: [17/34], H[7], 0.02sec
0001 and 0012: 1608 matches, 0.29sec, #2
0009 and 0012: 35 matches, 0.32sec, #1
0001 and 0012: [1486/1608], H[203], 0.03sec
0009 and 0012: [13/35], H[8], 0.07sec
0009 and 0011: 183 matches, 0.43sec, #0
0009 and 0011: [153/183], H[17], 0.03sec
0002 and 0012: 1207 matches, 0.27sec, #2
0002 and 0012: [1120/1207], H[174], 0.03sec
0010 and 0012: 87 matches, 0.19sec, #1
0007 and 0013: 33 matches, 0.42sec, #0
0010 and 0012: [63/87], H[24], 0.09sec
0007 and 0013: [11/33], H[6], 0.10sec
0003 and 0012: 667 matches, 0.25sec, #2
0011 and 0012: 284 matches, 0.15sec, #1
0011 and 0012: [220/284], H[64], 0.02sec
0003 and 0012: [612/667], H[99], 0.02sec
0008 and 0013: 20 matches, 0.42sec, #0
0000 and 0013: 382 matches, 0.24sec, #1
0000 and 0013: [333/382], H[50], 0.02sec
0004 and 0012: 200 matches, 0.17sec, #2
0004 and 0012: [162/200], H[42], 0.05sec
0009 and 0013: 37 matches, 0.65sec, #0
0001 and 0013: 789 matches, 0.31sec, #1
0009 and 0013: [16/37], H[8], 0.04sec
0005 and 0012: 66 matches, 0.27sec, #2
0001 and 0013: [739/789], H[109], 0.03sec
0005 and 0012: [45/66], H[17], 0.02sec
0002 and 0013: 1064 matches, 0.13sec, #1
0010 and 0013: 105 matches, 0.40sec, #0
0010 and 0013: [79/105], H[24], 0.03sec
0002 and 0013: [914/1064], H[142], 0.06sec
0006 and 0012: 27 matches, 0.17sec, #2
0011 and 0013: 228 matches, 0.43sec, #0
0006 and 0012: [10/27], H[5], 0.10sec
0011 and 0013: [186/228], H[53], 0.06sec
0003 and 0013: 953 matches, 0.26sec, #1
0003 and 0013: [807/953], H[118], 0.02sec
0007 and 0012: 20 matches, 0.18sec, #2
0004 and 0013: 342 matches, 0.12sec, #1
0012 and 0013: 2415 matches, 0.40sec, #0
0004 and 0013: [290/342], H[53], 0.03sec
0012 and 0013: [2338/2415], H[486], 0.08sec
0005 and 0013: 99 matches, 0.24sec, #1
0008 and 0012: 21 matches, 0.29sec, #2
0005 and 0013: [62/99], H[12], 0.02sec
0004 and 0014: 643 matches, 0.12sec, #2
0004 and 0014: [576/643], H[75], 0.05sec
0000 and 0014: 106 matches, 0.65sec, #0
0005 and 0014: 276 matches, 0.25sec, #2
0000 and 0014: [72/106], H[21], 0.01sec
0006 and 0013: 47 matches, 0.31sec, #1
0005 and 0014: [187/276], H[30], 0.02sec
0001 and 0014: 222 matches, 0.43sec, #0
0001 and 0014: [173/222], H[34], 0.03sec
0006 and 0013: [21/47], H[7], 0.05sec
0006 and 0014: 97 matches, 0.29sec, #2
0006 and 0014: [62/97], H[12], 0.02sec
0000 and 0015: 28 matches, 0.28sec, #1
0002 and 0014: 455 matches, 0.42sec, #0
0002 and 0014: [413/455], H[60], 0.04sec
0000 and 0015: [9/28], H[0], 0.08sec
0007 and 0014: 43 matches, 0.32sec, #2
0001 and 0015: 40 matches, 0.19sec, #1
0007 and 0014: [17/43], H[7], 0.04sec
0001 and 0015: [10/40], H[5], 0.06sec
0003 and 0014: 766 matches, 0.41sec, #0
0003 and 0014: [688/766], H[109], 0.04sec
0002 and 0015: 41 matches, 0.34sec, #1
0008 and 0014: 29 matches, 0.36sec, #2
0002 and 0015: [11/41], H[6], 0.08sec
0008 and 0014: [12/29], H[7], 0.07sec
0010 and 0015: 38 matches, 0.41sec, #0
0010 and 0015: [17/38], H[6], 0.04sec
0009 and 0014: 57 matches, 0.31sec, #2
0003 and 0015: 54 matches, 0.34sec, #1
0009 and 0014: [32/57], H[11], 0.02sec
0003 and 0015: [32/54], H[7], 0.03sec
0010 and 0014: 146 matches, 0.26sec, #2
0011 and 0015: 25 matches, 0.65sec, #0
0010 and 0014: [102/146], H[20], 0.04sec
0011 and 0015: [9/25], H[0], 0.09sec
0004 and 0015: 206 matches, 0.42sec, #1
0011 and 0014: 136 matches, 0.21sec, #2
0004 and 0015: [158/206], H[34], 0.02sec
0011 and 0014: [116/136], H[29], 0.02sec
0012 and 0015: 34 matches, 0.42sec, #0
0012 and 0015: [9/34], H[0], 0.07sec
0012 and 0014: 832 matches, 0.29sec, #2
0005 and 0015: 596 matches, 0.36sec, #1
0012 and 0014: [791/832], H[149], 0.03sec
0005 and 0015: [516/596], H[84], 0.03sec
0013 and 0014: 1852 matches, 0.22sec, #2
0013 and 0015: 45 matches, 0.64sec, #0
0013 and 0014: [1664/1852], H[330], 0.08sec
0013 and 0015: [17/45], H[8], 0.07sec
0006 and 0015: 1385 matches, 0.51sec, #1
0005 and 0016: 781 matches, 0.23sec, #2
0005 and 0016: [576/781], H[108], 0.03sec
0006 and 0015: [1301/1385], H[125], 0.03sec
0014 and 0015: 87 matches, 0.41sec, #0
0014 and 0015: [51/87], H[8], 0.03sec
0007 and 0015: 1552 matches, 0.39sec, #1
0006 and 0016: 311 matches, 0.41sec, #2
0007 and 0015: [1468/1552], H[199], 0.04sec
0000 and 0016: 46 matches, 0.41sec, #0
0006 and 0016: [206/311], H[32], 0.02sec
0000 and 0016: [19/46], H[6], 0.15sec
0007 and 0016: 141 matches, 0.35sec, #2
0008 and 0015: 423 matches, 0.38sec, #1
0007 and 0016: [89/141], H[17], 0.02sec
0008 and 0015: [378/423], H[65], 0.04sec
0001 and 0016: 84 matches, 0.68sec, #0
0008 and 0016: 170 matches, 0.34sec, #2
0001 and 0016: [52/84], H[11], 0.03sec
0008 and 0016: [128/170], H[16], 0.03sec
0009 and 0015: 114 matches, 0.32sec, #1
0009 and 0016: 875 matches, 0.17sec, #2
0009 and 0015: [75/114], H[16], 0.02sec
0009 and 0016: [742/875], H[75], 0.04sec
0002 and 0016: 219 matches, 0.41sec, #0
0002 and 0016: [164/219], H[25], 0.04sec
0015 and 0016: 78 matches, 0.36sec, #1
0010 and 0016: 1699 matches, 0.22sec, #2
0015 and 0016: [44/78], H[10], 0.02sec
0003 and 0016: 530 matches, 0.41sec, #0
0003 and 0016: [434/530], H[61], 0.04sec
0010 and 0016: [1536/1699], H[280], 0.06sec
0000 and 0017: 817 matches, 0.23sec, #1
0000 and 0017: [700/817], H[117], 0.05sec
0011 and 0016: 312 matches, 0.29sec, #2
0011 and 0016: [223/312], H[27], 0.04sec
0001 and 0017: 1718 matches, 0.23sec, #1
0004 and 0016: 880 matches, 0.41sec, #0
0001 and 0017: [1323/1718], H[399], 0.07sec
0004 and 0016: [718/880], H[211], 0.06sec
0012 and 0016: 48 matches, 0.35sec, #2
0002 and 0017: 1349 matches, 0.28sec, #1
0002 and 0017: [1305/1349], H[423], 0.03sec
0012 and 0016: [21/48], H[10], 0.04sec
0009 and 0017: 96 matches, 0.55sec, #0
0009 and 0017: [64/96], H[10], 0.03sec
0013 and 0016: 99 matches, 0.32sec, #2
0003 and 0017: 888 matches, 0.33sec, #1
0013 and 0016: [58/99], H[11], 0.02sec
0003 and 0017: [756/888], H[163], 0.04sec
0010 and 0017: 502 matches, 0.41sec, #0
0010 and 0017: [374/502], H[61], 0.04sec
0014 and 0016: 156 matches, 0.19sec, #2
0004 and 0017: 270 matches, 0.20sec, #1
0011 and 0017: 1595 matches, 0.41sec, #0
0014 and 0016: [108/156], H[22], 0.02sec
0004 and 0017: [213/270], H[36], 0.02sec
0011 and 0017: [1301/1595], H[294], 0.04sec
0002 and 0018: 307 matches, 0.36sec, #2
0005 and 0017: 101 matches, 0.37sec, #1
0002 and 0018: [262/307], H[46], 0.02sec
0005 and 0017: [58/101], H[12], 0.02sec
0012 and 0017: 364 matches, 0.65sec, #0
0003 and 0018: 132 matches, 0.31sec, #2
0006 and 0017: 46 matches, 0.32sec, #1
0012 and 0017: [283/364], H[55], 0.03sec
0003 and 0018: [101/132], H[20], 0.03sec
0006 and 0017: [17/46], H[8], 0.05sec
0013 and 0017: 348 matches, 0.60sec, #0
0013 and 0017: [273/348], H[58], 0.04sec
0004 and 0018: 51 matches, 0.34sec, #2
0007 and 0017: 30 matches, 0.34sec, #1
0004 and 0018: [24/51], H[7], 0.02sec
0014 and 0017: 201 matches, 0.41sec, #0
0007 and 0017: [12/30], H[7], 0.07sec
0014 and 0017: [151/201], H[24], 0.03sec
0005 and 0018: 34 matches, 0.21sec, #2
0005 and 0018: [9/34], H[0], 0.10sec
0008 and 0017: 38 matches, 0.37sec, #1
0006 and 0018: 22 matches, 0.23sec, #2
0015 and 0017: 24 matches, 0.40sec, #0
0008 and 0017: [10/38], H[0], 0.08sec
0007 and 0018: 26 matches, 0.24sec, #2
0012 and 0018: 249 matches, 0.19sec, #1
0016 and 0017: 366 matches, 0.39sec, #0
0012 and 0018: [198/249], H[41], 0.02sec
0007 and 0018: [9/26], H[0], 0.06sec
0016 and 0017: [321/366], H[32], 0.04sec
0013 and 0018: 106 matches, 0.27sec, #1
0008 and 0018: 14 matches, 0.20sec, #2
0000 and 0018: 1783 matches, 0.39sec, #0
0013 and 0018: [76/106], H[22], 0.03sec
0000 and 0018: [1309/1783], H[421], 0.07sec
0009 and 0018: 42 matches, 0.33sec, #2
0014 and 0018: 48 matches, 0.26sec, #1
0009 and 0018: [21/42], H[9], 0.03sec
0014 and 0018: [16/48], H[6], 0.09sec
0001 and 0018: 848 matches, 0.48sec, #0
0001 and 0018: [691/848], H[142], 0.04sec
0010 and 0018: 106 matches, 0.26sec, #2
0010 and 0018: [74/106], H[23], 0.03sec
0015 and 0018: 30 matches, 0.23sec, #1
0004 and 0019: 55 matches, 0.41sec, #0
0015 and 0018: [9/30], H[0], 0.07sec
0004 and 0019: [29/55], H[9], 0.03sec
0011 and 0018: 573 matches, 0.29sec, #2
0011 and 0018: [472/573], H[76], 0.04sec
0016 and 0018: 59 matches, 0.22sec, #1
0016 and 0018: [25/59], H[7], 0.05sec
0005 and 0019: 199 matches, 0.50sec, #0
0005 and 0019: [150/199], H[30], 0.03sec
0014 and 0019: 31 matches, 0.34sec, #2
0017 and 0018: 858 matches, 0.28sec, #1
0017 and 0018: [767/858], H[170], 0.03sec
0014 and 0019: [9/31], H[0], 0.05sec
0006 and 0019: 714 matches, 0.67sec, #0
0006 and 0019: [554/714], H[89], 0.05sec
0015 and 0019: 329 matches, 0.44sec, #2
0000 and 0019: 24 matches, 0.45sec, #1
0015 and 0019: [285/329], H[75], 0.02sec
0007 and 0019: 1553 matches, 0.78sec, #0
0016 and 0019: 93 matches, 0.47sec, #2
0001 and 0019: 31 matches, 0.48sec, #1
0007 and 0019: [1370/1553], H[338], 0.06sec
0016 and 0019: [57/93], H[20], 0.03sec
0001 and 0019: [9/31], H[0], 0.06sec
0008 and 0019: 1694 matches, 0.41sec, #0
0008 and 0019: [1313/1694], H[289], 0.06sec
0017 and 0019: 37 matches, 0.39sec, #2
0002 and 0019: 29 matches, 0.30sec, #1
0017 and 0019: [12/37], H[6], 0.06sec
0002 and 0019: [10/29], H[0], 0.05sec
0009 and 0019: 262 matches, 0.62sec, #0
0009 and 0019: [210/262], H[34], 0.04sec
0018 and 0019: 22 matches, 0.44sec, #2
0003 and 0019: 48 matches, 0.27sec, #1
0000 and 0020: 22 matches, 0.22sec, #2
0010 and 0019: 52 matches, 0.41sec, #0
0010 and 0019: [33/52], H[17], 0.02sec
0003 and 0019: [10/48], H[6], 0.11sec
0001 and 0020: 25 matches, 0.45sec, #2
0005 and 0020: 202 matches, 0.38sec, #1
0001 and 0020: [10/25], H[0], 0.06sec
0005 and 0020: [131/202], H[21], 0.03sec
0011 and 0019: 24 matches, 0.45sec, #0
0002 and 0020: 19 matches, 0.32sec, #2
0006 and 0020: 711 matches, 0.29sec, #1
0006 and 0020: [529/711], H[98], 0.04sec
0012 and 0019: 23 matches, 0.42sec, #0
0003 and 0020: 30 matches, 0.32sec, #2
0007 and 0020: 1777 matches, 0.27sec, #1
0013 and 0019: 20 matches, 0.41sec, #0
0003 and 0020: [9/30], H[0], 0.05sec
0007 and 0020: [1526/1777], H[211], 0.06sec
0015 and 0020: 778 matches, 0.55sec, #0
0015 and 0020: [681/778], H[122], 0.04sec
0004 and 0020: 58 matches, 0.25sec, #2
0004 and 0020: [29/58], H[11], 0.04sec
0008 and 0020: 637 matches, 0.35sec, #1
0005 and 0021: 93 matches, 0.20sec, #2
0008 and 0020: [583/637], H[89], 0.03sec
0005 and 0021: [64/93], H[15], 0.02sec
0016 and 0020: 42 matches, 0.42sec, #0
0016 and 0020: [15/42], H[0], 0.07sec
0009 and 0020: 107 matches, 0.35sec, #1
0009 and 0020: [78/107], H[17], 0.03sec
0006 and 0021: 178 matches, 0.36sec, #2
0006 and 0021: [126/178], H[20], 0.03sec
0017 and 0020: 26 matches, 0.41sec, #0
0017 and 0020: [10/26], H[0], 0.07sec
0010 and 0020: 40 matches, 0.32sec, #1
0007 and 0021: 216 matches, 0.24sec, #2
0010 and 0020: [16/40], H[7], 0.04sec
0007 and 0021: [173/216], H[29], 0.03sec
0018 and 0020: 18 matches, 0.43sec, #0
0011 and 0020: 23 matches, 0.28sec, #1
0008 and 0021: 61 matches, 0.25sec, #2
0008 and 0021: [39/61], H[8], 0.03sec
0019 and 0020: 1188 matches, 0.41sec, #0
0019 and 0020: [964/1188], H[180], 0.05sec
0012 and 0020: 25 matches, 0.33sec, #1
0009 and 0021: 37 matches, 0.27sec, #2
0009 and 0021: [9/37], H[0], 0.06sec
0013 and 0020: 23 matches, 0.16sec, #1
0000 and 0021: 22 matches, 0.46sec, #0
0010 and 0021: 27 matches, 0.32sec, #2
0014 and 0020: 31 matches, 0.29sec, #1
0001 and 0021: 18 matches, 0.40sec, #0
0010 and 0021: [9/27], H[0], 0.04sec
0014 and 0020: [10/31], H[5], 0.05sec
0002 and 0021: 17 matches, 0.50sec, #0
0011 and 0021: 29 matches, 0.27sec, #2
0015 and 0021: 1109 matches, 0.29sec, #1
0003 and 0021: 17 matches, 0.41sec, #0
0015 and 0021: [974/1109], H[140], 0.03sec
0011 and 0021: [9/29], H[0], 0.04sec
0016 and 0021: 43 matches, 0.12sec, #1
0016 and 0021: [10/43], H[5], 0.11sec
0004 and 0021: 45 matches, 0.47sec, #0
0004 and 0021: [15/45], H[6], 0.09sec
0012 and 0021: 31 matches, 0.28sec, #2
0012 and 0021: [9/31], H[0], 0.04sec
0017 and 0021: 27 matches, 0.19sec, #1
0004 and 0022: 99 matches, 0.41sec, #0
0017 and 0021: [9/27], H[0], 0.07sec
0004 and 0022: [67/99], H[20], 0.05sec
0013 and 0021: 31 matches, 0.25sec, #2
0013 and 0021: [9/31], H[0], 0.05sec
0018 and 0021: 24 matches, 0.24sec, #1
0005 and 0022: 73 matches, 0.41sec, #0
0005 and 0022: [42/73], H[10], 0.03sec
0014 and 0021: 68 matches, 0.32sec, #2
0014 and 0021: [39/68], H[12], 0.02sec
0019 and 0021: 56 matches, 0.35sec, #1
0006 and 0022: 44 matches, 0.41sec, #0
0019 and 0021: [27/56], H[8], 0.04sec
0006 and 0022: [15/44], H[6], 0.09sec
0014 and 0022: 903 matches, 0.25sec, #2
0014 and 0022: [777/903], H[154], 0.03sec
0020 and 0021: 404 matches, 0.30sec, #1
0015 and 0022: 175 matches, 0.16sec, #2
0020 and 0021: [317/404], H[53], 0.02sec
0015 and 0022: [126/175], H[26], 0.02sec
0007 and 0022: 30 matches, 0.40sec, #0
0007 and 0022: [12/30], H[0], 0.03sec
0000 and 0022: 40 matches, 0.27sec, #1
0016 and 0022: 42 matches, 0.30sec, #2
0000 and 0022: [9/40], H[0], 0.06sec
0016 and 0022: [19/42], H[7], 0.02sec
0008 and 0022: 15 matches, 0.63sec, #0
0017 and 0022: 33 matches, 0.25sec, #2
0001 and 0022: 45 matches, 0.31sec, #1
0017 and 0022: [12/33], H[6], 0.05sec
0009 and 0022: 20 matches, 0.39sec, #0
0001 and 0022: [20/45], H[9], 0.04sec
0018 and 0022: 17 matches, 0.22sec, #2
0002 and 0022: 68 matches, 0.11sec, #1
0002 and 0022: [39/68], H[13], 0.04sec
0010 and 0022: 26 matches, 0.40sec, #0
0010 and 0022: [10/26], H[0], 0.05sec
0019 and 0022: 27 matches, 0.31sec, #2
0003 and 0022: 97 matches, 0.20sec, #1
0019 and 0022: [10/27], H[5], 0.07sec
0003 and 0022: [72/97], H[16], 0.01sec
0011 and 0022: 35 matches, 0.40sec, #0
0011 and 0022: [10/35], H[5], 0.09sec
0020 and 0022: 36 matches, 0.26sec, #2
0002 and 0023: 174 matches, 0.30sec, #1
0020 and 0022: [10/36], H[6], 0.07sec
0012 and 0022: 145 matches, 0.39sec, #0
0002 and 0023: [144/174], H[21], 0.01sec
0012 and 0022: [109/145], H[35], 0.03sec
0021 and 0022: 272 matches, 0.21sec, #2
0003 and 0023: 345 matches, 0.25sec, #1
0021 and 0022: [216/272], H[46], 0.02sec
0003 and 0023: [294/345], H[39], 0.02sec
0013 and 0022: 277 matches, 0.41sec, #0
0013 and 0022: [230/277], H[66], 0.04sec
0000 and 0023: 39 matches, 0.20sec, #2
0004 and 0023: 493 matches, 0.20sec, #1
0000 and 0023: [17/39], H[6], 0.03sec
0004 and 0023: [411/493], H[59], 0.02sec
0012 and 0023: 247 matches, 0.41sec, #0
0012 and 0023: [219/247], H[33], 0.03sec
0001 and 0023: 88 matches, 0.27sec, #2
0001 and 0023: [67/88], H[14], 0.02sec
0005 and 0023: 357 matches, 0.17sec, #1
0005 and 0023: [285/357], H[34], 0.05sec
0013 and 0023: 534 matches, 0.58sec, #0
0022 and 0023: 1872 matches, 0.25sec, #2
0006 and 0023: 162 matches, 0.20sec, #1
0013 and 0023: [494/534], H[69], 0.03sec
0006 and 0023: [112/162], H[14], 0.02sec
0022 and 0023: [1818/1872], H[311], 0.05sec
0014 and 0023: 2161 matches, 0.41sec, #0
0014 and 0023: [2027/2161], H[301], 0.07sec
0007 and 0023: 69 matches, 0.21sec, #1
0007 and 0023: [41/69], H[8], 0.04sec
0000 and 0024: 58 matches, 0.20sec, #2
0015 and 0023: 206 matches, 0.48sec, #0
0008 and 0023: 43 matches, 0.14sec, #1
0000 and 0024: [30/58], H[10], 0.03sec
0015 and 0023: [162/206], H[28], 0.02sec
0008 and 0023: [16/43], H[7], 0.09sec
0001 and 0024: 141 matches, 0.20sec, #2
0016 and 0023: 93 matches, 0.38sec, #0
0001 and 0024: [101/141], H[35], 0.03sec
0016 and 0023: [71/93], H[15], 0.04sec
0009 and 0023: 57 matches, 0.28sec, #1
0002 and 0024: 284 matches, 0.30sec, #2
0009 and 0023: [26/57], H[10], 0.05sec
0002 and 0024: [230/284], H[54], 0.03sec
0010 and 0023: 65 matches, 0.15sec, #1
0017 and 0023: 67 matches, 0.38sec, #0
0010 and 0023: [34/65], H[10], 0.04sec
0017 and 0023: [40/67], H[9], 0.04sec
0003 and 0024: 335 matches, 0.26sec, #2
0003 and 0024: [284/335], H[63], 0.04sec
0011 and 0023: 54 matches, 0.23sec, #1
0004 and 0024: 222 matches, 0.20sec, #2
0018 and 0023: 31 matches, 0.37sec, #0
0011 and 0023: [31/54], H[9], 0.02sec
0004 and 0024: [146/222], H[40], 0.02sec
0018 and 0023: [10/31], H[5], 0.08sec
0009 and 0024: 146 matches, 0.34sec, #1
0009 and 0024: [99/146], H[24], 0.03sec
0005 and 0024: 107 matches, 0.37sec, #2
0005 and 0024: [59/107], H[9], 0.03sec
0019 and 0023: 27 matches, 0.40sec, #0
0019 and 0023: [9/27], H[0], 0.09sec
0006 and 0024: 24 matches, 0.33sec, #2
0010 and 0024: 705 matches, 0.42sec, #1
0007 and 0024: 20 matches, 0.19sec, #2
0010 and 0024: [542/705], H[165], 0.04sec
0020 and 0023: 53 matches, 0.39sec, #0
0020 and 0023: [29/53], H[7], 0.04sec
0008 and 0024: 17 matches, 0.36sec, #2
0011 and 0024: 557 matches, 0.36sec, #1
0019 and 0024: 33 matches, 0.22sec, #2
0011 and 0024: [490/557], H[143], 0.03sec
0021 and 0023: 188 matches, 0.39sec, #0
0019 and 0024: [10/33], H[5], 0.06sec
0021 and 0023: [154/188], H[36], 0.03sec
0012 and 0024: 44 matches, 0.28sec, #1
0020 and 0024: 28 matches, 0.27sec, #2
0012 and 0024: [19/44], H[7], 0.04sec
0020 and 0024: [10/28], H[0], 0.05sec
0005 and 0025: 67 matches, 0.40sec, #0
0005 and 0025: [33/67], H[10], 0.04sec
0013 and 0024: 61 matches, 0.25sec, #1
0021 and 0024: 24 matches, 0.18sec, #2
0013 and 0024: [27/61], H[8], 0.05sec
0006 and 0025: 35 matches, 0.41sec, #0
0006 and 0025: [13/35], H[7], 0.08sec
0022 and 0024: 30 matches, 0.28sec, #2
0014 and 0024: 67 matches, 0.25sec, #1
0022 and 0024: [9/30], H[0], 0.05sec
0014 and 0024: [33/67], H[8], 0.03sec
0007 and 0025: 32 matches, 0.41sec, #0
0007 and 0025: [11/32], H[6], 0.09sec
0023 and 0024: 37 matches, 0.29sec, #2
0015 and 0024: 21 matches, 0.27sec, #1
0023 and 0024: [11/37], H[7], 0.07sec
0008 and 0025: 33 matches, 0.42sec, #0
0008 and 0025: [14/33], H[7], 0.09sec
0016 and 0024: 873 matches, 0.35sec, #1
0016 and 0024: [720/873], H[95], 0.03sec
0000 and 0025: 93 matches, 0.39sec, #2
0000 and 0025: [47/93], H[15], 0.04sec
0017 and 0024: 707 matches, 0.28sec, #1
0009 and 0025: 182 matches, 0.67sec, #0
0017 and 0024: [617/707], H[120], 0.05sec
0009 and 0025: [139/182], H[24], 0.04sec
0001 and 0025: 194 matches, 0.46sec, #2
0018 and 0024: 66 matches, 0.22sec, #1
0001 and 0025: [145/194], H[26], 0.02sec
0018 and 0024: [30/66], H[13], 0.03sec
0010 and 0025: 790 matches, 0.41sec, #0
0010 and 0025: [610/790], H[226], 0.03sec
0002 and 0025: 280 matches, 0.43sec, #2
0002 and 0025: [219/280], H[47], 0.03sec
0015 and 0025: 36 matches, 0.41sec, #1
0011 and 0025: 691 matches, 0.41sec, #0
0015 and 0025: [9/36], H[0], 0.07sec
0011 and 0025: [587/691], H[167], 0.04sec
0016 and 0025: 642 matches, 0.23sec, #1
0003 and 0025: 312 matches, 0.44sec, #2
0016 and 0025: [549/642], H[65], 0.03sec
0003 and 0025: [230/312], H[37], 0.03sec
0012 and 0025: 58 matches, 0.57sec, #0
0012 and 0025: [32/58], H[10], 0.04sec
0017 and 0025: 645 matches, 0.39sec, #1
0017 and 0025: [506/645], H[83], 0.03sec
0004 and 0025: 176 matches, 0.27sec, #2
0013 and 0025: 65 matches, 0.41sec, #0
0013 and 0025: [37/65], H[12], 0.04sec
0004 and 0025: [123/176], H[25], 0.03sec
0018 and 0025: 104 matches, 0.22sec, #1
0018 and 0025: [75/104], H[15], 0.03sec
0014 and 0025: 52 matches, 0.50sec, #0
0000 and 0026: 32 matches, 0.17sec, #2
0014 and 0025: [36/52], H[12], 0.03sec
0000 and 0026: [13/32], H[6], 0.06sec
0019 and 0025: 41 matches, 0.38sec, #1
0019 and 0025: [10/41], H[6], 0.10sec
0010 and 0026: 334 matches, 0.42sec, #0
0010 and 0026: [306/334], H[53], 0.04sec
0001 and 0026: 53 matches, 0.54sec, #2
0020 and 0025: 37 matches, 0.32sec, #1
0001 and 0026: [27/53], H[8], 0.03sec
0020 and 0025: [10/37], H[0], 0.03sec
0011 and 0026: 69 matches, 0.70sec, #0
0002 and 0026: 173 matches, 0.32sec, #2
0011 and 0026: [44/69], H[9], 0.04sec
0002 and 0026: [128/173], H[21], 0.03sec
0021 and 0025: 27 matches, 0.37sec, #1
0012 and 0026: 74 matches, 0.42sec, #0
0012 and 0026: [52/74], H[13], 0.03sec
0021 and 0025: [9/27], H[0], 0.11sec
0003 and 0026: 634 matches, 0.26sec, #2
0003 and 0026: [525/634], H[83], 0.04sec
0022 and 0025: 28 matches, 0.21sec, #1
0013 and 0026: 195 matches, 0.39sec, #0
0013 and 0026: [143/195], H[30], 0.03sec
0022 and 0025: [10/28], H[0], 0.12sec
0004 and 0026: 1131 matches, 0.15sec, #2
0014 and 0026: 535 matches, 0.41sec, #0
0004 and 0026: [1089/1131], H[407], 0.03sec
0014 and 0026: [356/535], H[81], 0.04sec
0023 and 0025: 42 matches, 0.31sec, #1
0005 and 0026: 872 matches, 0.19sec, #2
0023 and 0025: [14/42], H[6], 0.05sec
0005 and 0026: [648/872], H[186], 0.04sec
0015 and 0026: 79 matches, 0.67sec, #0
0015 and 0026: [42/79], H[11], 0.03sec
0006 and 0026: 194 matches, 0.32sec, #2
0024 and 0025: 1747 matches, 0.37sec, #1
0006 and 0026: [123/194], H[29], 0.02sec
0016 and 0026: 369 matches, 0.41sec, #0
0024 and 0025: [1500/1747], H[250], 0.03sec
0016 and 0026: [288/369], H[42], 0.03sec
0007 and 0026: 67 matches, 0.28sec, #2
0020 and 0026: 37 matches, 0.31sec, #1
0007 and 0026: [38/67], H[10], 0.02sec
0020 and 0026: [12/37], H[6], 0.06sec
0017 and 0026: 69 matches, 0.49sec, #0
0017 and 0026: [47/69], H[12], 0.03sec
0008 and 0026: 65 matches, 0.32sec, #2
0021 and 0026: 31 matches, 0.19sec, #1
0008 and 0026: [28/65], H[7], 0.05sec
0018 and 0026: 14 matches, 0.41sec, #0
0021 and 0026: [10/31], H[0], 0.07sec
0009 and 0026: 246 matches, 0.32sec, #2
0022 and 0026: 139 matches, 0.21sec, #1
0019 and 0026: 35 matches, 0.40sec, #0
0009 and 0026: [173/246], H[59], 0.03sec
0022 and 0026: [100/139], H[21], 0.03sec
0019 and 0026: [13/35], H[6], 0.09sec
0004 and 0027: 141 matches, 0.32sec, #2
0023 and 0026: 393 matches, 0.28sec, #1
0004 and 0027: [90/141], H[13], 0.02sec
0023 and 0026: [303/393], H[57], 0.03sec
0014 and 0027: 162 matches, 0.65sec, #0
0005 and 0027: 52 matches, 0.31sec, #2
0014 and 0027: [117/162], H[24], 0.04sec
0024 and 0026: 59 matches, 0.31sec, #1
0005 and 0027: [21/52], H[7], 0.06sec
0024 and 0026: [35/59], H[12], 0.03sec
0015 and 0027: 30 matches, 0.57sec, #0
0015 and 0027: [9/30], H[0], 0.08sec
0006 and 0027: 37 matches, 0.39sec, #2
0025 and 0026: 35 matches, 0.39sec, #1
0006 and 0027: [9/37], H[0], 0.04sec
0025 and 0026: [11/35], H[6], 0.06sec
0016 and 0027: 197 matches, 0.41sec, #0
0016 and 0027: [144/197], H[15], 0.03sec
0007 and 0027: 22 matches, 0.29sec, #2
0000 and 0027: 301 matches, 0.43sec, #1
0008 and 0027: 25 matches, 0.19sec, #2
0017 and 0027: 2006 matches, 0.41sec, #0
0000 and 0027: [215/301], H[30], 0.04sec
0008 and 0027: [9/25], H[0], 0.06sec
0017 and 0027: [1716/2006], H[621], 0.04sec
0001 and 0027: 701 matches, 0.34sec, #1
0009 and 0027: 41 matches, 0.28sec, #2
0001 and 0027: [564/701], H[112], 0.04sec
0018 and 0027: 189 matches, 0.45sec, #0
0009 and 0027: [13/41], H[6], 0.08sec
0018 and 0027: [136/189], H[19], 0.03sec
0002 and 0027: 762 matches, 0.29sec, #1
0010 and 0027: 214 matches, 0.22sec, #2
0002 and 0027: [709/762], H[116], 0.03sec
0010 and 0027: [149/214], H[23], 0.03sec
0019 and 0027: 13 matches, 0.63sec, #0
0011 and 0027: 843 matches, 0.27sec, #2
0003 and 0027: 568 matches, 0.30sec, #1
0011 and 0027: [761/843], H[281], 0.01sec
0003 and 0027: [484/568], H[67], 0.02sec
0020 and 0027: 17 matches, 0.41sec, #0
0012 and 0027: 230 matches, 0.23sec, #2
0024 and 0027: 668 matches, 0.13sec, #1
0012 and 0027: [185/230], H[22], 0.02sec
0024 and 0027: [538/668], H[160], 0.02sec
0021 and 0027: 15 matches, 0.66sec, #0
0013 and 0027: 246 matches, 0.27sec, #2
0013 and 0027: [163/246], H[31], 0.02sec
0025 and 0027: 188 matches, 0.20sec, #1
0025 and 0027: [131/188], H[34], 0.03sec
0022 and 0027: 32 matches, 0.60sec, #0
0026 and 0027: 116 matches, 0.23sec, #1
0007 and 0028: 38 matches, 0.27sec, #2
0026 and 0027: [78/116], H[16], 0.03sec
0022 and 0027: [14/32], H[6], 0.08sec
0007 and 0028: [12/38], H[6], 0.09sec
0000 and 0028: 316 matches, 0.34sec, #1
0008 and 0028: 44 matches, 0.27sec, #2
0000 and 0028: [258/316], H[48], 0.03sec
0008 and 0028: [17/44], H[9], 0.05sec
0023 and 0027: 53 matches, 0.37sec, #0
0023 and 0027: [30/53], H[11], 0.07sec
0001 and 0028: 475 matches, 0.33sec, #1
0001 and 0028: [405/475], H[103], 0.03sec
0009 and 0028: 94 matches, 0.26sec, #2
0017 and 0028: 1447 matches, 0.48sec, #0
0009 and 0028: [65/94], H[11], 0.10sec
0017 and 0028: [1178/1447], H[286], 0.07sec
0002 and 0028: 374 matches, 0.37sec, #1
0010 and 0028: 422 matches, 0.28sec, #2
0002 and 0028: [329/374], H[81], 0.03sec
0010 and 0028: [347/422], H[49], 0.03sec
0018 and 0028: 412 matches, 0.42sec, #0
0003 and 0028: 254 matches, 0.16sec, #1
0003 and 0028: [203/254], H[53], 0.03sec
0018 and 0028: [333/412], H[62], 0.12sec
0011 and 0028: 1146 matches, 0.33sec, #2
0004 and 0028: 106 matches, 0.19sec, #1
0011 and 0028: [1006/1146], H[378], 0.02sec
0004 and 0028: [75/106], H[19], 0.03sec
0019 and 0028: 31 matches, 0.48sec, #0
0012 and 0028: 65 matches, 0.15sec, #2
0019 and 0028: [14/31], H[9], 0.04sec
0012 and 0028: [38/65], H[10], 0.08sec
0013 and 0028: 54 matches, 0.23sec, #2
0005 and 0028: 59 matches, 0.35sec, #1
0013 and 0028: [31/54], H[11], 0.02sec
0020 and 0028: 32 matches, 0.41sec, #0
0005 and 0028: [19/59], H[7], 0.06sec
0020 and 0028: [13/32], H[7], 0.17sec
0014 and 0028: 49 matches, 0.30sec, #2
0006 and 0028: 40 matches, 0.20sec, #1
0014 and 0028: [18/49], H[8], 0.04sec
0006 and 0028: [11/40], H[0], 0.04sec
0021 and 0028: 17 matches, 0.41sec, #0
0015 and 0028: 37 matches, 0.29sec, #2
0027 and 0028: 681 matches, 0.20sec, #1
0027 and 0028: [614/681], H[74], 0.02sec
0015 and 0028: [10/37], H[5], 0.05sec
0000 and 0029: 180 matches, 0.24sec, #1
0000 and 0029: [143/180], H[24], 0.04sec
0022 and 0028: 18 matches, 0.67sec, #0
0016 and 0028: 308 matches, 0.40sec, #2
0001 and 0029: 391 matches, 0.18sec, #1
0023 and 0028: 30 matches, 0.40sec, #0
0016 and 0028: [258/308], H[23], 0.02sec
0001 and 0029: [315/391], H[72], 0.03sec
0023 and 0028: [9/30], H[0], 0.06sec
0009 and 0029: 192 matches, 0.26sec, #2
0002 and 0029: 572 matches, 0.28sec, #1
0009 and 0029: [140/192], H[27], 0.02sec
0024 and 0028: 890 matches, 0.41sec, #0
0002 and 0029: [491/572], H[149], 0.03sec
0024 and 0028: [802/890], H[153], 0.05sec
0010 and 0029: 1090 matches, 0.26sec, #2
0003 and 0029: 603 matches, 0.17sec, #1
0010 and 0029: [867/1090], H[205], 0.04sec
0003 and 0029: [539/603], H[140], 0.04sec
0025 and 0028: 1153 matches, 0.41sec, #0
0025 and 0028: [1026/1153], H[159], 0.05sec
0011 and 0029: 1220 matches, 0.27sec, #2
0004 and 0029: 315 matches, 0.23sec, #1
0011 and 0029: [1109/1220], H[357], 0.03sec
0004 and 0029: [242/315], H[61], 0.03sec
0026 and 0028: 39 matches, 0.42sec, #0
0026 and 0028: [13/39], H[6], 0.09sec
0012 and 0029: 92 matches, 0.27sec, #2
0012 and 0029: [67/92], H[23], 0.03sec
0005 and 0029: 111 matches, 0.33sec, #1
0013 and 0029: 121 matches, 0.15sec, #2
0019 and 0029: 22 matches, 0.40sec, #0
0005 and 0029: [70/111], H[21], 0.02sec
0013 and 0029: [88/121], H[28], 0.01sec
0006 and 0029: 48 matches, 0.12sec, #1
0020 and 0029: 20 matches, 0.40sec, #0
0006 and 0029: [20/48], H[9], 0.09sec
0014 and 0029: 106 matches, 0.14sec, #2
0014 and 0029: [77/106], H[21], 0.03sec
0021 and 0029: 18 matches, 0.61sec, #0
0007 and 0029: 22 matches, 0.26sec, #1
0015 and 0029: 30 matches, 0.23sec, #2
0008 and 0029: 28 matches, 0.12sec, #1
0015 and 0029: [11/30], H[6], 0.05sec
0008 and 0029: [13/28], H[7], 0.05sec
0022 and 0029: 31 matches, 0.66sec, #0
0016 and 0029: 783 matches, 0.28sec, #2
0016 and 0029: [516/783], H[101], 0.04sec
0022 and 0029: [11/31], H[6], 0.10sec
0000 and 0030: 1031 matches, 0.36sec, #1
0017 and 0029: 1342 matches, 0.20sec, #2
0000 and 0030: [927/1031], H[344], 0.01sec
0023 and 0029: 54 matches, 0.38sec, #0
0017 and 0029: [958/1342], H[239], 0.04sec
0023 and 0029: [25/54], H[10], 0.04sec
0018 and 0029: 211 matches, 0.20sec, #2
0001 and 0030: 560 matches, 0.36sec, #1
0018 and 0029: [158/211], H[49], 0.03sec
0001 and 0030: [459/560], H[78], 0.03sec
0024 and 0029: 2217 matches, 0.64sec, #0
0002 and 0030: 130 matches, 0.34sec, #1
0024 and 0029: [1842/2217], H[535], 0.07sec
0002 and 0030: [102/130], H[17], 0.02sec
0010 and 0030: 41 matches, 0.38sec, #2
0025 and 0029: 2436 matches, 0.41sec, #0
0010 and 0030: [13/41], H[5], 0.09sec
0025 and 0029: [2128/2436], H[749], 0.10sec
0003 and 0030: 53 matches, 0.31sec, #1
0003 and 0030: [28/53], H[8], 0.03sec
0011 and 0030: 188 matches, 0.25sec, #2
0011 and 0030: [138/188], H[19], 0.03sec
0026 and 0029: 22 matches, 0.42sec, #0
0004 and 0030: 25 matches, 0.28sec, #1
0012 and 0030: 176 matches, 0.23sec, #2
0012 and 0030: [140/176], H[18], 0.02sec
0004 and 0030: [10/25], H[5], 0.06sec
0027 and 0029: 348 matches, 0.41sec, #0
0027 and 0029: [305/348], H[89], 0.03sec
0013 and 0030: 63 matches, 0.18sec, #2
0013 and 0030: [35/63], H[8], 0.04sec
0005 and 0030: 36 matches, 0.23sec, #1
0028 and 0029: 1845 matches, 0.41sec, #0
0028 and 0029: [1456/1845], H[302], 0.07sec
0005 and 0030: [10/36], H[5], 0.14sec
0014 and 0030: 37 matches, 0.37sec, #2
0006 and 0030: 17 matches, 0.25sec, #1
0014 and 0030: [10/37], H[6], 0.07sec
0020 and 0030: 21 matches, 0.63sec, #0
0007 and 0030: 12 matches, 0.33sec, #1
0015 and 0030: 31 matches, 0.36sec, #2
0021 and 0030: 25 matches, 0.42sec, #0
0015 and 0030: [9/31], H[0], 0.06sec
0021 and 0030: [9/25], H[0], 0.07sec
0008 and 0030: 26 matches, 0.28sec, #1
0008 and 0030: [9/26], H[0], 0.07sec
0016 and 0030: 39 matches, 0.22sec, #2
0022 and 0030: 17 matches, 0.41sec, #0
0016 and 0030: [10/39], H[5], 0.09sec
0009 and 0030: 24 matches, 0.21sec, #1
0023 and 0030: 20 matches, 0.41sec, #0
0017 and 0030: 287 matches, 0.19sec, #2
0000 and 0031: 179 matches, 0.22sec, #1
0017 and 0030: [235/287], H[31], 0.02sec
0000 and 0031: [142/179], H[45], 0.03sec
0024 and 0030: 55 matches, 0.81sec, #0
0018 and 0030: 2340 matches, 0.41sec, #2
0001 and 0031: 419 matches, 0.41sec, #1
0024 and 0030: [27/55], H[9], 0.04sec
0018 and 0030: [2201/2340], H[698], 0.05sec
0001 and 0031: [341/419], H[61], 0.03sec
0025 and 0030: 71 matches, 0.72sec, #0
0025 and 0030: [40/71], H[13], 0.04sec
0019 and 0030: 19 matches, 0.42sec, #2
0002 and 0031: 896 matches, 0.45sec, #1
0026 and 0030: 23 matches, 0.42sec, #0
0002 and 0031: [838/896], H[110], 0.04sec
0010 and 0031: 1958 matches, 0.20sec, #2
0027 and 0030: 164 matches, 0.42sec, #0
0027 and 0030: [121/164], H[27], 0.04sec
0010 and 0031: [1512/1958], H[332], 0.07sec
0003 and 0031: 1957 matches, 0.39sec, #1
0011 and 0031: 564 matches, 0.35sec, #2
0003 and 0031: [1860/1957], H[299], 0.05sec
0011 and 0031: [508/564], H[74], 0.02sec
0028 and 0030: 246 matches, 0.41sec, #0
0028 and 0030: [201/246], H[33], 0.05sec
0012 and 0031: 167 matches, 0.32sec, #2
0004 and 0031: 3453 matches, 0.39sec, #1
0012 and 0031: [137/167], H[32], 0.02sec
0004 and 0031: [3398/3453], H[759], 0.07sec
0029 and 0030: 97 matches, 0.43sec, #0
0029 and 0030: [59/97], H[12], 0.03sec
0013 and 0031: 266 matches, 0.26sec, #2
0013 and 0031: [208/266], H[39], 0.04sec
0005 and 0031: 1436 matches, 0.25sec, #1
0005 and 0031: [1268/1436], H[188], 0.06sec
0020 and 0031: 32 matches, 0.41sec, #0
0020 and 0031: [11/32], H[5], 0.10sec
0014 and 0031: 362 matches, 0.45sec, #2
0014 and 0031: [300/362], H[50], 0.03sec
0006 and 0031: 405 matches, 0.30sec, #1
0006 and 0031: [355/405], H[55], 0.03sec
0021 and 0031: 33 matches, 0.79sec, #0
0015 and 0031: 112 matches, 0.47sec, #2
0015 and 0031: [69/112], H[18], 0.03sec
0007 and 0031: 116 matches, 0.45sec, #1
0021 and 0031: [9/33], H[5], 0.09sec
0007 and 0031: [78/116], H[16], 0.04sec
0016 and 0031: 1169 matches, 0.25sec, #2
0022 and 0031: 50 matches, 0.40sec, #0
0022 and 0031: [20/50], H[7], 0.10sec
0016 and 0031: [1095/1169], H[320], 0.11sec
0008 and 0031: 135 matches, 0.41sec, #1
0017 and 0031: 333 matches, 0.25sec, #2
0023 and 0031: 170 matches, 0.37sec, #0
0008 and 0031: [92/135], H[16], 0.03sec
0017 and 0031: [246/333], H[47], 0.03sec
0023 and 0031: [128/170], H[28], 0.03sec
0009 and 0031: 749 matches, 0.45sec, #1
0018 and 0031: 62 matches, 0.35sec, #2
0009 and 0031: [560/749], H[69], 0.03sec
0018 and 0031: [28/62], H[9], 0.02sec
0024 and 0031: 235 matches, 0.87sec, #0
0030 and 0031: 42 matches, 0.49sec, #1
0024 and 0031: [211/235], H[56], 0.03sec
0019 and 0031: 65 matches, 0.42sec, #2
0030 and 0031: [11/42], H[6], 0.07sec
0019 and 0031: [27/65], H[7], 0.05sec
0025 and 0031: 252 matches, 0.49sec, #0
0025 and 0031: [189/252], H[47], 0.03sec
0000 and 0032: 1270 matches, 0.24sec, #1
0000 and 0032: [1025/1270], H[150], 0.06sec
0009 and 0032: 118 matches, 0.25sec, #2
0009 and 0032: [73/118], H[19], 0.03sec
0026 and 0031: 764 matches, 0.41sec, #0
0026 and 0031: [656/764], H[227], 0.03sec
0001 and 0032: 2133 matches, 0.47sec, #1
0010 and 0032: 587 matches, 0.39sec, #2
0010 and 0032: [424/587], H[102], 0.03sec
0001 and 0032: [1832/2133], H[368], 0.06sec
0027 and 0031: 157 matches, 0.42sec, #0
0027 and 0031: [104/157], H[22], 0.04sec
0011 and 0032: 3302 matches, 0.44sec, #2
0002 and 0032: 1867 matches, 0.46sec, #1
0011 and 0032: [3120/3302], H[795], 0.08sec
0028 and 0031: 129 matches, 0.41sec, #0
0002 and 0032: [1753/1867], H[253], 0.06sec
0028 and 0031: [97/129], H[22], 0.03sec
0003 and 0032: 901 matches, 0.32sec, #1
0012 and 0032: 407 matches, 0.38sec, #2
0029 and 0031: 371 matches, 0.39sec, #0
0003 and 0032: [809/901], H[108], 0.04sec
0012 and 0032: [350/407], H[54], 0.03sec
0029 and 0031: [266/371], H[79], 0.03sec
0004 and 0032: 342 matches, 0.34sec, #1
0013 and 0032: 227 matches, 0.22sec, #2
0019 and 0032: 20 matches, 0.41sec, #0
0004 and 0032: [286/342], H[58], 0.03sec
0013 and 0032: [182/227], H[41], 0.03sec
0020 and 0032: 24 matches, 0.80sec, #0
0014 and 0032: 135 matches, 0.40sec, #2
0005 and 0032: 148 matches, 0.43sec, #1
0014 and 0032: [81/135], H[25], 0.02sec
0005 and 0032: [93/148], H[31], 0.03sec
0021 and 0032: 23 matches, 0.41sec, #0
0015 and 0032: 28 matches, 0.44sec, #2
0006 and 0032: 66 matches, 0.25sec, #1
0006 and 0032: [26/66], H[10], 0.04sec
0015 and 0032: [10/28], H[5], 0.07sec
0022 and 0032: 26 matches, 0.41sec, #0
0007 and 0032: 41 matches, 0.48sec, #1
0016 and 0032: 144 matches, 0.28sec, #2
0007 and 0032: [9/41], H[0], 0.06sec
0016 and 0032: [81/144], H[13], 0.03sec
0023 and 0032: 61 matches, 0.76sec, #0
0023 and 0032: [38/61], H[12], 0.03sec
0008 and 0032: 36 matches, 0.47sec, #1
0017 and 0032: 1312 matches, 0.47sec, #2
0008 and 0032: [13/36], H[9], 0.04sec
0024 and 0032: 196 matches, 0.42sec, #0
0017 and 0032: [1076/1312], H[246], 0.05sec
0024 and 0032: [161/196], H[46], 0.05sec
0029 and 0032: 612 matches, 0.28sec, #1
0029 and 0032: [563/612], H[138], 0.05sec
0018 and 0032: 522 matches, 0.24sec, #2
0025 and 0032: 323 matches, 0.41sec, #0
0018 and 0032: [379/522], H[50], 0.04sec
0025 and 0032: [256/323], H[66], 0.04sec
0030 and 0032: 229 matches, 0.45sec, #1
0007 and 0033: 957 matches, 0.23sec, #2
0030 and 0032: [156/229], H[34], 0.01sec
0007 and 0033: [757/957], H[331], 0.01sec
0026 and 0032: 35 matches, 0.48sec, #0
0026 and 0032: [20/35], H[7], 0.03sec
0008 and 0033: 2588 matches, 0.41sec, #2
0031 and 0032: 717 matches, 0.48sec, #1
0008 and 0033: [2320/2588], H[603], 0.06sec
0031 and 0032: [550/717], H[102], 0.04sec
0027 and 0032: 450 matches, 0.41sec, #0
0027 and 0032: [375/450], H[130], 0.02sec
0009 and 0033: 1266 matches, 0.30sec, #2
0000 and 0033: 32 matches, 0.19sec, #1
0009 and 0033: [1042/1266], H[149], 0.05sec
0028 and 0032: 453 matches, 0.43sec, #0
0028 and 0032: [411/453], H[138], 0.02sec
0000 and 0033: [9/32], H[0], 0.06sec
0001 and 0033: 39 matches, 0.31sec, #1
0010 and 0033: 156 matches, 0.38sec, #2
0001 and 0033: [11/39], H[0], 0.05sec
0010 and 0033: [99/156], H[13], 0.02sec
0017 and 0033: 33 matches, 0.41sec, #0
0017 and 0033: [12/33], H[6], 0.09sec
0002 and 0033: 41 matches, 0.31sec, #1
0011 and 0033: 39 matches, 0.25sec, #2
0002 and 0033: [17/41], H[7], 0.04sec
0011 and 0033: [19/39], H[6], 0.03sec
0018 and 0033: 19 matches, 0.63sec, #0
0003 and 0033: 70 matches, 0.31sec, #1
0012 and 0033: 27 matches, 0.29sec, #2
0003 and 0033: [35/70], H[7], 0.02sec
0012 and 0033: [9/27], H[5], 0.05sec
0019 and 0033: 719 matches, 0.57sec, #0
0019 and 0033: [628/719], H[84], 0.04sec
0004 and 0033: 219 matches, 0.29sec, #1
0004 and 0033: [164/219], H[23], 0.02sec
0013 and 0033: 27 matches, 0.18sec, #2
0020 and 0033: 169 matches, 0.45sec, #0
0020 and 0033: [113/169], H[19], 0.03sec
0013 and 0033: [9/27], H[5], 0.15sec
0005 and 0033: 578 matches, 0.30sec, #1
0005 and 0033: [468/578], H[54], 0.03sec
0014 and 0033: 33 matches, 0.20sec, #2
0021 and 0033: 30 matches, 0.41sec, #0
0014 and 0033: [10/33], H[0], 0.07sec
0021 and 0033: [11/30], H[0], 0.07sec
0006 and 0033: 1284 matches, 0.37sec, #1
0006 and 0033: [1098/1284], H[329], 0.04sec
0015 and 0033: 190 matches, 0.26sec, #2
0015 and 0033: [142/190], H[32], 0.03sec
0022 and 0033: 19 matches, 0.41sec, #0
0027 and 0033: 18 matches, 0.28sec, #1
0016 and 0033: 156 matches, 0.26sec, #2
0023 and 0033: 31 matches, 0.39sec, #0
0016 and 0033: [101/156], H[19], 0.04sec
0023 and 0033: [12/31], H[5], 0.11sec
0028 and 0033: 38 matches, 0.38sec, #1
0004 and 0034: 13 matches, 0.25sec, #2
0028 and 0033: [15/38], H[7], 0.09sec
0005 and 0034: 34 matches, 0.24sec, #2
0024 and 0033: 24 matches, 0.41sec, #0
0005 and 0034: [9/34], H[0], 0.08sec
0029 and 0033: 35 matches, 0.35sec, #1
0006 and 0034: 23 matches, 0.29sec, #2
0025 and 0033: 31 matches, 0.41sec, #0
0025 and 0033: [15/31], H[7], 0.05sec
0029 and 0033: [18/35], H[7], 0.13sec
0007 and 0034: 17 matches, 0.41sec, #2
0030 and 0033: 18 matches, 0.43sec, #1
0008 and 0034: 25 matches, 0.27sec, #2
0026 and 0033: 37 matches, 0.40sec, #0
0031 and 0033: 237 matches, 0.27sec, #1
0026 and 0033: [19/37], H[7], 0.04sec
0008 and 0034: [9/25], H[0], 0.07sec
0031 and 0033: [182/237], H[20], 0.04sec
0014 and 0034: 13 matches, 0.71sec, #0
0009 and 0034: 19 matches, 0.38sec, #2
0032 and 0033: 70 matches, 0.41sec, #1
0015 and 0034: 13 matches, 0.42sec, #0
0032 and 0033: [33/70], H[6], 0.12sec
0010 and 0034: 26 matches, 0.16sec, #2
0016 and 0034: 21 matches, 0.42sec, #0
0010 and 0034: [10/26], H[5], 0.14sec
0000 and 0034: 276 matches, 0.17sec, #1
0000 and 0034: [218/276], H[46], 0.03sec
0017 and 0034: 30 matches, 0.49sec, #0
0017 and 0034: [13/30], H[6], 0.05sec
0011 and 0034: 65 matches, 0.32sec, #2
0011 and 0034: [40/65], H[10], 0.03sec
0001 and 0034: 134 matches, 0.22sec, #1
0018 and 0034: 224 matches, 0.42sec, #0
0001 and 0034: [100/134], H[23], 0.03sec
0018 and 0034: [159/224], H[42], 0.03sec
0012 and 0034: 53 matches, 0.28sec, #2
0012 and 0034: [33/53], H[10], 0.02sec
0002 and 0034: 59 matches, 0.20sec, #1
0002 and 0034: [33/59], H[12], 0.04sec
0019 and 0034: 13 matches, 0.44sec, #0
0013 and 0034: 30 matches, 0.27sec, #2
0003 and 0034: 35 matches, 0.23sec, #1
0020 and 0034: 17 matches, 0.41sec, #0
0013 and 0034: [10/30], H[6], 0.06sec
0003 and 0034: [12/35], H[5], 0.06sec
0021 and 0034: 22 matches, 0.67sec, #0
0024 and 0034: 26 matches, 0.32sec, #2
0000 and 0035: 1503 matches, 0.23sec, #1
0022 and 0034: 17 matches, 0.41sec, #0
0024 and 0034: [9/26], H[5], 0.05sec
0000 and 0035: [1245/1503], H[246], 0.05sec
0025 and 0034: 34 matches, 0.18sec, #2
0023 and 0034: 16 matches, 0.37sec, #0
0025 and 0034: [10/34], H[5], 0.09sec
0001 and 0035: 567 matches, 0.22sec, #1
0010 and 0035: 55 matches, 0.40sec, #0
0010 and 0035: [34/55], H[20], 0.01sec
0001 and 0035: [479/567], H[84], 0.04sec
0002 and 0035: 154 matches, 0.18sec, #1
0026 and 0034: 24 matches, 0.35sec, #2
0002 and 0035: [130/154], H[29], 0.02sec
0027 and 0034: 19 matches, 0.18sec, #2
0011 and 0035: 227 matches, 0.41sec, #0
0011 and 0035: [199/227], H[33], 0.03sec
0003 and 0035: 90 matches, 0.36sec, #1
0028 and 0034: 25 matches, 0.37sec, #2
0003 and 0035: [56/90], H[20], 0.03sec
0028 and 0034: [10/25], H[5], 0.03sec
0012 and 0035: 139 matches, 0.68sec, #0
0012 and 0035: [115/139], H[18], 0.03sec
0004 and 0035: 36 matches, 0.36sec, #1
0029 and 0034: 22 matches, 0.34sec, #2
0013 and 0035: 46 matches, 0.42sec, #0
0013 and 0035: [24/46], H[8], 0.08sec
0004 and 0035: [14/36], H[5], 0.11sec
0030 and 0034: 233 matches, 0.28sec, #2
0030 and 0034: [198/233], H[35], 0.04sec
0005 and 0035: 31 matches, 0.43sec, #1
0031 and 0034: 22 matches, 0.30sec, #2
0014 and 0035: 26 matches, 0.41sec, #0
0005 and 0035: [11/31], H[5], 0.10sec
0014 and 0035: [10/26], H[5], 0.11sec
0006 and 0035: 20 matches, 0.26sec, #1
0032 and 0034: 73 matches, 0.51sec, #2
0007 and 0035: 22 matches, 0.25sec, #1
0015 and 0035: 19 matches, 0.41sec, #0
0032 and 0034: [44/73], H[13], 0.03sec
0008 and 0035: 22 matches, 0.18sec, #1
0016 and 0035: 14 matches, 0.40sec, #0
0033 and 0034: 23 matches, 0.33sec, #2
0009 and 0035: 25 matches, 0.36sec, #1
0017 and 0035: 116 matches, 0.40sec, #0
0017 and 0035: [90/116], H[21], 0.04sec
0009 and 0035: [11/25], H[6], 0.12sec
0020 and 0035: 23 matches, 0.44sec, #2
0030 and 0035: 1111 matches, 0.26sec, #1
0030 and 0035: [940/1111], H[216], 0.05sec
0018 and 0035: 1182 matches, 0.41sec, #0
0018 and 0035: [1076/1182], H[252], 0.05sec
0021 and 0035: 18 matches, 0.40sec, #2
0031 and 0035: 47 matches, 0.38sec, #1
0022 and 0035: 20 matches, 0.21sec, #2
0031 and 0035: [19/47], H[10], 0.05sec
0019 and 0035: 13 matches, 0.41sec, #0
0023 and 0035: 23 matches, 0.20sec, #2
0032 and 0035: 243 matches, 0.26sec, #1
0032 and 0035: [169/243], H[37], 0.04sec
0005 and 0036: 59 matches, 0.42sec, #0
0005 and 0036: [28/59], H[11], 0.08sec
0024 and 0035: 23 matches, 0.40sec, #2
0033 and 0035: 15 matches, 0.59sec, #1
0025 and 0035: 37 matches, 0.27sec, #2
0006 and 0036: 25 matches, 0.42sec, #0
0025 and 0035: [11/37], H[0], 0.15sec
0006 and 0036: [10/25], H[5], 0.11sec
0034 and 0035: 1824 matches, 0.40sec, #1
0026 and 0035: 17 matches, 0.30sec, #2
0034 and 0035: [1653/1824], H[342], 0.06sec
0007 and 0036: 18 matches, 0.41sec, #0
0000 and 0036: 5378 matches, 0.28sec, #1
0027 and 0035: 55 matches, 0.31sec, #2
0008 and 0036: 27 matches, 0.40sec, #0
0000 and 0036: [5287/5378], H[2503], 0.04sec
0027 and 0035: [23/55], H[6], 0.04sec
0008 and 0036: [10/27], H[5], 0.07sec
0028 and 0035: 74 matches, 0.37sec, #2
0001 and 0036: 3440 matches, 0.38sec, #1
0028 and 0035: [46/74], H[11], 0.02sec
0009 and 0036: 37 matches, 0.42sec, #0
0001 and 0036: [3319/3440], H[864], 0.10sec
0009 and 0036: [23/37], H[7], 0.03sec
0029 and 0035: 64 matches, 0.28sec, #2
0002 and 0036: 1283 matches, 0.17sec, #1
0029 and 0035: [34/64], H[13], 0.03sec
0010 and 0036: 189 matches, 0.41sec, #0
0010 and 0036: [163/189], H[34], 0.03sec
0002 and 0036: [1224/1283], H[171], 0.14sec
0015 and 0036: 20 matches, 0.36sec, #2
0003 and 0036: 514 matches, 0.20sec, #1
0016 and 0036: 57 matches, 0.18sec, #2
0016 and 0036: [32/57], H[7], 0.02sec
0003 and 0036: [434/514], H[100], 0.02sec
0011 and 0036: 1076 matches, 0.41sec, #0
0011 and 0036: [1023/1076], H[119], 0.05sec
0017 and 0036: 968 matches, 0.29sec, #2
0017 and 0036: [817/968], H[135], 0.04sec
0004 and 0036: 164 matches, 0.20sec, #1
0004 and 0036: [111/164], H[37], 0.03sec
0012 and 0036: 874 matches, 0.41sec, #0
0012 and 0036: [665/874], H[121], 0.04sec
0018 and 0036: 1838 matches, 0.42sec, #2
0025 and 0036: 119 matches, 0.27sec, #1
0018 and 0036: [1500/1838], H[424], 0.05sec
0013 and 0036: 382 matches, 0.42sec, #0
0025 and 0036: [82/119], H[23], 0.02sec
0013 and 0036: [347/382], H[63], 0.03sec
0026 and 0036: 38 matches, 0.35sec, #1
0019 and 0036: 25 matches, 0.39sec, #2
0026 and 0036: [13/38], H[6], 0.06sec
0014 and 0036: 128 matches, 0.44sec, #0
0019 and 0036: [9/25], H[0], 0.07sec
0014 and 0036: [100/128], H[26], 0.03sec
0027 and 0036: 408 matches, 0.29sec, #1
0027 and 0036: [307/408], H[38], 0.02sec
0020 and 0036: 17 matches, 0.22sec, #2
0035 and 0036: 1183 matches, 0.68sec, #0
0021 and 0036: 28 matches, 0.31sec, #2
0035 and 0036: [1073/1183], H[156], 0.05sec
0028 and 0036: 373 matches, 0.36sec, #1
0021 and 0036: [9/28], H[0], 0.05sec
0000 and 0037: 672 matches, 0.40sec, #0
0028 and 0036: [323/373], H[67], 0.02sec
0000 and 0037: [550/672], H[99], 0.04sec
0022 and 0036: 34 matches, 0.24sec, #2
0029 and 0036: 231 matches, 0.26sec, #1
0022 and 0036: [13/34], H[7], 0.06sec
0029 and 0036: [177/231], H[33], 0.03sec
0001 and 0037: 1411 matches, 0.41sec, #0
0001 and 0037: [1261/1411], H[238], 0.09sec
0023 and 0036: 54 matches, 0.30sec, #2
0030 and 0036: 974 matches, 0.30sec, #1
0030 and 0036: [842/974], H[260], 0.02sec
0023 and 0036: [26/54], H[7], 0.03sec
0002 and 0037: 2836 matches, 0.43sec, #0
0002 and 0037: [2732/2836], H[620], 0.09sec
0031 and 0036: 211 matches, 0.36sec, #1
0031 and 0036: [173/211], H[33], 0.02sec
0024 and 0036: 72 matches, 0.27sec, #2
0024 and 0036: [47/72], H[16], 0.03sec
0003 and 0037: 2265 matches, 0.42sec, #0
0003 and 0037: [2110/2265], H[412], 0.09sec
0009 and 0037: 216 matches, 0.36sec, #2
0032 and 0036: 1467 matches, 0.40sec, #1
0009 and 0037: [165/216], H[22], 0.02sec
0032 and 0036: [1201/1467], H[186], 0.04sec
0004 and 0037: 785 matches, 0.41sec, #0
0004 and 0037: [739/785], H[93], 0.04sec
0033 and 0036: 23 matches, 0.30sec, #1
0010 and 0037: 1416 matches, 0.31sec, #2
0010 and 0037: [1245/1416], H[135], 0.06sec
0005 and 0037: 214 matches, 0.41sec, #0
0005 and 0037: [183/214], H[27], 0.03sec
0034 and 0036: 274 matches, 0.34sec, #1
0034 and 0036: [206/274], H[38], 0.03sec
0011 and 0037: 3012 matches, 0.27sec, #2
0006 and 0037: 86 matches, 0.42sec, #0
0006 and 0037: [47/86], H[8], 0.04sec
0011 and 0037: [2714/3012], H[683], 0.09sec
0019 and 0037: 38 matches, 0.36sec, #1
0012 and 0037: 455 matches, 0.21sec, #2
0019 and 0037: [10/38], H[7], 0.07sec
0007 and 0037: 37 matches, 0.42sec, #0
0012 and 0037: [383/455], H[101], 0.03sec
0007 and 0037: [10/37], H[6], 0.09sec
0020 and 0037: 27 matches, 0.29sec, #1
0013 and 0037: 442 matches, 0.18sec, #2
0020 and 0037: [9/27], H[0], 0.05sec
0013 and 0037: [400/442], H[87], 0.03sec
0008 and 0037: 43 matches, 0.42sec, #0
0008 and 0037: [16/43], H[7], 0.07sec
0021 and 0037: 24 matches, 0.27sec, #1
0014 and 0037: 307 matches, 0.16sec, #2
0022 and 0037: 31 matches, 0.14sec, #1
0014 and 0037: [257/307], H[48], 0.02sec
0022 and 0037: [14/31], H[7], 0.03sec
0029 and 0037: 807 matches, 0.68sec, #0
0015 and 0037: 35 matches, 0.33sec, #2
0023 and 0037: 108 matches, 0.18sec, #1
0029 and 0037: [746/807], H[283], 0.03sec
0023 and 0037: [81/108], H[19], 0.03sec
0015 and 0037: [12/35], H[7], 0.08sec
0030 and 0037: 91 matches, 0.63sec, #0
0024 and 0037: 444 matches, 0.31sec, #1
0030 and 0037: [49/91], H[9], 0.03sec
0024 and 0037: [383/444], H[133], 0.02sec
0016 and 0037: 398 matches, 0.45sec, #2
0025 and 0037: 562 matches, 0.21sec, #1
0031 and 0037: 1115 matches, 0.39sec, #0
0016 and 0037: [305/398], H[36], 0.03sec
0025 and 0037: [431/562], H[126], 0.03sec
0031 and 0037: [1068/1115], H[190], 0.04sec
0017 and 0037: 1315 matches, 0.32sec, #2
0026 and 0037: 207 matches, 0.20sec, #1
0017 and 0037: [1025/1315], H[216], 0.04sec
0026 and 0037: [148/207], H[39], 0.02sec
0032 and 0037: 1807 matches, 0.41sec, #0
0032 and 0037: [1657/1807], H[338], 0.06sec
0018 and 0037: 275 matches, 0.29sec, #2
0018 and 0037: [204/275], H[34], 0.02sec
0027 and 0037: 805 matches, 0.21sec, #1
0027 and 0037: [751/805], H[166], 0.04sec
0033 and 0037: 45 matches, 0.67sec, #0
0033 and 0037: [32/45], H[7], 0.02sec
0028 and 0037: 568 matches, 0.29sec, #1
0028 and 0037: [485/568], H[167], 0.02sec
0002 and 0038: 21 matches, 0.38sec, #2
0034 and 0037: 38 matches, 0.42sec, #0
0034 and 0037: [23/38], H[12], 0.02sec
0012 and 0038: 26 matches, 0.37sec, #1
0003 and 0038: 29 matches, 0.40sec, #2
0012 and 0038: [9/26], H[0], 0.05sec
0035 and 0037: 129 matches, 0.41sec, #0
0003 and 0038: [10/29], H[5], 0.09sec
0035 and 0037: [91/129], H[28], 0.03sec
0013 and 0038: 18 matches, 0.36sec, #1
0004 and 0038: 29 matches, 0.51sec, #2
0014 and 0038: 21 matches, 0.27sec, #1
0004 and 0038: [10/29], H[5], 0.08sec
0036 and 0037: 862 matches, 0.41sec, #0
0036 and 0037: [750/862], H[129], 0.05sec
0015 and 0038: 262 matches, 0.52sec, #1
0015 and 0038: [227/262], H[55], 0.03sec
0005 and 0038: 70 matches, 0.53sec, #2
0005 and 0038: [45/70], H[11], 0.03sec
0000 and 0038: 24 matches, 0.81sec, #0
0016 and 0038: 32 matches, 0.47sec, #1
0006 and 0038: 243 matches, 0.47sec, #2
0001 and 0038: 20 matches, 0.41sec, #0
0006 and 0038: [187/243], H[44], 0.02sec
0016 and 0038: [10/32], H[0], 0.04sec
0022 and 0038: 16 matches, 0.59sec, #0
0007 and 0038: 710 matches, 0.22sec, #2
0017 and 0038: 34 matches, 0.19sec, #1
0007 and 0038: [630/710], H[104], 0.02sec
0017 and 0038: [9/34], H[0], 0.05sec
0023 and 0038: 16 matches, 0.80sec, #0
0008 and 0038: 485 matches, 0.46sec, #2
0018 and 0038: 29 matches, 0.43sec, #1
0008 and 0038: [451/485], H[55], 0.03sec
0018 and 0038: [10/29], H[0], 0.06sec
0024 and 0038: 19 matches, 0.84sec, #0
0009 and 0038: 54 matches, 0.50sec, #2
0009 and 0038: [31/54], H[8], 0.03sec
0019 and 0038: 1488 matches, 0.34sec, #1
0019 and 0038: [1362/1488], H[332], 0.06sec
0025 and 0038: 20 matches, 0.78sec, #0
0010 and 0038: 24 matches, 0.44sec, #2
0020 and 0038: 1359 matches, 0.32sec, #1
0011 and 0038: 32 matches, 0.27sec, #2
0020 and 0038: [1244/1359], H[233], 0.04sec
0011 and 0038: [10/32], H[0], 0.05sec
0026 and 0038: 22 matches, 0.42sec, #0
0021 and 0038: 96 matches, 0.20sec, #1
0021 and 0038: [58/96], H[9], 0.04sec
0027 and 0038: 19 matches, 0.44sec, #0
0032 and 0038: 31 matches, 0.33sec, #2
0004 and 0039: 264 matches, 0.20sec, #1
0004 and 0039: [218/264], H[30], 0.02sec
0032 and 0038: [9/31], H[0], 0.04sec
0028 and 0038: 20 matches, 0.74sec, #0
0005 and 0039: 1158 matches, 0.48sec, #1
0033 and 0038: 187 matches, 0.47sec, #2
0029 and 0038: 18 matches, 0.41sec, #0
0005 and 0039: [1065/1158], H[137], 0.03sec
0033 and 0038: [125/187], H[15], 0.02sec
0006 and 0039: 3206 matches, 0.16sec, #1
0030 and 0038: 27 matches, 0.41sec, #0
0030 and 0038: [9/27], H[0], 0.07sec
0006 and 0039: [3057/3206], H[620], 0.14sec
0034 and 0038: 26 matches, 0.47sec, #2
0007 and 0039: 3633 matches, 0.31sec, #1
0034 and 0038: [9/26], H[0], 0.03sec
0031 and 0038: 24 matches, 0.41sec, #0
0007 and 0039: [3250/3633], H[1362], 0.04sec
0035 and 0038: 23 matches, 0.21sec, #2
0014 and 0039: 47 matches, 0.40sec, #0
0014 and 0039: [20/47], H[6], 0.05sec
0008 and 0039: 1845 matches, 0.40sec, #1
0036 and 0038: 25 matches, 0.44sec, #2
0008 and 0039: [1559/1845], H[227], 0.06sec
0036 and 0038: [9/25], H[0], 0.05sec
0015 and 0039: 1194 matches, 0.68sec, #0
0009 and 0039: 520 matches, 0.35sec, #1
0015 and 0039: [997/1194], H[138], 0.06sec
0009 and 0039: [454/520], H[68], 0.05sec
0037 and 0038: 23 matches, 0.52sec, #2
0010 and 0039: 101 matches, 0.23sec, #1
0016 and 0039: 123 matches, 0.39sec, #0
0010 and 0039: [66/101], H[12], 0.03sec
0016 and 0039: [77/123], H[17], 0.03sec
0000 and 0039: 28 matches, 0.34sec, #2
0011 and 0039: 33 matches, 0.21sec, #1
0000 and 0039: [10/28], H[0], 0.05sec
0017 and 0039: 27 matches, 0.43sec, #0
0011 and 0039: [10/33], H[6], 0.07sec
0017 and 0039: [12/27], H[6], 0.10sec
0001 and 0039: 31 matches, 0.34sec, #2
0012 and 0039: 21 matches, 0.22sec, #1
0001 and 0039: [11/31], H[7], 0.07sec
0018 and 0039: 22 matches, 0.64sec, #0
0013 and 0039: 32 matches, 0.30sec, #1
0002 and 0039: 28 matches, 0.33sec, #2
0013 and 0039: [12/32], H[6], 0.07sec
0002 and 0039: [13/28], H[8], 0.08sec
0019 and 0039: 1199 matches, 0.49sec, #0
0019 and 0039: [1047/1199], H[288], 0.05sec
0024 and 0039: 21 matches, 0.29sec, #1
0003 and 0039: 66 matches, 0.19sec, #2
0003 and 0039: [36/66], H[8], 0.03sec
0020 and 0039: 1155 matches, 0.41sec, #0
0020 and 0039: [1024/1155], H[161], 0.05sec
0025 and 0039: 41 matches, 0.27sec, #1
0025 and 0039: [11/41], H[7], 0.11sec
0034 and 0039: 18 matches, 0.23sec, #2
0021 and 0039: 190 matches, 0.65sec, #0
0021 and 0039: [159/190], H[27], 0.04sec
0026 and 0039: 88 matches, 0.38sec, #1
0035 and 0039: 19 matches, 0.39sec, #2
0026 and 0039: [58/88], H[13], 0.03sec
0022 and 0039: 32 matches, 0.63sec, #0
0036 and 0039: 30 matches, 0.33sec, #2
0022 and 0039: [15/32], H[5], 0.04sec
0027 and 0039: 19 matches, 0.29sec, #1
0036 and 0039: [10/30], H[0], 0.07sec
0028 and 0039: 43 matches, 0.20sec, #1
0023 and 0039: 80 matches, 0.39sec, #0
0028 and 0039: [11/43], H[6], 0.10sec
0023 and 0039: [44/80], H[11], 0.04sec
0037 and 0039: 49 matches, 0.33sec, #2
0029 and 0039: 27 matches, 0.23sec, #1
0037 and 0039: [12/49], H[7], 0.07sec
0005 and 0040: 1897 matches, 0.41sec, #0
0029 and 0039: [12/27], H[6], 0.08sec
0005 and 0040: [1690/1897], H[344], 0.07sec
0038 and 0039: 518 matches, 0.39sec, #2
0030 and 0039: 22 matches, 0.32sec, #1
0038 and 0039: [477/518], H[130], 0.04sec
0006 and 0040: 615 matches, 0.41sec, #0
0006 and 0040: [510/615], H[92], 0.05sec
0031 and 0039: 150 matches, 0.43sec, #1
0000 and 0040: 87 matches, 0.24sec, #2
0031 and 0039: [101/150], H[18], 0.02sec
0000 and 0040: [62/87], H[25], 0.02sec
0007 and 0040: 240 matches, 0.73sec, #0
0032 and 0039: 30 matches, 0.39sec, #1
0007 and 0040: [209/240], H[33], 0.03sec
0001 and 0040: 187 matches, 0.39sec, #2
0032 and 0039: [10/30], H[5], 0.07sec
0001 and 0040: [137/187], H[31], 0.01sec
0008 and 0040: 180 matches, 0.42sec, #0
0008 and 0040: [135/180], H[17], 0.03sec
0033 and 0039: 884 matches, 0.30sec, #1
0002 and 0040: 420 matches, 0.18sec, #2
0033 and 0039: [750/884], H[78], 0.03sec
0002 and 0040: [369/420], H[62], 0.03sec
0009 and 0040: 586 matches, 0.59sec, #0
0009 and 0040: [547/586], H[65], 0.04sec
0003 and 0040: 1190 matches, 0.32sec, #2
0015 and 0040: 308 matches, 0.34sec, #1
0015 and 0040: [276/308], H[54], 0.02sec
0003 and 0040: [1049/1190], H[195], 0.03sec
0010 and 0040: 781 matches, 0.50sec, #0
0010 and 0040: [729/781], H[88], 0.04sec
0016 and 0040: 1057 matches, 0.28sec, #1
0004 and 0040: 4089 matches, 0.17sec, #2
0016 and 0040: [864/1057], H[226], 0.04sec
0004 and 0040: [3963/4089], H[1116], 0.10sec
0011 and 0040: 230 matches, 0.50sec, #0
0011 and 0040: [178/230], H[37], 0.03sec
0017 and 0040: 206 matches, 0.30sec, #1
0025 and 0040: 142 matches, 0.21sec, #2
0017 and 0040: [154/206], H[35], 0.02sec
0025 and 0040: [98/142], H[26], 0.02sec
0012 and 0040: 106 matches, 0.65sec, #0
0018 and 0040: 49 matches, 0.28sec, #1
0026 and 0040: 1439 matches, 0.17sec, #2
0012 and 0040: [84/106], H[22], 0.02sec
0018 and 0040: [24/49], H[9], 0.03sec
0026 and 0040: [1396/1439], H[454], 0.03sec
0013 and 0040: 238 matches, 0.61sec, #0
0019 and 0040: 74 matches, 0.24sec, #1
0013 and 0040: [187/238], H[30], 0.03sec
0019 and 0040: [41/74], H[11], 0.03sec
0027 and 0040: 106 matches, 0.29sec, #2
0027 and 0040: [66/106], H[15], 0.02sec
0020 and 0040: 79 matches, 0.20sec, #1
0014 and 0040: 570 matches, 0.40sec, #0
0020 and 0040: [48/79], H[12], 0.04sec
0014 and 0040: [504/570], H[62], 0.04sec
0028 and 0040: 91 matches, 0.29sec, #2
0028 and 0040: [55/91], H[14], 0.02sec
0021 and 0040: 57 matches, 0.21sec, #1
0021 and 0040: [31/57], H[9], 0.04sec
0033 and 0040: 154 matches, 0.58sec, #0
0029 and 0040: 241 matches, 0.24sec, #2
0022 and 0040: 147 matches, 0.21sec, #1
0033 and 0040: [104/154], H[11], 0.03sec
0029 and 0040: [199/241], H[42], 0.03sec
0022 and 0040: [112/147], H[26], 0.02sec
0034 and 0040: 24 matches, 0.40sec, #0
0023 and 0040: 533 matches, 0.22sec, #1
0030 and 0040: 25 matches, 0.23sec, #2
0035 and 0040: 25 matches, 0.41sec, #0
0023 and 0040: [466/533], H[65], 0.03sec
0035 and 0040: [13/25], H[9], 0.01sec
0030 and 0040: [10/25], H[0], 0.06sec
0024 and 0040: 126 matches, 0.34sec, #1
0031 and 0040: 2361 matches, 0.23sec, #2
0036 and 0040: 92 matches, 0.39sec, #0
0024 and 0040: [87/126], H[13], 0.02sec
0036 and 0040: [61/92], H[20], 0.03sec
0031 and 0040: [2305/2361], H[446], 0.07sec
0037 and 0040: 481 matches, 0.16sec, #1
0039 and 0040: 365 matches, 0.41sec, #0
0037 and 0040: [432/481], H[77], 0.03sec
0039 and 0040: [333/365], H[44], 0.03sec
0032 and 0040: 148 matches, 0.42sec, #2
0032 and 0040: [98/148], H[22], 0.03sec
0038 and 0040: 37 matches, 0.31sec, #1
0038 and 0040: [10/37], H[5], 0.06sec

###########-------timing------#########
820 Image Match finished, 169 sec used
#############################

----------------------------------------------------------------
Compute Missing Pairwise Matching, finished
Totally 179.000 seconds used


Compute Missing Pairwise Matching, begin...
0 pairs to compute match
----------------------------------------------------------------
Compute Missing Pairwise Matching, finished
Totally 0.000 seconds used


Run full 3D reconstruction, begin...
560 pairs have two-view models
698 pairs have fundamental matrices
Initialize with IMG_1034 and IMG_1056
1512 3D points initialized from two images
PBA library version = 105
PBA: 1512 3D pts, 2 cams and 3024 projs...
PBA: 0.862 -> 0.308 (100 LMs in 0.50sec)
Focal Length : [3136.000]->[3196.561]
Focal Length : [3136.000]->[3164.459]

#############################
#3: [IMG_1028] sees 1560 (+2674) 3D points
Focal Length in EXIF  [3136.000]
Estimated Focal Length [3136][0.78N]
# 5712 projs (2305 pts and 0 merges)
PBA: 3817 3D pts, 3 cams and 8736 projs...
PBA: 3.252 -> 0.528 (36 LMs in 0.12sec)

**************************************
#3/3:  5748 projs and 2319 pts added.
PBA: 3831 3D pts, 3 cams and 8772 projs...
PBA: 0.517 -> 0.507 (20 LMs in 0.06sec)
PBA: 3831 3D pts, 3 cams and 8772 projs...
PBA: 0.507 -> 0.506 (15 LMs in 0.04sec)
Focal Length : [3136.000]->[3145.450]
Radial Distortion : [-0.009 -> -8]

#############################
#4: [IMG_1065] sees 4169 (+2531) 3D points
Focal Length in EXIF  [3136.000]
Estimated Focal Length [3136][0.78N]
# 4981 projs (1386 pts and 3 merges)
PBA: 5078 3D pts, 4 cams and 13481 projs...
PBA: 9.045 -> 1.235 (100 LMs in 0.97sec)
#points w/ large errors:	30
Focal Length : [3136.000]->[3197.314]
Radial Distortion : [0.005 -> 4]

#############################
#5: [IMG_1027] sees 4473 (+1212) 3D points
Focal Length in EXIF  [3136.000]
Estimated Focal Length [3136][0.78N]
# 4202 projs (1048 pts and 23 merges)
PBA: 6046 3D pts, 5 cams and 17557 projs...
PBA: 3.250 -> 1.216 (40 LMs in 0.20sec)
#points w/ large errors:	59

**************************************
#5/5:  4592 projs and 1152 pts added.
PBA: 6088 3D pts, 5 cams and 17742 projs...
PBA: 1.216 -> 1.187 (16 LMs in 0.05sec)
#points w/ large errors:	1
PBA: 6087 3D pts, 5 cams and 17738 projs...
PBA: 1.144 -> 1.143 (23 LMs in 0.14sec)
Focal Length : [3136.000]->[3311.733]
Radial Distortion : [-0.011 -> -8]

#############################
#6: [IMG_1026] sees 3925 (+1400) 3D points
Focal Length in EXIF  [3136.000]
Estimated Focal Length [3136][0.78N]
# 4581 projs (1407 pts and 8 merges)
PBA: 7452 3D pts, 6 cams and 22251 projs...
PBA: 3.723 -> 1.193 (25 LMs in 0.22sec)
#points w/ large errors:	113
Focal Length : [3136.000]->[3326.491]
Radial Distortion : [-0.011 -> -9]

#############################
#7: [IMG_1062] sees 6415 (+1706) 3D points
Focal Length in EXIF  [3136.000]
Estimated Focal Length [3136][0.78N]
# 5168 projs (1295 pts and 60 merges)
PBA: 5650 3D pts, 7 cams and 21140 projs...
PBA: 4.916 -> 1.325 (19 LMs in 0.13sec)
#points w/ large errors:	61

**************************************
#7/7:  6140 projs and 1681 pts added.
PBA: 8707 3D pts, 7 cams and 27372 projs...
PBA: 1.192 -> 1.133 (17 LMs in 0.07sec)
#points w/ large errors:	6
PBA: 8701 3D pts, 7 cams and 27348 projs...
PBA: 1.175 -> 1.175 (21 LMs in 0.08sec)
Focal Length : [3136.000]->[3309.196]
Radial Distortion : [-0.009 -> -7]

#############################
#8: [IMG_1035] sees 5766 (+1336) 3D points
Focal Length in EXIF  [3136.000]
Estimated Focal Length [3136][0.78N]
# 4713 projs (1184 pts and 18 merges)
PBA: 6414 3D pts, 8 cams and 25155 projs...
PBA: 5.014 -> 1.616 (27 LMs in 0.22sec)
#points w/ large errors:	148
Focal Length : [3136.000]->[3289.092]
Radial Distortion : [-0.007 -> -6]

#############################
#9: [IMG_1057] sees 6624 (+1792) 3D points
Focal Length in EXIF  [3136.000]
Estimated Focal Length [3136][0.78N]
# 5076 projs (1081 pts and 26 merges)
PBA: 6917 3D pts, 9 cams and 28789 projs...
PBA: 3.727 -> 1.678 (22 LMs in 0.18sec)
#points w/ large errors:	101

**************************************
#9/9:  5735 projs and 1254 pts added.
PBA: 10647 3D pts, 9 cams and 36314 projs...
PBA: 1.419 -> 1.392 (13 LMs in 0.04sec)
#points w/ large errors:	3
PBA: 10644 3D pts, 9 cams and 36300 projs...
PBA: 1.398 -> 1.398 (15 LMs in 0.09sec)
Focal Length : [3136.000]->[3244.126]
Radial Distortion : [-0.003 -> -2]

#############################
#10: [IMG_1025] sees 7860 (+1249) 3D points
Focal Length in EXIF  [3136.000]
Estimated Focal Length [3136][0.78N]
# 5148 projs (1158 pts and 21 merges)
PBA: 7713 3D pts, 10 cams and 33312 projs...
PBA: 3.651 -> 1.857 (42 LMs in 0.26sec)
#points w/ large errors:	209
Focal Length : [3136.000]->[3289.787]
Radial Distortion : [-0.005 -> -4]

#############################
#11: [IMG_1061] sees 6697 (+1507) 3D points
Focal Length in EXIF  [3136.000]
Estimated Focal Length [3136][0.78N]
# 5343 projs (1372 pts and 9 merges)
PBA: 8332 3D pts, 11 cams and 36630 projs...
PBA: 6.128 -> 1.863 (16 LMs in 0.09sec)
#points w/ large errors:	211
Focal Length : [3136.000]->[3297.371]
Radial Distortion : [-0.004 -> -4]

#############################
#12: [IMG_1024] sees 8815 (+2716) 3D points
Focal Length in EXIF  [3136.000]
Estimated Focal Length [3136][0.78N]
# 4324 projs (525 pts and 17 merges)
PBA: 8299 3D pts, 12 cams and 39044 projs...
PBA: 3.970 -> 1.774 (28 LMs in 0.15sec)
#points w/ large errors:	100

**************************************
#12/12:  5888 projs and 853 pts added.
PBA: 13085 3D pts, 12 cams and 49251 projs...
PBA: 1.632 -> 1.536 (14 LMs in 0.08sec)
#points w/ large errors:	5
PBA: 13080 3D pts, 12 cams and 49231 projs...
PBA: 1.537 -> 1.537 (15 LMs in 0.14sec)
Focal Length : [3136.000]->[3291.552]
Radial Distortion : [-0.004 -> -4]

#############################
#13: [IMG_1042] sees 7916 (+903) 3D points
Focal Length in EXIF  [3136.000]
Estimated Focal Length [3136][0.78N]
# 3864 projs (779 pts and 51 merges)
PBA: 9118 3D pts, 13 cams and 43715 projs...
PBA: 3.622 -> 1.874 (73 LMs in 0.40sec)
#points w/ large errors:	321
Focal Length : [3136.000]->[3307.280]
Radial Distortion : [0.002 -> 1]

#############################
#14: [IMG_1043] sees 4260 (+1070) 3D points
Focal Length in EXIF  [3136.000]
Estimated Focal Length [3136][0.78N]
# 1234 projs (0 pts and 3 merges)
PBA: 8366 3D pts, 14 cams and 42264 projs...
PBA: 3.534 -> 1.797 (25 LMs in 0.18sec)
#points w/ large errors:	272
Focal Length : [3136.000]->[3311.732]
Radial Distortion : [-0.005 -> -4]

#############################
#15: [IMG_1055] sees 2625 (+1759) 3D points
Focal Length in EXIF  [3136.000]
Estimated Focal Length [3136][0.78N]
# 854 projs (0 pts and 2 merges)
PBA: 8158 3D pts, 15 cams and 41571 projs...
PBA: 2.326 -> 1.765 (18 LMs in 0.16sec)
#points w/ large errors:	140
Focal Length : [3136.000]->[3306.802]
Radial Distortion : [-0.000 -> -1]

#############################
#16: [IMG_1060] sees 3332 (+1222) 3D points
Focal Length in EXIF  [3136.000]
Estimated Focal Length [3136][0.78N]
# 959 projs (0 pts and 0 merges)
PBA: 8057 3D pts, 16 cams and 41600 projs...
PBA: 2.653 -> 1.738 (31 LMs in 0.24sec)
#points w/ large errors:	82

**************************************
#16/16:  11579 projs and 3508 pts added.
PBA: 16107 3D pts, 16 cams and 61007 projs...
PBA: 1.972 -> 1.580 (26 LMs in 0.20sec)
#points w/ large errors:	31
PBA: 16076 3D pts, 16 cams and 60822 projs...
PBA: 1.589 -> 1.587 (17 LMs in 0.16sec)
#points w/ large errors:	6
Focal Length : [3136.000]->[3335.765]
Radial Distortion : [-0.007 -> -6]

#############################
#17: [IMG_1052] sees 4983 (+1230) 3D points
Focal Length in EXIF  [3136.000]
Estimated Focal Length [3136][0.78N]
# 1149 projs (0 pts and 4 merges)
PBA: 9555 3D pts, 17 cams and 48910 projs...
PBA: 2.846 -> 1.963 (23 LMs in 0.23sec)
#points w/ large errors:	499
Focal Length : [3136.000]->[3366.373]
Radial Distortion : [0.002 -> 1]

#############################
#18: [IMG_1053] sees 4218 (+1322) 3D points
Focal Length in EXIF  [3136.000]
Estimated Focal Length [3136][0.78N]
# 4426 projs (1309 pts and 5 merges)
PBA: 10562 3D pts, 18 cams and 50826 projs...
PBA: 3.455 -> 1.753 (100 LMs in 1.51sec)
#points w/ large errors:	170
Focal Length : [3136.000]->[3283.088]
Radial Distortion : [0.003 -> 1]

#############################
#19: [IMG_1054] sees 6295 (+1528) 3D points
Focal Length in EXIF  [3136.000]
Estimated Focal Length [3136][0.78N]
# 5388 projs (1587 pts and 57 merges)
PBA: 11324 3D pts, 19 cams and 53784 projs...
PBA: 3.456 -> 1.767 (28 LMs in 0.15sec)
#points w/ large errors:	205
#unstable points removed:	2
Focal Length : [3136.000]->[3290.050]
Radial Distortion : [-0.010 -> -8]

#############################
#20: [IMG_1049] sees 4519 (+1426) 3D points
Focal Length in EXIF  [3136.000]
Estimated Focal Length [3136][0.78N]
# 4724 projs (1472 pts and 34 merges)
PBA: 11888 3D pts, 20 cams and 56104 projs...
PBA: 3.246 -> 1.779 (40 LMs in 0.23sec)
#points w/ large errors:	253
Focal Length : [3136.000]->[3300.456]
Radial Distortion : [-0.001 -> -2]

#############################
#21: [IMG_1050] sees 6253 (+1538) 3D points
Focal Length in EXIF  [3136.000]
Estimated Focal Length [3136][0.78N]
# 4942 projs (1285 pts and 32 merges)
SKIP: 0 cams, 1 points, 1841 projs
PBA: 19639 3D pts, 20 cams and 72899 projs...
PBA: 3.633 -> 1.549 (5 LMs in 0.06sec)
#points w/ large errors:	128

**************************************
#21/21:  11517 projs and 2954 pts added.
PBA: 20819 3D pts, 21 cams and 78145 projs...
PBA: 2.112 -> 1.784 (21 LMs in 0.26sec)
#points w/ large errors:	22
PBA: 20797 3D pts, 21 cams and 78037 projs...
PBA: 1.831 -> 1.830 (13 LMs in 0.14sec)
#points w/ large errors:	7
Focal Length : [3136.000]->[3307.525]
Radial Distortion : [-0.004 -> -4]

#############################
#22: [IMG_1041] sees 6321 (+1240) 3D points
Focal Length in EXIF  [3136.000]
Estimated Focal Length [3136][0.78N]
# 4465 projs (1081 pts and 14 merges)
SKIP: 0 cams, 133 points, 532 projs
PBA: 21522 3D pts, 20 cams and 81778 projs...
PBA: 3.104 -> 1.971 (5 LMs in 0.09sec)
#points w/ large errors:	781
Focal Length : [3136.000]->[3317.023]
Radial Distortion : [0.009 -> 6]

#############################
#23: [IMG_1029] sees 5857 (+958) 3D points
Focal Length in EXIF  [3136.000]
Estimated Focal Length [3136][0.78N]
# 4264 projs (1013 pts and 40 merges)
SKIP: 0 cams, 577 points, 5656 projs
PBA: 21158 3D pts, 20 cams and 80518 projs...
PBA: 3.007 -> 1.676 (5 LMs in 0.03sec)
#points w/ large errors:	292
Focal Length : [3136.000]->[3335.979]
Radial Distortion : [-0.004 -> -4]

#############################
#24: [IMG_1030] sees 3143 (+1309) 3D points
Focal Length in EXIF  [3136.000]
Estimated Focal Length [3136][0.78N]
# 3864 projs (1270 pts and 5 merges)
SKIP: 0 cams, 258 points, 2637 projs
PBA: 22315 3D pts, 20 cams and 82766 projs...
PBA: 2.363 -> 1.578 (5 LMs in 0.08sec)
#points w/ large errors:	221
Focal Length : [3136.000]->[3298.035]
Radial Distortion : [-0.004 -> -4]

#############################
#25: [IMG_1064] sees 3003 (+1818) 3D points
Focal Length in EXIF  [3136.000]
Estimated Focal Length [3136][0.78N]
# 5053 projs (1856 pts and 7 merges)
SKIP: 0 cams, 1212 points, 4327 projs
PBA: 22888 3D pts, 20 cams and 83864 projs...
PBA: 2.372 -> 1.722 (5 LMs in 0.03sec)
#points w/ large errors:	279
Focal Length : [3136.000]->[3161.693]
Radial Distortion : [-0.011 -> -10]

#############################
#26: [IMG_1031] sees 4554 (+1761) 3D points
Focal Length in EXIF  [3136.000]
Estimated Focal Length [3136][0.78N]
# 3236 projs (471 pts and 5 merges)
PBA: 13964 3D pts, 26 cams and 67614 projs...
PBA: 3.328 -> 1.664 (100 LMs in 1.11sec)
#points w/ large errors:	150
Focal Length : [3136.000]->[3297.227]
Radial Distortion : [-0.009 -> -8]

#############################
#27: [IMG_1032] sees 4304 (+1584) 3D points
Focal Length in EXIF  [3136.000]
Estimated Focal Length [3136][0.78N]
# 1424 projs (0 pts and 2 merges)
SKIP: 0 cams, 2947 points, 6897 projs
PBA: 21163 3D pts, 20 cams and 82371 projs...
PBA: 1.955 -> 1.471 (5 LMs in 0.02sec)
#points w/ large errors:	90

**************************************
#27/27:  11758 projs and 2849 pts added.
PBA: 26334 3D pts, 27 cams and 97943 projs...
PBA: 2.065 -> 1.655 (27 LMs in 0.13sec)
#points w/ large errors:	22
PBA: 26312 3D pts, 27 cams and 97846 projs...
PBA: 1.659 -> 1.657 (33 LMs in 0.16sec)
#points w/ large errors:	10
Focal Length : [3136.000]->[3307.071]
Radial Distortion : [-0.010 -> -8]

#############################
#28: [IMG_1058] sees 4380 (+1395) 3D points
Focal Length in EXIF  [3136.000]
Estimated Focal Length [3136][0.78N]
# 3846 projs (993 pts and 14 merges)
SKIP: 0 cams, 2915 points, 6786 projs
PBA: 24170 3D pts, 20 cams and 94630 projs...
PBA: 2.814 -> 1.741 (5 LMs in 0.08sec)
#points w/ large errors:	674
Focal Length : [3136.000]->[3286.438]
Radial Distortion : [-0.012 -> -9]

#############################
#29: [IMG_1033] sees 7507 (+1276) 3D points
Focal Length in EXIF  [3136.000]
Estimated Focal Length [3136][0.78N]
# 5267 projs (1352 pts and 47 merges)
SKIP: 0 cams, 3871 points, 13561 projs
PBA: 23676 3D pts, 20 cams and 92886 projs...
PBA: 3.285 -> 1.710 (5 LMs in 0.01sec)
#points w/ large errors:	155
Focal Length : [3136.000]->[3288.252]
Radial Distortion : [-0.007 -> -6]

#############################
#30: [IMG_1044] sees 4210 (+984) 3D points
Focal Length in EXIF  [3136.000]
Estimated Focal Length [3136][0.78N]
# 3395 projs (835 pts and 14 merges)
SKIP: 0 cams, 3716 points, 10464 projs
PBA: 24267 3D pts, 20 cams and 95197 projs...
PBA: 2.206 -> 1.915 (5 LMs in 0.03sec)
#points w/ large errors:	278
Focal Length : [3136.000]->[3153.555]
Radial Distortion : [-0.001 -> -1]

#############################
#31: [IMG_1040] sees 4362 (+994) 3D points
Focal Length in EXIF  [3136.000]
Estimated Focal Length [3136][0.78N]
# 3389 projs (822 pts and 11 merges)
SKIP: 0 cams, 3875 points, 11030 projs
PBA: 24562 3D pts, 20 cams and 97069 projs...
PBA: 2.567 -> 1.601 (5 LMs in 0.05sec)
#points w/ large errors:	275
Focal Length : [3136.000]->[3321.845]
Radial Distortion : [-0.005 -> -4]

#############################
#32: [IMG_1045] sees 4177 (+1015) 3D points
Focal Length in EXIF  [3136.000]
Estimated Focal Length [3136][0.78N]
# 3877 projs (1079 pts and 7 merges)
PBA: 16900 3D pts, 32 cams and 83696 projs...
PBA: 3.016 -> 1.787 (38 LMs in 0.20sec)
#points w/ large errors:	221
Focal Length : [3136.000]->[3305.952]
Radial Distortion : [-0.008 -> -7]

#############################
#33: [IMG_1036] sees 5283 (+769) 3D points
Focal Length in EXIF  [3136.000]
Estimated Focal Length [3136][0.78N]
# 3912 projs (733 pts and 27 merges)
SKIP: 0 cams, 4965 points, 14176 projs
PBA: 24431 3D pts, 20 cams and 97544 projs...
PBA: 2.185 -> 1.690 (5 LMs in 0.02sec)
#points w/ large errors:	310
Focal Length : [3136.000]->[3209.302]
Radial Distortion : [-0.014 -> -12]

#############################
#34: [IMG_1037] sees 5930 (+1274) 3D points
Focal Length in EXIF  [3136.000]
Estimated Focal Length [3136][0.78N]
# 4836 projs (1364 pts and 44 merges)
SKIP: 0 cams, 5750 points, 18084 projs
PBA: 24578 3D pts, 20 cams and 97121 projs...
PBA: 2.294 -> 1.662 (5 LMs in 0.02sec)
#points w/ large errors:	182

**************************************
#34/34:  13329 projs and 3348 pts added.
PBA: 31433 3D pts, 34 cams and 119851 projs...
PBA: 2.164 -> 1.771 (26 LMs in 0.19sec)
#points w/ large errors:	69
PBA: 31364 3D pts, 34 cams and 119471 projs...
PBA: 1.743 -> 1.741 (18 LMs in 0.09sec)
#points w/ large errors:	9
Focal Length : [3136.000]->[3307.692]
Radial Distortion : [-0.012 -> -10]

#############################
#35: [IMG_1051] sees 4108 (+1051) 3D points
Focal Length in EXIF  [3136.000]
Estimated Focal Length [3136][0.78N]
# 1114 projs (0 pts and 14 merges)
SKIP: 0 cams, 6298 points, 15532 projs
PBA: 24945 3D pts, 20 cams and 104637 projs...
PBA: 2.385 -> 1.968 (5 LMs in 0.03sec)
#points w/ large errors:	1153
Focal Length : [3136.000]->[3331.161]
Radial Distortion : [-0.016 -> -12]

#############################
#36: [IMG_1038] sees 5089 (+859) 3D points
Focal Length in EXIF  [3136.000]
Estimated Focal Length [3136][0.78N]
# 4657 projs (1119 pts and 38 merges)
SKIP: 0 cams, 8845 points, 31956 projs
PBA: 22392 3D pts, 20 cams and 92797 projs...
PBA: 2.477 -> 1.653 (5 LMs in 0.08sec)
#points w/ large errors:	162
Focal Length : [3136.000]->[3329.676]
Radial Distortion : [-0.009 -> -7]

#############################
#37: [IMG_1048] sees 3928 (+998) 3D points
Focal Length in EXIF  [3136.000]
Estimated Focal Length [3136][0.78N]
# 3931 projs (1213 pts and 29 merges)
SKIP: 0 cams, 9384 points, 29043 projs
PBA: 22404 3D pts, 20 cams and 92209 projs...
PBA: 3.035 -> 1.624 (5 LMs in 0.05sec)
#points w/ large errors:	170
Focal Length : [3136.000]->[3323.776]
Radial Distortion : [-0.007 -> -6]

#############################
#38: [IMG_1063] sees 2987 (+953) 3D points
Focal Length in EXIF  [3136.000]
Estimated Focal Length [3136][0.78N]
# 3967 projs (1183 pts and 38 merges)
SKIP: 0 cams, 11998 points, 36572 projs
PBA: 20584 3D pts, 20 cams and 87013 projs...
PBA: 2.342 -> 1.649 (5 LMs in 0.06sec)
#points w/ large errors:	201
Focal Length : [3136.000]->[3356.102]
Radial Distortion : [-0.004 -> -3]

#############################
#39: [IMG_1047] sees 2223 (+893) 3D points
Focal Length in EXIF  [3136.000]
Estimated Focal Length [3136][0.78N]
# 3303 projs (1035 pts and 7 merges)
PBA: 18917 3D pts, 39 cams and 95216 projs...
PBA: 2.485 -> 1.703 (16 LMs in 0.15sec)
#points w/ large errors:	353
Focal Length : [3136.000]->[3303.827]
Radial Distortion : [-0.019 -> -15]

#############################
#40: [IMG_1059] sees 1230 (+989) 3D points
Focal Length in EXIF  [3136.000]
Estimated Focal Length [3136][0.78N]
# 3048 projs (1125 pts and 14 merges)
SKIP: 0 cams, 11958 points, 37279 projs
PBA: 22437 3D pts, 20 cams and 90433 projs...
PBA: 2.256 -> 1.504 (5 LMs in 0.11sec)
#points w/ large errors:	97
Focal Length : [3136.000]->[3282.225]
Radial Distortion : [-0.012 -> -10]

#############################
#41: [IMG_1046] sees 1450 (+615) 3D points
Focal Length in EXIF  [3136.000]
Estimated Focal Length [3136][0.78N]
# 2168 projs (681 pts and 15 merges)
SKIP: 0 cams, 13510 points, 40429 projs
PBA: 21034 3D pts, 20 cams and 87154 projs...
PBA: 1.926 -> 1.514 (5 LMs in 0.03sec)
#points w/ large errors:	63
Focal Length : [3136.000]->[3346.626]
Radial Distortion : [-0.014 -> -10]

^^^^^^^^^^^^^^^^^^^^^^^^^^^^^^^^
#41/41:  8790 projs and 2255 pts added.
PBA: 36228 3D pts, 41 cams and 134789 projs...
PBA: 1.902 -> 1.605 (19 LMs in 0.25sec)
#points w/ large errors:	216
PBA: 36012 3D pts, 41 cams and 133601 projs...
PBA: 1.567 -> 1.567 (20 LMs in 0.15sec)
#points w/ large errors:	24
END: No more images to add [0 projs]

#############################
Failed to find two images for initialization
Resuming SfM finished, 13 sec used

---------------------------------------------------
41 cams, 36230 pts (3+: 19042)
133601 projections (3+: 99586)
---------------------------------------------------
1 model(s) reconstructed from 41 images;
41 modeled; 0 reused; 41 EXIF; 
7MB(6) used to store feature location.
---------------------------------------------------

########-------timing------#########
Structure-From-Motion finished, 15 sec used
12.1(10.9) seconds on Bundle Adjustment (+)
10.9(10.1) seconds on Bundle Adjustment (*)
#############################
----------------------------------------------------------------
Run full 3D reconstruction, finished
Totally 15.000 seconds used


Run dense reconstruction, begin...
Save to aaa.nvm ... done

#############################
Undistorting 41 images in model #0
param_undistortion_thread_num = 0
NOTE: using 16 threads...
#09: IMG_1050 -> 00000020.jpg, 3.751 sec
#14: IMG_1043 -> 00000013.jpg, 3.800 sec
#03: IMG_1065 -> 00000003.jpg, 3.830 sec
#11: IMG_1054 -> 00000018.jpg, 3.855 sec
#05: IMG_1062 -> 00000006.jpg, 3.862 sec
#01: IMG_1028 -> 00000002.jpg, 3.867 sec
#13: IMG_1049 -> 00000019.jpg, 3.880 sec
#07: IMG_1025 -> 00000009.jpg, 3.902 sec
#00: IMG_1034 -> 00000000.jpg, 3.902 sec
#15: IMG_1060 -> 00000015.jpg, 3.983 sec
#04: IMG_1026 -> 00000005.jpg, 4.144 sec
#12: IMG_1042 -> 00000012.jpg, 4.151 sec
#06: IMG_1035 -> 00000007.jpg, 4.194 sec
#10: IMG_1024 -> 00000011.jpg, 4.213 sec
#08: IMG_1053 -> 00000017.jpg, 4.339 sec
#02: IMG_1052 -> 00000016.jpg, 4.429 sec
#14: IMG_1055 -> 00000014.jpg, 3.790 sec
#11: IMG_1029 -> 00000022.jpg, 3.801 sec
#00: IMG_1056 -> 00000001.jpg, 3.836 sec
#13: IMG_1033 -> 00000028.jpg, 3.893 sec
#05: IMG_1064 -> 00000024.jpg, 3.913 sec
#15: IMG_1040 -> 00000030.jpg, 3.793 sec
#07: IMG_1061 -> 00000010.jpg, 3.881 sec
#01: IMG_1032 -> 00000026.jpg, 4.007 sec
#03: IMG_1027 -> 00000004.jpg, 4.057 sec
#06: IMG_1057 -> 00000008.jpg, 3.787 sec
#12: IMG_1051 -> 00000034.jpg, 3.909 sec
#04: IMG_1036 -> 00000032.jpg, 3.931 sec
#10: IMG_1048 -> 00000036.jpg, 3.865 sec
#09: IMG_1041 -> 00000021.jpg, 4.431 sec
#08: IMG_1047 -> 00000038.jpg, 3.844 sec
#02: IMG_1046 -> 00000040.jpg, 3.941 sec
#11: IMG_1030 -> 00000023.jpg, 3.753 sec
#13: IMG_1044 -> 00000029.jpg, 3.683 sec
#15: IMG_1045 -> 00000031.jpg, 3.736 sec
#05: IMG_1031 -> 00000025.jpg, 3.772 sec
#12: IMG_1038 -> 00000035.jpg, 3.590 sec
#01: IMG_1058 -> 00000027.jpg, 3.792 sec
#04: IMG_1037 -> 00000033.jpg, 3.648 sec
#10: IMG_1063 -> 00000037.jpg, 3.675 sec
#08: IMG_1059 -> 00000039.jpg, 3.681 sec
----------------------------------------------------------------
Running Yasutaka Furukawa's CMVS tool...
cmvs "C:\Users\AVISH\OneDrive\Desktop\RSN PROJECT\moon tree\aaa.nvm.cmvs\00\\" 50 16
genOption "C:\Users\AVISH\OneDrive\Desktop\RSN PROJECT\moon tree\aaa.nvm.cmvs\00\\" 1 2 0.700000 7 3 16
1 cluster is generated for pmvs reconstruction.
pmvs2 "C:\Users\AVISH\OneDrive\Desktop\RSN PROJECT\moon tree\aaa.nvm.cmvs\00\\" option-0000
This may take a little more time, waiting...
575 seconds were used by PMVS
Loading option-0000.ply, 1467203 vertices ...

#############################
You can manually remove bad MVS points:
1. Switch to dense MVS points mode;
2. Hit F1 key to enter the selection mode;
3. Select points by dragging a rectangle;
4. Hit DELETE to delete the selected points.

#############################
Save to aaa.nvm ... done
Save C:\Users\AVISH\OneDrive\Desktop\RSN PROJECT\moon tree\aaa.0.ply ...done
----------------------------------------------------------------
Run dense reconstruction, finished
Totally 10.167 minutes used

