0: IMG_5118
image_size:	4032x3024
focal_length:	3136.000
1: IMG_5124
image_size:	4032x3024
focal_length:	3136.000
2: IMG_5125
image_size:	4032x3024
focal_length:	3136.000
3: IMG_5126
image_size:	4032x3024
focal_length:	3136.000
4: IMG_5127
image_size:	4032x3024
focal_length:	3136.000
5: IMG_5128
image_size:	4032x3024
focal_length:	3136.000
6: IMG_5129
image_size:	4032x3024
focal_length:	3136.000
7: IMG_5130
image_size:	4032x3024
focal_length:	3136.000
8: IMG_5131
image_size:	4032x3024
focal_length:	3136.000
9: IMG_5133
image_size:	4032x3024
focal_length:	3136.000
10: IMG_5134
image_size:	4032x3024
focal_length:	3136.000
11: IMG_5135
image_size:	4032x3024
focal_length:	3136.000
12: IMG_5136
image_size:	4032x3024
focal_length:	3136.000
13: IMG_5137
image_size:	4032x3024
focal_length:	3136.000
14: IMG_5138
image_size:	4032x3024
focal_length:	3136.000
15: IMG_5139
image_size:	4032x3024
focal_length:	3136.000
16: IMG_5140
image_size:	4032x3024
focal_length:	3136.000
17: IMG_5141
image_size:	4032x3024
focal_length:	3136.000
18: IMG_5143
image_size:	4032x3024
focal_length:	3136.000
Loading image pixel data ...done in 5s

Compute Missing Pairwise Matching, begin...
********* WARNING ***********
More than 279MB of graphic memory may be allocated
under the default settings. If the program halts here,
adjust parameters to save memory and rerun the task: 
    [Tools->Enable GPU->Set Maximum DIM]
Note some octaves may be automatically skipped
SIFT: 0000, 4032x3024, 	4211, 1.04sec
SIFT: 0001, 4032x3024, 	3546, 0.17sec
SIFT: 0002, 4032x3024, 	3883, 0.18sec
SIFT: 0003, 4032x3024, 	3498, 0.17sec
SIFT: 0004, 4032x3024, 	3769, 0.18sec
SIFT: 0005, 4032x3024, 	4124, 0.19sec
SIFT: 0006, 4032x3024, 	4344, 0.19sec
SIFT: 0007, 4032x3024, 	4180, 0.18sec
SIFT: 0008, 4032x3024, 	4019, 0.17sec
SIFT: 0009, 4032x3024, 	2455, 0.16sec
SIFT: 0010, 4032x3024, 	1948, 0.17sec
SIFT: 0011, 4032x3024, 	2193, 0.15sec
SIFT: 0012, 4032x3024, 	2168, 0.15sec
SIFT: 0013, 4032x3024, 	2479, 0.15sec
SIFT: 0014, 4032x3024, 	2131, 0.15sec
SIFT: 0015, 4032x3024, 	2311, 0.15sec
SIFT: 0016, 4032x3024, 	3791, 0.18sec
SIFT: 0017, 4032x3024, 	2799, 0.16sec
SIFT: 0018, 4032x3024, 	3068, 0.17sec

###########-------timing------#########
19 Feature Detection finished, 5 sec used
#############################

171 pairs to compute match
NOTE: using 3 matching workers
0000 and 0003: 131 matches, 0.05sec, #2
0001 and 0002: 372 matches, 0.05sec, #1
0000 and 0003: [86/131], H[51], 0.01sec
0001 and 0002: [196/372], H[148], 0.01sec
0001 and 0003: 136 matches, 0.04sec, #2
0004 and 0005: 469 matches, 0.04sec, #1
0001 and 0003: [74/136], H[71], 0.01sec
0004 and 0005: [406/469], H[333], 0.01sec
0002 and 0003: 707 matches, 0.05sec, #2
0000 and 0006: 156 matches, 0.05sec, #1
0002 and 0003: [527/707], H[453], 0.00sec
0000 and 0006: [95/156], H[60], 0.01sec
0000 and 0001: 157 matches, 0.41sec, #0
0000 and 0004: 134 matches, 0.05sec, #2
0001 and 0006: 247 matches, 0.04sec, #1
0000 and 0001: [90/157], H[57], 0.01sec
0000 and 0004: [66/134], H[51], 0.01sec
0001 and 0006: [117/247], H[112], 0.04sec
0001 and 0004: 168 matches, 0.03sec, #2
0000 and 0002: 130 matches, 0.14sec, #0
0001 and 0004: [97/168], H[85], 0.01sec
0002 and 0006: 656 matches, 0.04sec, #1
0000 and 0002: [75/130], H[37], 0.02sec
0002 and 0006: [552/656], H[564], 0.01sec
0002 and 0004: 441 matches, 0.05sec, #2
0003 and 0006: 433 matches, 0.02sec, #1
0002 and 0004: [352/441], H[337], 0.00sec
0003 and 0007: 679 matches, 0.11sec, #0
0003 and 0006: [375/433], H[370], 0.00sec
0003 and 0007: [584/679], H[582], 0.01sec
0003 and 0004: 579 matches, 0.04sec, #2
0004 and 0006: 375 matches, 0.04sec, #1
0003 and 0004: [376/579], H[368], 0.00sec
0004 and 0006: [326/375], H[308], 0.00sec
0004 and 0007: 564 matches, 0.13sec, #0
0004 and 0007: [491/564], H[432], 0.00sec
0000 and 0005: 110 matches, 0.05sec, #2
0005 and 0006: 1082 matches, 0.06sec, #1
0000 and 0005: [45/110], H[25], 0.03sec
0005 and 0007: 723 matches, 0.11sec, #0
0005 and 0006: [844/1082], H[821], 0.01sec
0005 and 0007: [660/723], H[584], 0.00sec
0000 and 0007: 215 matches, 0.04sec, #1
0000 and 0007: [131/215], H[96], 0.01sec
0001 and 0005: 193 matches, 0.09sec, #2
0006 and 0007: 762 matches, 0.12sec, #0
0001 and 0005: [104/193], H[101], 0.02sec
0001 and 0007: 185 matches, 0.03sec, #1
0006 and 0007: [658/762], H[638], 0.00sec
0001 and 0007: [107/185], H[122], 0.00sec
0002 and 0005: 660 matches, 0.05sec, #2
0002 and 0007: 760 matches, 0.04sec, #1
0002 and 0005: [565/660], H[549], 0.00sec
0002 and 0007: [676/760], H[643], 0.00sec
0000 and 0008: 68 matches, 0.11sec, #0
0000 and 0008: [35/68], H[28], 0.01sec
0003 and 0005: 435 matches, 0.03sec, #2
0003 and 0005: [385/435], H[360], 0.00sec
0008 and 0009: 35 matches, 0.02sec, #2
0006 and 0008: 29 matches, 0.05sec, #1
0001 and 0008: 43 matches, 0.09sec, #0
0008 and 0009: [19/35], H[16], 0.01sec
0000 and 0010: 23 matches, 0.02sec, #2
0006 and 0008: [11/29], H[6], 0.04sec
0001 and 0010: 47 matches, 0.02sec, #2
0001 and 0008: [13/43], H[7], 0.06sec
0007 and 0008: 71 matches, 0.04sec, #1
0001 and 0010: [17/47], H[8], 0.05sec
0007 and 0008: [40/71], H[30], 0.01sec
0002 and 0008: 39 matches, 0.09sec, #0
0002 and 0010: 32 matches, 0.03sec, #2
0000 and 0009: 23 matches, 0.02sec, #1
0001 and 0009: 46 matches, 0.02sec, #1
0002 and 0010: [10/32], H[0], 0.04sec
0002 and 0008: [12/39], H[7], 0.06sec
0003 and 0010: 24 matches, 0.01sec, #2
0001 and 0009: [15/46], H[7], 0.05sec
0003 and 0008: 53 matches, 0.09sec, #0
0003 and 0008: [30/53], H[22], 0.02sec
0004 and 0010: 24 matches, 0.03sec, #2
0002 and 0009: 23 matches, 0.03sec, #1
0005 and 0010: 23 matches, 0.02sec, #2
0004 and 0008: 60 matches, 0.09sec, #0
0003 and 0009: 27 matches, 0.02sec, #1
0006 and 0010: 26 matches, 0.03sec, #2
0004 and 0008: [30/60], H[26], 0.03sec
0003 and 0009: [9/27], H[0], 0.04sec
0006 and 0010: [12/26], H[7], 0.05sec
0005 and 0008: 34 matches, 0.10sec, #0
0004 and 0009: 38 matches, 0.03sec, #1
0007 and 0010: 26 matches, 0.02sec, #2
0005 and 0008: [13/34], H[8], 0.06sec
0004 and 0009: [13/38], H[6], 0.05sec
0007 and 0010: [10/26], H[5], 0.05sec
0009 and 0010: 139 matches, 0.03sec, #0
0009 and 0010: [103/139], H[92], 0.00sec
0008 and 0010: 24 matches, 0.02sec, #2
0005 and 0009: 55 matches, 0.03sec, #1
0009 and 0011: 186 matches, 0.01sec, #2
0005 and 0009: [21/55], H[17], 0.03sec
0009 and 0011: [153/186], H[124], 0.00sec
0000 and 0011: 21 matches, 0.06sec, #0
0010 and 0011: 356 matches, 0.01sec, #2
0006 and 0009: 29 matches, 0.03sec, #1
0010 and 0011: [317/356], H[307], 0.00sec
0001 and 0011: 32 matches, 0.05sec, #0
0000 and 0012: 31 matches, 0.02sec, #2
0001 and 0011: [17/32], H[13], 0.02sec
0000 and 0012: [17/31], H[11], 0.02sec
0006 and 0009: [10/29], H[6], 0.05sec
0002 and 0011: 24 matches, 0.05sec, #0
0001 and 0012: 26 matches, 0.03sec, #2
0007 and 0009: 27 matches, 0.03sec, #1
0003 and 0011: 24 matches, 0.05sec, #0
0001 and 0012: [13/26], H[9], 0.03sec
0002 and 0012: 26 matches, 0.02sec, #2
0007 and 0009: [11/27], H[6], 0.05sec
0004 and 0011: 26 matches, 0.05sec, #0
0008 and 0012: 41 matches, 0.02sec, #1
0002 and 0012: [10/26], H[5], 0.06sec
0004 and 0011: [12/26], H[6], 0.06sec
0008 and 0012: [20/41], H[14], 0.03sec
0003 and 0012: 21 matches, 0.02sec, #2
0009 and 0012: 227 matches, 0.01sec, #1
0005 and 0011: 36 matches, 0.06sec, #0
0009 and 0012: [196/227], H[198], 0.00sec
0004 and 0012: 31 matches, 0.02sec, #2
0010 and 0012: 172 matches, 0.01sec, #1
0010 and 0012: [131/172], H[113], 0.00sec
0004 and 0012: [19/31], H[11], 0.01sec
0005 and 0011: [18/36], H[12], 0.03sec
0011 and 0012: 327 matches, 0.02sec, #1
0011 and 0012: [266/327], H[250], 0.00sec
0005 and 0012: 36 matches, 0.02sec, #2
0006 and 0011: 48 matches, 0.06sec, #0
0000 and 0013: 17 matches, 0.02sec, #1
0001 and 0013: 49 matches, 0.02sec, #1
0001 and 0013: [26/49], H[18], 0.02sec
0005 and 0012: [16/36], H[8], 0.06sec
0006 and 0011: [19/48], H[10], 0.06sec
0002 and 0013: 19 matches, 0.03sec, #1
0006 and 0012: 30 matches, 0.02sec, #2
0003 and 0013: 34 matches, 0.02sec, #1
0007 and 0011: 26 matches, 0.06sec, #0
0006 and 0012: [15/30], H[9], 0.03sec
0007 and 0012: 50 matches, 0.02sec, #2
0003 and 0013: [12/34], H[6], 0.05sec
0007 and 0011: [10/26], H[6], 0.05sec
0004 and 0013: 43 matches, 0.02sec, #1
0007 and 0012: [21/50], H[13], 0.05sec
0008 and 0011: 23 matches, 0.06sec, #0
0004 and 0013: [22/43], H[18], 0.03sec
0006 and 0013: 32 matches, 0.02sec, #2
0003 and 0014: 26 matches, 0.05sec, #0
0005 and 0013: 41 matches, 0.02sec, #1
0006 and 0013: [16/32], H[12], 0.03sec
0005 and 0013: [24/41], H[16], 0.02sec
0007 and 0013: 26 matches, 0.03sec, #2
0013 and 0014: 286 matches, 0.02sec, #1
0003 and 0014: [11/26], H[6], 0.07sec
0007 and 0013: [15/26], H[15], 0.00sec
0013 and 0014: [240/286], H[222], 0.00sec
0008 and 0013: 33 matches, 0.03sec, #2
0000 and 0015: 22 matches, 0.02sec, #1
0004 and 0014: 28 matches, 0.06sec, #0
0008 and 0013: [20/33], H[17], 0.01sec
0001 and 0015: 31 matches, 0.02sec, #1
0009 and 0013: 361 matches, 0.02sec, #2
0009 and 0013: [304/361], H[292], 0.00sec
0004 and 0014: [11/28], H[8], 0.04sec
0010 and 0013: 142 matches, 0.01sec, #2
0001 and 0015: [13/31], H[10], 0.03sec
0005 and 0014: 45 matches, 0.06sec, #0
0010 and 0013: [101/142], H[95], 0.00sec
0002 and 0015: 35 matches, 0.02sec, #1
0011 and 0013: 226 matches, 0.01sec, #2
0011 and 0013: [178/226], H[179], 0.00sec
0012 and 0013: 379 matches, 0.01sec, #2
0012 and 0013: [348/379], H[316], 0.00sec
0002 and 0015: [18/35], H[14], 0.03sec
0005 and 0014: [14/45], H[6], 0.07sec
0000 and 0014: 27 matches, 0.02sec, #2
0003 and 0015: 19 matches, 0.02sec, #1
0004 and 0015: 22 matches, 0.02sec, #1
0000 and 0014: [10/27], H[5], 0.05sec
0006 and 0014: 23 matches, 0.07sec, #0
0005 and 0015: 30 matches, 0.02sec, #1
0001 and 0014: 35 matches, 0.02sec, #2
0005 and 0015: [12/30], H[6], 0.04sec
0007 and 0014: 26 matches, 0.06sec, #0
0006 and 0015: 38 matches, 0.02sec, #1
0007 and 0014: [12/26], H[7], 0.02sec
0001 and 0014: [13/35], H[6], 0.06sec
0006 and 0015: [14/38], H[8], 0.04sec
0008 and 0014: 20 matches, 0.06sec, #0
0009 and 0014: 193 matches, 0.05sec, #0
0007 and 0015: 40 matches, 0.06sec, #1
0009 and 0014: [160/193], H[160], 0.00sec
0002 and 0014: 20 matches, 0.03sec, #2
0009 and 0015: 33 matches, 0.01sec, #2
0010 and 0014: 278 matches, 0.03sec, #0
0010 and 0014: [243/278], H[225], 0.00sec
0007 and 0015: [14/40], H[10], 0.05sec
0009 and 0015: [14/33], H[8], 0.03sec
0008 and 0015: 28 matches, 0.02sec, #1
0011 and 0014: 357 matches, 0.03sec, #0
0011 and 0014: [333/357], H[323], 0.00sec
0010 and 0015: 43 matches, 0.01sec, #2
0010 and 0015: [24/43], H[15], 0.01sec
0011 and 0015: 55 matches, 0.01sec, #2
0012 and 0014: 299 matches, 0.03sec, #0
0012 and 0014: [252/299], H[250], 0.00sec
0008 and 0015: [12/28], H[6], 0.05sec
0011 and 0015: [23/55], H[16], 0.03sec
0014 and 0016: 28 matches, 0.01sec, #1
0012 and 0015: 44 matches, 0.01sec, #2
0004 and 0016: 152 matches, 0.09sec, #0
0012 and 0015: [30/44], H[27], 0.00sec
0004 and 0016: [80/152], H[82], 0.01sec
0014 and 0016: [13/28], H[8], 0.02sec
0013 and 0015: 47 matches, 0.01sec, #2
0005 and 0016: 124 matches, 0.10sec, #0
0013 and 0015: [26/47], H[18], 0.01sec
0015 and 0016: 36 matches, 0.02sec, #1
0014 and 0015: 42 matches, 0.01sec, #2
0014 and 0015: [21/42], H[13], 0.01sec
0005 and 0016: [57/124], H[48], 0.04sec
0015 and 0016: [17/36], H[9], 0.06sec
0000 and 0016: 120 matches, 0.03sec, #2
0006 and 0016: 124 matches, 0.12sec, #0
0000 and 0017: 22 matches, 0.03sec, #1
0000 and 0016: [64/120], H[36], 0.03sec
0001 and 0017: 28 matches, 0.03sec, #1
0001 and 0016: 116 matches, 0.03sec, #2
0006 and 0016: [57/124], H[45], 0.05sec
0001 and 0017: [10/28], H[6], 0.05sec
0001 and 0016: [38/116], H[29], 0.05sec
0007 and 0016: 161 matches, 0.10sec, #0
0002 and 0017: 28 matches, 0.03sec, #1
0007 and 0016: [83/161], H[72], 0.04sec
0002 and 0016: 96 matches, 0.03sec, #2
0002 and 0016: [60/96], H[60], 0.00sec
0002 and 0017: [10/28], H[0], 0.04sec
0003 and 0016: 95 matches, 0.02sec, #2
0008 and 0016: 59 matches, 0.09sec, #0
0003 and 0016: [54/95], H[53], 0.01sec
0003 and 0017: 25 matches, 0.03sec, #1
0008 and 0017: 72 matches, 0.02sec, #2
0008 and 0016: [30/59], H[21], 0.04sec
0008 and 0017: [42/72], H[32], 0.01sec
0009 and 0017: 23 matches, 0.01sec, #2
0003 and 0017: [10/25], H[5], 0.05sec
0009 and 0016: 82 matches, 0.06sec, #0
0010 and 0017: 20 matches, 0.02sec, #2
0009 and 0016: [41/82], H[26], 0.02sec
0004 and 0017: 39 matches, 0.03sec, #1
0011 and 0017: 18 matches, 0.01sec, #2
0004 and 0017: [19/39], H[15], 0.01sec
0010 and 0016: 22 matches, 0.04sec, #0
0012 and 0017: 25 matches, 0.03sec, #2
0005 and 0017: 16 matches, 0.03sec, #1
0011 and 0016: 30 matches, 0.05sec, #0
0006 and 0017: 19 matches, 0.03sec, #1
0007 and 0017: 18 matches, 0.02sec, #1
0012 and 0017: [10/25], H[6], 0.07sec
0011 and 0016: [10/30], H[6], 0.07sec
0013 and 0017: 28 matches, 0.02sec, #2
0001 and 0018: 37 matches, 0.03sec, #1
0012 and 0016: 35 matches, 0.05sec, #0
0012 and 0016: [16/35], H[13], 0.01sec
0013 and 0017: [10/28], H[6], 0.04sec
0001 and 0018: [15/37], H[10], 0.04sec
0014 and 0017: 19 matches, 0.02sec, #2
0013 and 0016: 47 matches, 0.08sec, #0
0013 and 0016: [25/47], H[23], 0.01sec
0002 and 0018: 31 matches, 0.03sec, #1
0015 and 0017: 16 matches, 0.02sec, #2
0016 and 0017: 38 matches, 0.02sec, #2
0010 and 0018: 34 matches, 0.04sec, #0
0002 and 0018: [10/31], H[5], 0.06sec
0010 and 0018: [18/34], H[11], 0.02sec
0003 and 0018: 31 matches, 0.02sec, #1
0016 and 0017: [12/38], H[6], 0.05sec
0011 and 0018: 38 matches, 0.04sec, #0
0000 and 0018: 29 matches, 0.03sec, #2
0011 and 0018: [23/38], H[15], 0.01sec
0003 and 0018: [13/31], H[9], 0.05sec
0004 and 0018: 34 matches, 0.02sec, #1
0012 and 0018: 78 matches, 0.04sec, #0
0000 and 0018: [11/29], H[5], 0.05sec
0014 and 0018: 47 matches, 0.01sec, #2
0014 and 0018: [27/47], H[20], 0.01sec
0015 and 0018: 19 matches, 0.02sec, #2
0012 and 0018: [31/78], H[23], 0.05sec
0004 and 0018: [15/34], H[7], 0.06sec
0016 and 0018: 40 matches, 0.03sec, #2
0005 and 0018: 25 matches, 0.02sec, #1
0013 and 0018: 96 matches, 0.05sec, #0
0013 and 0018: [76/96], H[64], 0.00sec
0016 and 0018: [21/40], H[15], 0.02sec
0005 and 0018: [11/25], H[8], 0.04sec
0017 and 0018: 38 matches, 0.05sec, #0
0006 and 0018: 25 matches, 0.03sec, #1
0017 and 0018: [13/38], H[9], 0.05sec
0006 and 0018: [10/25], H[0], 0.03sec
0007 and 0018: 25 matches, 0.02sec, #1
0007 and 0018: [10/25], H[0], 0.03sec
0008 and 0018: 42 matches, 0.02sec, #1
0008 and 0018: [26/42], H[18], 0.01sec
0009 and 0018: 102 matches, 0.01sec, #1
0009 and 0018: [84/102], H[70], 0.00sec

###########-------timing------#########
171 Image Match finished, 5 sec used
#############################

----------------------------------------------------------------
Compute Missing Pairwise Matching, finished
Totally 10.000 seconds used


Run full 3D reconstruction, begin...
65 pairs have two-view models
140 pairs have fundamental matrices
Initialize with IMG_5124 and IMG_5125
196 3D points initialized from two images
PBA library version = 105
PBA: 196 3D pts, 2 cams and 392 projs...
PBA: 0.661 -> 0.374 (25 LMs in 0.26sec)
Focal Length : [3136.000]->[3123.388]
Focal Length : [3136.000]->[3074.310]

#############################
#3: [IMG_5118] sees 90 (+71) 3D points
Focal Length in EXIF  [3136.000]
Estimated Focal Length [3136][0.78N]
# 207 projs (71 pts and 0 merges)
PBA: 267 3D pts, 3 cams and 599 projs...
PBA: 3.314 -> 0.538 (22 LMs in 0.04sec)

**************************************
#3/3:  207 projs and 71 pts added.
PBA: 267 3D pts, 3 cams and 599 projs...
PBA: 0.538 -> 0.534 (19 LMs in 0.03sec)
PBA: 267 3D pts, 3 cams and 599 projs...
PBA: 0.534 -> 0.533 (16 LMs in 0.02sec)
Focal Length : [3136.000]->[3096.124]
Radial Distortion : [-0.030 -> -26]

#############################
#4: [IMG_5126] sees 54 (+607) 3D points
Focal Length in EXIF  [3136.000]
Estimated Focal Length [3136][0.78N]
# 48 projs (0 pts and 0 merges)
PBA: 264 3D pts, 4 cams and 641 projs...
PBA: 1.620 -> 0.621 (54 LMs in 0.21sec)
#points w/ large errors:	3
Focal Length : [3136.000]->[3242.879]
Radial Distortion : [-0.091 -> -71]

#############################
#5: [IMG_5127] sees 29 (+692) 3D points
Focal Length in EXIF  [3136.000]
Estimated Focal Length [3136][0.78N]
# 28 projs (0 pts and 0 merges)
PBA: 262 3D pts, 5 cams and 665 projs...
PBA: 2.496 -> 0.651 (23 LMs in 0.09sec)
#points w/ large errors:	3

**************************************
#5/5:  80 projs and 26 pts added.
PBA: 286 3D pts, 5 cams and 711 projs...
PBA: 19.033 -> 10.298 (39 LMs in 0.18sec)
#points w/ large errors:	13
PBA: 273 3D pts, 5 cams and 665 projs...
PBA: 9.951 -> 9.387 (14 LMs in 0.07sec)
#points w/ large errors:	5
Focal Length : [3136.000]->[3311.740]
Radial Distortion : [-0.427 -> -320]

#############################
#6: [IMG_5130] sees 57 (+1293) 3D points
Focal Length in EXIF  [3136.000]
Estimated Focal Length [3136][0.78N]
# 31 projs (0 pts and 0 merges)
PBA: 252 3D pts, 6 cams and 646 projs...
PBA: 7.031 -> 2.626 (62 LMs in 0.12sec)
#points w/ large errors:	27
Focal Length : [3136.000]->[3232.339]
Radial Distortion : [-0.029 -> -23]

#############################
#7: [IMG_5129] sees 26 (+1239) 3D points
Focal Length in EXIF  [3136.000]
Estimated Focal Length [3136][0.78N]
# 24 projs (0 pts and 0 merges)
PBA: 239 3D pts, 7 cams and 633 projs...
PBA: 1.175 -> 0.553 (17 LMs in 0.08sec)
#points w/ large errors:	2

**************************************
#7/7:  346 projs and 160 pts added.
PBA: 398 3D pts, 7 cams and 953 projs...
PBA: 48.585 -> 39.557 (28 LMs in 0.20sec)
#points w/ large errors:	20
PBA: 378 3D pts, 7 cams and 881 projs...
PBA: 44.206 -> 44.189 (16 LMs in 0.06sec)
Focal Length : [3136.000]->[3111.125]
Radial Distortion : [-0.028 -> -24]

#############################
#8: [IMG_5128] sees 91 (+1473) 3D points
Focal Length in EXIF  [3136.000]
Estimated Focal Length [3136][0.78N]
# 23 projs (0 pts and 0 merges)
PBA: 349 3D pts, 8 cams and 846 projs...
PBA: 34.676 -> 31.846 (18 LMs in 0.17sec)
#points w/ large errors:	55
Focal Length : [3136.000]->[3165.101]
Radial Distortion : [-0.107 -> -88]

#############################
#9: [IMG_5140] sees 32 (+285) 3D points
Focal Length in EXIF  [3136.000]
Estimated Focal Length [3136][0.78N]
# 27 projs (0 pts and 0 merges)
PBA: 309 3D pts, 9 cams and 743 projs...
PBA: 28.685 -> 24.903 (18 LMs in 0.05sec)
#points w/ large errors:	23
ERROR: image #5 has only 3 projs
Focal Length : [3136.000]->[3119.850]
Radial Distortion : [-0.084 -> -71]

#############################
#9: [IMG_5131] sees 34 (+92) 3D points
Focal Length in EXIF  [3136.000]
Estimated Focal Length [3136][0.78N]
# 28 projs (0 pts and 0 merges)
PBA: 285 3D pts, 9 cams and 699 projs...
PBA: 1.926 -> 1.677 (46 LMs in 0.09sec)
#points w/ large errors:	3

**************************************
#9/9:  28 projs and 0 pts added.
PBA: 282 3D pts, 9 cams and 687 projs...
PBA: 1.682 -> 0.778 (18 LMs in 0.10sec)
#points w/ large errors:	2
PBA: 280 3D pts, 9 cams and 681 projs...
PBA: 0.760 -> 0.664 (36 LMs in 0.13sec)
#points w/ large errors:	1
Focal Length : [3136.000]->[3072.054]
Radial Distortion : [-0.324 -> -282]
END: No more images to add [0 projs]

#############################
Initialize with IMG_5134 and IMG_5136
130 3D points initialized from two images
PBA: 130 3D pts, 2 cams and 260 projs...
PBA: 0.760 -> 0.302 (34 LMs in 0.32sec)
Focal Length : [3136.000]->[3107.059]
Focal Length : [3136.000]->[3154.289]

#############################
#3: [IMG_5135] sees 177 (+371) 3D points
Focal Length in EXIF  [3136.000]
Estimated Focal Length [3136][0.78N]
# 98 projs (1 pts and 0 merges)
PBA: 131 3D pts, 3 cams and 358 projs...
PBA: 3.946 -> 2.079 (51 LMs in 0.06sec)

**************************************
#3/3:  102 projs and 2 pts added.
PBA: 131 3D pts, 3 cams and 360 projs...
PBA: 1.883 -> 0.914 (33 LMs in 0.22sec)
PBA: 131 3D pts, 3 cams and 360 projs...
PBA: 0.914 -> 0.914 (11 LMs in 0.01sec)
Focal Length : [3136.000]->[3107.131]
Radial Distortion : [-0.038 -> -32]

#############################
#4: [IMG_5138] sees 231 (+427) 3D points
Focal Length in EXIF  [3136.000]
Estimated Focal Length [3136][0.78N]
# 321 projs (82 pts and 0 merges)
PBA: 213 3D pts, 4 cams and 681 projs...
PBA: 2.681 -> 1.406 (23 LMs in 0.13sec)
Focal Length : [3136.000]->[3227.249]
Radial Distortion : [-0.043 -> -34]

#############################
#5: [IMG_5137] sees 321 (+383) 3D points
Focal Length in EXIF  [3136.000]
Estimated Focal Length [3136][0.78N]
# 172 projs (16 pts and 0 merges)
PBA: 229 3D pts, 5 cams and 853 projs...
PBA: 4.398 -> 2.054 (19 LMs in 0.09sec)
#points w/ large errors:	3

**************************************
#5/5:  361 projs and 80 pts added.
PBA: 290 3D pts, 5 cams and 1033 projs...
PBA: 2.349 -> 1.813 (25 LMs in 0.12sec)
#points w/ large errors:	3
PBA: 287 3D pts, 5 cams and 1027 projs...
PBA: 1.709 -> 1.648 (18 LMs in 0.06sec)
Focal Length : [3136.000]->[3261.711]
Radial Distortion : [-0.062 -> -48]

#############################
#6: [IMG_5133] sees 346 (+384) 3D points
Focal Length in EXIF  [3136.000]
Estimated Focal Length [3136][0.78N]
# 274 projs (54 pts and 0 merges)
PBA: 340 3D pts, 6 cams and 1299 projs...
PBA: 4.379 -> 2.232 (30 LMs in 0.24sec)
#points w/ large errors:	11
Focal Length : [3136.000]->[3229.908]
Radial Distortion : [-0.050 -> -40]

#############################
#7: [IMG_5143] sees 78 (+135) 3D points
Focal Length in EXIF  [3136.000]
Estimated Focal Length [3136][0.78N]
# 30 projs (0 pts and 0 merges)
PBA: 329 3D pts, 7 cams and 1285 projs...
PBA: 2.539 -> 2.256 (15 LMs in 0.11sec)
#points w/ large errors:	20

**************************************
#7/7:  140 projs and 28 pts added.
PBA: 337 3D pts, 7 cams and 1301 projs...
PBA: 2.158 -> 1.627 (26 LMs in 0.14sec)
#points w/ large errors:	2
PBA: 335 3D pts, 7 cams and 1289 projs...
PBA: 1.781 -> 1.761 (26 LMs in 0.06sec)
#points w/ large errors:	2
Focal Length : [3136.000]->[3288.586]
Radial Distortion : [0.076 -> 57]

#############################
#8: [IMG_5139] sees 43 (+51) 3D points
Focal Length in EXIF  [3136.000]
Estimated Focal Length [3136][0.78N]
# 110 projs (39 pts and 0 merges)
PBA: 372 3D pts, 8 cams and 1389 projs...
PBA: 2.880 -> 1.736 (18 LMs in 0.10sec)
#points w/ large errors:	9
Focal Length : [3136.000]->[3309.801]
Radial Distortion : [-0.024 -> -18]
END: No more images to add [0 projs]

#############################
Failed to find two images for initialization
Resuming SfM finished, 4 sec used

---------------------------------------------------
8 cams, 373 pts (3+: 261)
1389 projections (3+: 1137)
---------------------------------------------------
2 model(s) reconstructed from 19 images;
17 modeled; 0 reused; 19 EXIF; 
1MB(1) used to store feature location.
---------------------------------------------------

########-------timing------#########
Structure-From-Motion finished, 5 sec used
3.7(3.7) seconds on Bundle Adjustment (+)
3.6(3.6) seconds on Bundle Adjustment (*)
#############################
----------------------------------------------------------------
Run full 3D reconstruction, finished
Totally 5.000 seconds used


Compute remaining photos, begin...
END: No more images to add [0 projs]

#############################

---------------------------------------------------
8 cams, 373 pts (3+: 261)
1389 projections (3+: 1137)
---------------------------------------------------
2 model(s) reconstructed from 19 images;
17 modeled; 0 reused; 19 EXIF; 
1MB(1) used to store feature location.
---------------------------------------------------
----------------------------------------------------------------
Compute remaining photos, finished
Totally 0.000 seconds used


Run dense reconstruction, begin...
Save to aaa.nvm ... done

#############################
Undistorting 8 images in model #1
param_undistortion_thread_num = 0
NOTE: using 16 threads...
#05: IMG_5133 -> 00000005.jpg, 1.809 sec
#07: IMG_5139 -> 00000007.jpg, 1.822 sec
#04: IMG_5137 -> 00000004.jpg, 1.873 sec
#00: IMG_5134 -> 00000000.jpg, 1.949 sec
#01: IMG_5135 -> 00000002.jpg, 1.952 sec
#06: IMG_5143 -> 00000006.jpg, 2.300 sec
#00: IMG_5136 -> 00000001.jpg, 1.655 sec
#01: IMG_5138 -> 00000003.jpg, 1.658 sec
----------------------------------------------------------------
Running Yasutaka Furukawa's CMVS tool...
cmvs "C:\Users\AVISH\OneDrive\Desktop\RSN PROJECT\calculatore\aaa.nvm.cmvs\01\\" 50 16
genOption "C:\Users\AVISH\OneDrive\Desktop\RSN PROJECT\calculatore\aaa.nvm.cmvs\01\\" 1 2 0.700000 7 3 16
1 cluster is generated for pmvs reconstruction.
pmvs2 "C:\Users\AVISH\OneDrive\Desktop\RSN PROJECT\calculatore\aaa.nvm.cmvs\01\\" option-0000
This may take a little more time, waiting...
33 seconds were used by PMVS
Loading option-0000.ply, 56511 vertices ...
