0: Image1
image_size:	4032x3024
focal_length:	3136.000
1: Image2
image_size:	4032x3024
focal_length:	3136.000
2: Image3
image_size:	4032x3024
focal_length:	3136.000
3: Image4
image_size:	4032x3024
focal_length:	3136.000
4: Image5
image_size:	4032x3024
focal_length:	3136.000
5: Image6
image_size:	4032x3024
focal_length:	3136.000
6: Image7
image_size:	4032x3024
focal_length:	3136.000
7: Image8
image_size:	4032x3024
focal_length:	3136.000
8: Image9
image_size:	4032x3024
focal_length:	3136.000
9: Image10
image_size:	4032x3024
focal_length:	3136.000
10: Image11
image_size:	4032x3024
focal_length:	3136.000
11: Image12
image_size:	4032x3024
focal_length:	3136.000
12: Image13
image_size:	4032x3024
focal_length:	3136.000
13: Image14
image_size:	4032x3024
focal_length:	3136.000
14: Image15
image_size:	4032x3024
focal_length:	3136.000
15: Image16
image_size:	4032x3024
focal_length:	3136.000
Loading image pixel data ...done in 4s

Compute Missing Pairwise Matching, begin...
********* WARNING ***********
More than 279MB of graphic memory may be allocated
under the default settings. If the program halts here,
adjust parameters to save memory and rerun the task: 
    [Tools->Enable GPU->Set Maximum DIM]
Note some octaves may be automatically skipped
SIFT: 0000, 4032x3024, 	2698, 1.04sec
SIFT: 0001, 4032x3024, 	5023, 0.21sec
SIFT: 0002, 4032x3024, 	3778, 0.17sec
SIFT: 0003, 4032x3024, 	3231, 0.17sec
SIFT: 0004, 4032x3024, 	2228, 0.16sec
SIFT: 0005, 4032x3024, 	2342, 0.16sec
SIFT: 0006, 4032x3024, 	5590, 0.21sec
SIFT: 0007, 4032x3024, 	3353, 0.16sec
SIFT: 0008, 4032x3024, 	3261, 0.17sec
SIFT: 0009, 4032x3024, 	3256, 0.17sec
SIFT: 0010, 4032x3024, 	3660, 0.17sec
SIFT: 0011, 4032x3024, 	5159, 0.19sec
SIFT: 0012, 4032x3024, 	5975, 0.22sec
SIFT: 0013, 4032x3024, 	4618, 0.19sec
SIFT: 0014, 4032x3024, 	5632, 0.20sec
SIFT: 0015, 4032x3024, 	6571, 0.21sec

###########-------timing------#########
16 Feature Detection finished, 4 sec used
#############################

120 pairs to compute match
NOTE: using 3 matching workers
0000 and 0001: 59 matches, 0.05sec, #1
0001 and 0002: 98 matches, 0.06sec, #2
0000 and 0001: [16/59], H[11], 0.05sec
0001 and 0002: [23/98], H[13], 0.05sec
0000 and 0002: 111 matches, 0.04sec, #1
0001 and 0003: 63 matches, 0.03sec, #2
0000 and 0002: [43/111], H[37], 0.03sec
0004 and 0005: 61 matches, 0.01sec, #1
0004 and 0005: [31/61], H[23], 0.01sec
0001 and 0003: [16/63], H[16], 0.05sec
0000 and 0003: 291 matches, 0.37sec, #0
0000 and 0006: 45 matches, 0.05sec, #1
0002 and 0003: 233 matches, 0.04sec, #2
0002 and 0003: [152/233], H[91], 0.01sec
0000 and 0003: [124/291], H[99], 0.02sec
0000 and 0004: 48 matches, 0.02sec, #2
0000 and 0006: [18/45], H[15], 0.04sec
0000 and 0004: [17/48], H[9], 0.04sec
0003 and 0007: 217 matches, 0.14sec, #0
0001 and 0004: 69 matches, 0.03sec, #2
0001 and 0006: 324 matches, 0.07sec, #1
0001 and 0006: [216/324], H[206], 0.00sec
0003 and 0007: [77/217], H[75], 0.06sec
0002 and 0006: 96 matches, 0.04sec, #1
0001 and 0004: [17/69], H[8], 0.06sec
0002 and 0004: 134 matches, 0.02sec, #2
0004 and 0007: 94 matches, 0.07sec, #0
0002 and 0006: [20/96], H[9], 0.05sec
0002 and 0004: [61/134], H[45], 0.02sec
0003 and 0004: 56 matches, 0.02sec, #2
0003 and 0006: 47 matches, 0.05sec, #1
0004 and 0007: [45/94], H[35], 0.05sec
0003 and 0004: [24/56], H[16], 0.05sec
0003 and 0006: [17/47], H[15], 0.05sec
0005 and 0007: 185 matches, 0.07sec, #0
0000 and 0005: 243 matches, 0.01sec, #2
0005 and 0007: [101/185], H[98], 0.01sec
0004 and 0006: 42 matches, 0.03sec, #1
0000 and 0005: [90/243], H[87], 0.05sec
0004 and 0006: [14/42], H[9], 0.04sec
0001 and 0005: 51 matches, 0.04sec, #2
0006 and 0007: 75 matches, 0.20sec, #0
0005 and 0006: 50 matches, 0.04sec, #1
0005 and 0006: [21/50], H[20], 0.02sec
0000 and 0007: 169 matches, 0.02sec, #1
0001 and 0005: [20/51], H[14], 0.06sec
0006 and 0007: [24/75], H[20], 0.07sec
0002 and 0005: 128 matches, 0.02sec, #2
0000 and 0007: [65/169], H[54], 0.04sec
0002 and 0005: [63/128], H[51], 0.01sec
0001 and 0007: 65 matches, 0.03sec, #1
0000 and 0008: 177 matches, 0.07sec, #0
0003 and 0005: 329 matches, 0.02sec, #2
0003 and 0005: [165/329], H[136], 0.04sec
0001 and 0007: [19/65], H[12], 0.06sec
0000 and 0008: [57/177], H[46], 0.06sec
0006 and 0008: 57 matches, 0.04sec, #2
0002 and 0007: 166 matches, 0.04sec, #1
0001 and 0008: 68 matches, 0.13sec, #0
0002 and 0007: [87/166], H[81], 0.01sec
0006 and 0008: [22/57], H[19], 0.03sec
0008 and 0009: 106 matches, 0.02sec, #1
0007 and 0008: 200 matches, 0.03sec, #2
0001 and 0008: [18/68], H[9], 0.06sec
0008 and 0009: [44/106], H[40], 0.04sec
0007 and 0008: [75/200], H[51], 0.05sec
0000 and 0010: 196 matches, 0.03sec, #1
0002 and 0008: 137 matches, 0.12sec, #0
0000 and 0009: 89 matches, 0.02sec, #2
0000 and 0010: [79/196], H[75], 0.05sec
0002 and 0008: [42/137], H[19], 0.06sec
0000 and 0009: [22/89], H[21], 0.06sec
0001 and 0010: 55 matches, 0.05sec, #1
0001 and 0009: 68 matches, 0.03sec, #2
0003 and 0008: 182 matches, 0.07sec, #0
0001 and 0010: [18/55], H[16], 0.05sec
0001 and 0009: [16/68], H[10], 0.07sec
0003 and 0008: [63/182], H[40], 0.07sec
0002 and 0010: 114 matches, 0.04sec, #1
0002 and 0009: 142 matches, 0.03sec, #2
0004 and 0008: 39 matches, 0.05sec, #0
0002 and 0010: [45/114], H[38], 0.03sec
0003 and 0010: 267 matches, 0.03sec, #1
0004 and 0008: [16/39], H[11], 0.05sec
0002 and 0009: [51/142], H[42], 0.06sec
0003 and 0010: [143/267], H[133], 0.01sec
0003 and 0009: 103 matches, 0.03sec, #2
0004 and 0010: 47 matches, 0.02sec, #1
0005 and 0008: 187 matches, 0.06sec, #0
0005 and 0008: [81/187], H[70], 0.04sec
0003 and 0009: [34/103], H[26], 0.07sec
0004 and 0010: [14/47], H[7], 0.06sec
0004 and 0009: 85 matches, 0.01sec, #2
0009 and 0010: 261 matches, 0.09sec, #0
0009 and 0010: [162/261], H[106], 0.01sec
0005 and 0010: 210 matches, 0.02sec, #1
0004 and 0009: [18/85], H[11], 0.05sec
0000 and 0011: 57 matches, 0.10sec, #0
0005 and 0010: [104/210], H[88], 0.01sec
0005 and 0009: 99 matches, 0.04sec, #2
0006 and 0010: 61 matches, 0.04sec, #1
0000 and 0011: [18/57], H[16], 0.06sec
0005 and 0009: [30/99], H[24], 0.05sec
0006 and 0010: [22/61], H[18], 0.04sec
0006 and 0009: 65 matches, 0.04sec, #2
0001 and 0011: 517 matches, 0.19sec, #0
0007 and 0010: 176 matches, 0.03sec, #1
0001 and 0011: [404/517], H[379], 0.00sec
0006 and 0009: [19/65], H[11], 0.05sec
0007 and 0010: [77/176], H[65], 0.04sec
0002 and 0011: 155 matches, 0.13sec, #0
0007 and 0009: 121 matches, 0.04sec, #2
0008 and 0010: 238 matches, 0.04sec, #1
0002 and 0011: [53/155], H[23], 0.06sec
0007 and 0009: [54/121], H[49], 0.04sec
0008 and 0010: [83/238], H[73], 0.05sec
0009 and 0011: 70 matches, 0.03sec, #2
0003 and 0011: 65 matches, 0.10sec, #0
0008 and 0012: 96 matches, 0.04sec, #1
0003 and 0011: [25/65], H[21], 0.07sec
0009 and 0011: [20/70], H[9], 0.07sec
0008 and 0012: [31/96], H[26], 0.06sec
0010 and 0011: 54 matches, 0.04sec, #2
0004 and 0011: 63 matches, 0.07sec, #0
0009 and 0012: 62 matches, 0.04sec, #1
0004 and 0011: [18/63], H[11], 0.06sec
0010 and 0011: [14/54], H[7], 0.07sec
0009 and 0012: [13/62], H[8], 0.06sec
0000 and 0012: 73 matches, 0.03sec, #2
0005 and 0011: 67 matches, 0.07sec, #0
0010 and 0012: 65 matches, 0.05sec, #1
0005 and 0011: [20/67], H[17], 0.07sec
0000 and 0012: [21/73], H[18], 0.07sec
0010 and 0012: [21/65], H[20], 0.06sec
0001 and 0012: 476 matches, 0.09sec, #2
0011 and 0012: 485 matches, 0.06sec, #1
0006 and 0011: 437 matches, 0.18sec, #0
0001 and 0012: [370/476], H[360], 0.00sec
0011 and 0012: [344/485], H[293], 0.01sec
0006 and 0011: [306/437], H[294], 0.00sec
0002 and 0012: 76 matches, 0.06sec, #2
0000 and 0013: 49 matches, 0.03sec, #1
0007 and 0011: 75 matches, 0.11sec, #0
0000 and 0013: [17/49], H[16], 0.04sec
0002 and 0012: [16/76], H[8], 0.05sec
0007 and 0011: [19/75], H[15], 0.06sec
0001 and 0013: 218 matches, 0.06sec, #1
0003 and 0012: 74 matches, 0.07sec, #2
0008 and 0011: 58 matches, 0.10sec, #0
0001 and 0013: [117/218], H[93], 0.01sec
0002 and 0013: 62 matches, 0.04sec, #1
0003 and 0012: [20/74], H[11], 0.06sec
0008 and 0011: [19/58], H[11], 0.07sec
0004 and 0012: 52 matches, 0.03sec, #2
0002 and 0013: [19/62], H[9], 0.06sec
0006 and 0013: 234 matches, 0.17sec, #0
0006 and 0013: [144/234], H[138], 0.00sec
0003 and 0013: 45 matches, 0.04sec, #1
0004 and 0012: [16/52], H[9], 0.06sec
0005 and 0012: 72 matches, 0.03sec, #2
0003 and 0013: [15/45], H[10], 0.05sec
0007 and 0013: 71 matches, 0.09sec, #0
0004 and 0013: 91 matches, 0.02sec, #1
0005 and 0012: [21/72], H[11], 0.06sec
0007 and 0013: [15/71], H[7], 0.06sec
0004 and 0013: [30/91], H[20], 0.07sec
0006 and 0012: 342 matches, 0.07sec, #2
0006 and 0012: [253/342], H[208], 0.00sec
0008 and 0013: 66 matches, 0.09sec, #0
0005 and 0013: 53 matches, 0.04sec, #1
0007 and 0012: 98 matches, 0.04sec, #2
0008 and 0013: [15/66], H[8], 0.06sec
0005 and 0013: [15/53], H[12], 0.05sec
0007 and 0012: [25/98], H[11], 0.06sec
0003 and 0014: 34 matches, 0.04sec, #1
0009 and 0013: 64 matches, 0.09sec, #0
0013 and 0014: 173 matches, 0.06sec, #2
0009 and 0013: [13/64], H[7], 0.06sec
0013 and 0014: [87/173], H[89], 0.01sec
0003 and 0014: [12/34], H[8], 0.08sec
0000 and 0015: 63 matches, 0.04sec, #2
0010 and 0013: 32 matches, 0.10sec, #0
0004 and 0014: 34 matches, 0.03sec, #1
0000 and 0015: [25/63], H[19], 0.03sec
0010 and 0013: [9/32], H[0], 0.05sec
0004 and 0014: [12/34], H[6], 0.07sec
0001 and 0015: 320 matches, 0.07sec, #2
0011 and 0013: 244 matches, 0.16sec, #0
0001 and 0015: [229/320], H[219], 0.00sec
0011 and 0013: [141/244], H[129], 0.01sec
0005 and 0014: 23 matches, 0.07sec, #1
0002 and 0015: 79 matches, 0.05sec, #2
0012 and 0013: 227 matches, 0.17sec, #0
0012 and 0013: [127/227], H[108], 0.01sec
0006 and 0014: 167 matches, 0.06sec, #1
0002 and 0015: [15/79], H[11], 0.07sec
0000 and 0014: 30 matches, 0.10sec, #0
0003 and 0015: 72 matches, 0.05sec, #2
0006 and 0014: [53/167], H[54], 0.06sec
0000 and 0014: [10/30], H[5], 0.07sec
0007 and 0014: 39 matches, 0.04sec, #1
0003 and 0015: [26/72], H[23], 0.06sec
0001 and 0014: 107 matches, 0.17sec, #0
0004 and 0015: 56 matches, 0.03sec, #2
0007 and 0014: [12/39], H[7], 0.08sec
0001 and 0014: [36/107], H[31], 0.07sec
0004 and 0015: [21/56], H[13], 0.08sec
0008 and 0014: 34 matches, 0.05sec, #1
0002 and 0014: 65 matches, 0.13sec, #0
0005 and 0015: 82 matches, 0.04sec, #2
0008 and 0014: [11/34], H[6], 0.07sec
0005 and 0015: [40/82], H[31], 0.04sec
0002 and 0014: [13/65], H[7], 0.08sec
0009 and 0014: 36 matches, 0.08sec, #1
0006 and 0015: 434 matches, 0.07sec, #2
0009 and 0014: [10/36], H[5], 0.06sec
0006 and 0015: [295/434], H[275], 0.00sec
0007 and 0015: 109 matches, 0.19sec, #0
0010 and 0014: 26 matches, 0.07sec, #1
0011 and 0015: 351 matches, 0.08sec, #2
0011 and 0015: [246/351], H[228], 0.00sec
0007 and 0015: [35/109], H[21], 0.08sec
0010 and 0014: [10/26], H[6], 0.07sec
0011 and 0014: 131 matches, 0.07sec, #1
0012 and 0015: 611 matches, 0.13sec, #2
0008 and 0015: 80 matches, 0.13sec, #0
0012 and 0015: [481/611], H[443], 0.01sec
0011 and 0014: [55/131], H[46], 0.03sec
0008 and 0015: [21/80], H[13], 0.08sec
0013 and 0015: 200 matches, 0.09sec, #2
0012 and 0014: 101 matches, 0.09sec, #1
0012 and 0014: [55/101], H[56], 0.01sec
0009 and 0015: 62 matches, 0.13sec, #0
0013 and 0015: [83/200], H[61], 0.07sec
0009 and 0015: [16/62], H[9], 0.08sec
0014 and 0015: 220 matches, 0.09sec, #1
0014 and 0015: [136/220], H[114], 0.01sec
0010 and 0015: 81 matches, 0.15sec, #0
0010 and 0015: [25/81], H[17], 0.05sec

###########-------timing------#########
120 Image Match finished, 7 sec used
#############################

----------------------------------------------------------------
Compute Missing Pairwise Matching, finished
Totally 11.000 seconds used


Run full 3D reconstruction, begin...
46 pairs have two-view models
119 pairs have fundamental matrices
Initialize with Image10 and Image11
162 3D points initialized from two images
PBA library version = 105
PBA: 162 3D pts, 2 cams and 324 projs...
PBA: 1.343 -> 0.920 (60 LMs in 0.36sec)
Focal Length : [3136.000]->[3171.747]
Focal Length : [3136.000]->[3156.739]

#############################
#3: [Image9] sees 42 (+85) 3D points
Focal Length in EXIF  [3136.000]
Estimated Focal Length [3136][0.78N]
# 21 projs (0 pts and 0 merges)
PBA: 162 3D pts, 3 cams and 345 projs...
PBA: 1.168 -> 0.896 (28 LMs in 0.11sec)

**************************************
#3/3:  21 projs and 0 pts added.
PBA: 144 3D pts, 3 cams and 309 projs...
PBA: 0.957 -> 0.950 (12 LMs in 0.08sec)
PBA: 144 3D pts, 3 cams and 309 projs...
PBA: 0.950 -> 0.950 (10 LMs in 0.06sec)
Focal Length : [3136.000]->[3152.615]
Radial Distortion : [0.067 -> 55]

#############################
#4: [Image8] sees 66 (+127) 3D points
Focal Length in EXIF  [3136.000]
Estimated Focal Length [3136][0.78N]
# 26 projs (0 pts and 0 merges)
PBA: 144 3D pts, 4 cams and 335 projs...
PBA: 3.178 -> 1.039 (37 LMs in 0.17sec)
#points w/ large errors:	5
Focal Length : [3136.000]->[2546.179]
Radial Distortion : [0.001 -> 1]

#############################
#5: [Image4] sees 49 (+237) 3D points
Focal Length in EXIF  [3136.000]
Estimated Focal Length [3136][0.78N]
# 14 projs (0 pts and 0 merges)
ERROR: too few projections are initiated

#############################
#5: [Image6] sees 43 (+214) 3D points
Focal Length in EXIF  [3136.000]
Estimated Focal Length [3136][0.78N]
# 19 projs (0 pts and 0 merges)
ERROR: too few projections are initiated

#############################
#5: [Image4] sees 50 (+240) 3D points
Focal Length in EXIF  [3136.000]
Estimated Focal Length [3136][0.78N]
# 12 projs (0 pts and 0 merges)
ERROR: too few projections are initiated

#############################
#5: [Image6] sees 44 (+217) 3D points
Focal Length in EXIF  [3136.000]
Estimated Focal Length [3136][0.78N]
# 16 projs (0 pts and 0 merges)
ERROR: too few projections are initiated

#############################
#5: [Image4] sees 50 (+239) 3D points
Focal Length in EXIF  [3136.000]
Estimated Focal Length [3136][0.78N]
# 15 projs (0 pts and 0 merges)
ERROR: too few projections are initiated

#############################
#5: [Image6] sees 44 (+218) 3D points
Focal Length in EXIF  [3136.000]
Estimated Focal Length [3136][0.78N]
# 19 projs (0 pts and 0 merges)
ERROR: too few projections are initiated

#############################
#5: [Image4] sees 50 (+239) 3D points
Focal Length in EXIF  [3136.000]
Estimated Focal Length [3136][0.78N]
# 14 projs (0 pts and 0 merges)
ERROR: too few projections are initiated

#############################
#5: [Image6] sees 44 (+218) 3D points
Focal Length in EXIF  [3136.000]
Estimated Focal Length [3136][0.78N]
# 21 projs (0 pts and 0 merges)
PBA: 136 3D pts, 5 cams and 341 projs...
PBA: 1.969 -> 1.114 (34 LMs in 0.21sec)
#points w/ large errors:	2

**************************************
#5/5:  25 projs and 2 pts added.
PBA: 136 3D pts, 5 cams and 339 projs...
PBA: 1.062 -> 0.961 (14 LMs in 0.06sec)
#points w/ large errors:	1
PBA: 135 3D pts, 5 cams and 336 projs...
PBA: 0.945 -> 0.931 (16 LMs in 0.13sec)
#points w/ large errors:	1
Focal Length : [3136.000]->[3164.271]
Radial Distortion : [0.050 -> 40]

#############################
#6: [Image3] sees 33 (+217) 3D points
Focal Length in EXIF  [3136.000]
Estimated Focal Length [3136][0.78N]
# 13 projs (0 pts and 0 merges)
ERROR: too few projections are initiated

#############################
#6: [Image1] sees 39 (+224) 3D points
Focal Length in EXIF  [3136.000]
Estimated Focal Length [3136][0.78N]
# 10 projs (0 pts and 0 merges)
ERROR: too few projections are initiated

#############################
#6: [Image4] sees 69 (+348) 3D points
Focal Length in EXIF  [3136.000]
Estimated Focal Length [3136][0.78N]
# 12 projs (0 pts and 0 merges)
ERROR: too few projections are initiated

#############################
#6: [Image1] sees 39 (+226) 3D points
Focal Length in EXIF  [3136.000]
Estimated Focal Length [3136][0.78N]
# 10 projs (0 pts and 0 merges)
ERROR: too few projections are initiated
END: No more images to add [0 projs]

#############################
Initialize with Image3 and Image4
152 3D points initialized from two images
PBA: 152 3D pts, 2 cams and 304 projs...
PBA: 0.772 -> 0.543 (12 LMs in 0.10sec)
Focal Length : [3136.000]->[3135.060]
Focal Length : [3136.000]->[3131.709]

#############################
+3: [Image6] sees 95 (+129) 3D points
Focal Length in EXIF  [3136.000]
Estimated Focal Length [3136][0.78N]
# 297 projs (119 pts and 0 merges)
PBA: 271 3D pts, 3 cams and 601 projs...
PBA: 4.162 -> 0.767 (24 LMs in 0.17sec)

**************************************
#3/3:  297 projs and 119 pts added.
PBA: 270 3D pts, 3 cams and 599 projs...
PBA: 0.824 -> 0.688 (26 LMs in 0.09sec)
PBA: 270 3D pts, 3 cams and 599 projs...
PBA: 0.688 -> 0.680 (16 LMs in 0.05sec)
Focal Length : [3136.000]->[3698.988]
Radial Distortion : [0.036 -> 21]

#############################
+4: [Image8] sees 100 (+159) 3D points
Focal Length in EXIF  [3136.000]
Estimated Focal Length [3136][0.78N]
# 49 projs (0 pts and 0 merges)
PBA: 245 3D pts, 4 cams and 598 projs...
PBA: 2.300 -> 0.707 (38 LMs in 0.19sec)
#points w/ large errors:	9
Focal Length : [3136.000]->[2912.494]
Radial Distortion : [-0.003 -> -4]

#############################
+5: [Image9] sees 143 (+101) 3D points
Focal Length in EXIF  [3136.000]
Estimated Focal Length [3136][0.78N]
# 54 projs (0 pts and 0 merges)
PBA: 225 3D pts, 5 cams and 612 projs...
PBA: 1.812 -> 0.761 (35 LMs in 0.42sec)
#points w/ large errors:	1

**************************************
#5/5:  145 projs and 42 pts added.
PBA: 266 3D pts, 5 cams and 701 projs...
PBA: 1.611 -> 0.966 (21 LMs in 0.09sec)
#points w/ large errors:	1
PBA: 265 3D pts, 5 cams and 699 projs...
PBA: 0.956 -> 0.956 (14 LMs in 0.03sec)
Focal Length : [3136.000]->[3381.529]
Radial Distortion : [0.029 -> 20]

#############################
#6: [Image1] sees 92 (+220) 3D points
Focal Length in EXIF  [3136.000]
Estimated Focal Length [3136][0.78N]
# 160 projs (46 pts and 1 merges)
PBA: 309 3D pts, 6 cams and 857 projs...
PBA: 1.909 -> 0.997 (22 LMs in 0.06sec)
#points w/ large errors:	4
Focal Length : [3136.000]->[3130.187]
Radial Distortion : [0.013 -> 10]

#############################
#7: [Image16] sees 73 (+48) 3D points
Focal Length in EXIF  [3136.000]
Estimated Focal Length [3136][0.78N]
# 71 projs (17 pts and 1 merges)
PBA: 317 3D pts, 7 cams and 905 projs...
PBA: 1.666 -> 1.276 (21 LMs in 0.06sec)
#points w/ large errors:	3

**************************************
#7/7:  77 projs and 20 pts added.
PBA: 316 3D pts, 7 cams and 898 projs...
PBA: 7.888 -> 5.867 (13 LMs in 0.02sec)
#points w/ large errors:	2
PBA: 314 3D pts, 7 cams and 894 projs...
PBA: 4.350 -> 4.350 (12 LMs in 0.02sec)
Focal Length : [3136.000]->[3202.335]
Radial Distortion : [-0.125 -> -101]

#############################
+8: [Image10] sees 51 (+134) 3D points
Focal Length in EXIF  [3136.000]
Estimated Focal Length [3136][0.78N]
# 34 projs (0 pts and 0 merges)
PBA: 308 3D pts, 8 cams and 916 projs...
PBA: 3.981 -> 3.141 (16 LMs in 0.08sec)
#points w/ large errors:	26
Focal Length : [3136.000]->[3090.400]
Radial Distortion : [-0.045 -> -39]

#############################
+9: [Image11] sees 62 (+423) 3D points
Focal Length in EXIF  [3136.000]
Estimated Focal Length [3136][0.78N]
# 27 projs (0 pts and 0 merges)
PBA: 278 3D pts, 9 cams and 867 projs...
PBA: 1.750 -> 1.085 (24 LMs in 0.09sec)
#points w/ large errors:	3

**************************************
#9/9:  199 projs and 86 pts added.
PBA: 361 3D pts, 9 cams and 1031 projs...
PBA: 8.450 -> 1.652 (15 LMs in 0.17sec)
PBA: 361 3D pts, 9 cams and 1031 projs...
PBA: 1.652 -> 1.014 (36 LMs in 0.34sec)
Focal Length : [3136.000]->[3161.860]
Radial Distortion : [-0.027 -> -22]

#############################
#10: [Image7] sees 85 (+323) 3D points
Focal Length in EXIF  [3136.000]
Estimated Focal Length [3136][0.78N]
# 24 projs (0 pts and 0 merges)
PBA: 359 3D pts, 10 cams and 1051 projs...
PBA: 1.359 -> 0.955 (17 LMs in 0.04sec)
#points w/ large errors:	8
Focal Length : [3136.000]->[3102.698]
Radial Distortion : [-0.101 -> -87]

#############################
#11: [Image5] sees 41 (+92) 3D points
Focal Length in EXIF  [3136.000]
Estimated Focal Length [3136][0.78N]
# 27 projs (0 pts and 0 merges)
PBA: 347 3D pts, 11 cams and 1042 projs...
PBA: 1.803 -> 0.932 (27 LMs in 0.11sec)
#points w/ large errors:	3
Focal Length : [3136.000]->[3340.090]
Radial Distortion : [-0.029 -> -22]

#############################
#12: [Image12] sees 51 (+537) 3D points
Focal Length in EXIF  [3136.000]
Estimated Focal Length [3136][0.78N]
# 15 projs (0 pts and 0 merges)
ERROR: too few projections are initiated
END: No more images to add [0 projs]

#############################
Initialize with Image2 and Image14
Failed to initialize with the chosen pair
Initialize with Image13 and Image15
22 3D points initialized from two images
PBA: 22 3D pts, 2 cams and 44 projs...
PBA: 0.478 -> 0.310 (56 LMs in 0.66sec)
Focal Length : [3136.000]->[3065.060]
Focal Length : [3136.000]->[3144.937]
END: No more images to add [0 projs]

#############################
Failed to find two images for initialization
NOTE: 1 small models are deleted
Resuming SfM finished, 4 sec used

---------------------------------------------------
2 cams, 23 pts (3+: 0)
44 projections (3+: 0)
---------------------------------------------------
2 model(s) reconstructed from 16 images;
13 modeled; 0 reused; 16 EXIF; 
1MB(1) used to store feature location.
---------------------------------------------------

########-------timing------#########
Structure-From-Motion finished, 5 sec used
4.2(4.2) seconds on Bundle Adjustment (+)
4.0(4.0) seconds on Bundle Adjustment (*)
#############################
----------------------------------------------------------------
Run full 3D reconstruction, finished
Totally 5.000 seconds used


Run dense reconstruction, begin...
Save to test.nvm ... done

#############################
Undistorting 2 images in model #1
param_undistortion_thread_num = 0
NOTE: using 16 threads...
#00: Image13 -> 00000000.jpg, 1.817 sec
#00: Image15 -> 00000001.jpg, 1.776 sec
----------------------------------------------------------------
Running Yasutaka Furukawa's CMVS tool...
cmvs "C:\Users\AVISH\OneDrive\Desktop\RSN PROJECT\Chess\test.nvm.cmvs\01\\" 50 16
genOption "C:\Users\AVISH\OneDrive\Desktop\RSN PROJECT\Chess\test.nvm.cmvs\01\\" 1 2 0.700000 7 2 16
1 cluster is generated for pmvs reconstruction.
pmvs2 "C:\Users\AVISH\OneDrive\Desktop\RSN PROJECT\Chess\test.nvm.cmvs\01\\" option-0000
This may take a little more time, waiting...
6 seconds were used by PMVS
Loading option-0000.ply, 776 vertices ...

#############################
You can manually remove bad MVS points:
1. Switch to dense MVS points mode;
2. Hit F1 key to enter the selection mode;
3. Select points by dragging a rectangle;
4. Hit DELETE to delete the selected points.

#############################
Save to test.nvm ... done
Save C:\Users\AVISH\OneDrive\Desktop\RSN PROJECT\Chess\test.1.ply ...done
----------------------------------------------------------------
Run dense reconstruction, finished
Totally 10.000 seconds used

