0: 001
image_size:	512x480
1: 020
image_size:	512x480
2: 040
image_size:	512x480
3: 060
image_size:	512x480
4: 080
image_size:	512x480
5: 100
image_size:	512x480
Loading image pixel data ...done in 0s

Compute Missing Pairwise Matching, begin...
********* WARNING ***********
More than 90MB of graphic memory may be allocated
under the default settings. If the program halts here,
adjust parameters to save memory and rerun the task: 
    [Tools->Enable GPU->Set Maximum DIM]
Note some octaves may be automatically skipped
SIFT: 0000, 512x480, 	1197, 0.86sec
SIFT: 0001, 512x480, 	1147, 0.10sec
SIFT: 0002, 512x480, 	1166, 0.10sec
SIFT: 0003, 512x480, 	1070, 0.10sec
SIFT: 0004, 512x480, 	1211, 0.10sec
SIFT: 0005, 512x480, 	1369, 0.10sec

###########-------timing------#########
6 Feature Detection finished, 2 sec used
#############################

15 pairs to compute match
NOTE: using 2 matching workers
0001 and 0002: 376 matches, 0.01sec, #1
0001 and 0002: [277/376], H[53], 0.00sec
0000 and 0003: 75 matches, 0.01sec, #1
0000 and 0003: [41/75], H[9], 0.01sec
0001 and 0003: 157 matches, 0.01sec, #1
0001 and 0003: [109/157], H[13], 0.00sec
0002 and 0003: 368 matches, 0.01sec, #1
0002 and 0003: [303/368], H[40], 0.00sec
0000 and 0004: 29 matches, 0.01sec, #1
0000 and 0004: [14/29], H[6], 0.01sec
0001 and 0004: 59 matches, 0.01sec, #1
0001 and 0004: [27/59], H[5], 0.02sec
0002 and 0004: 140 matches, 0.01sec, #1
0002 and 0004: [91/140], H[8], 0.01sec
0003 and 0004: 315 matches, 0.01sec, #1
0003 and 0004: [293/315], H[16], 0.00sec
0000 and 0001: 402 matches, 0.22sec, #0
0000 and 0005: 13 matches, 0.01sec, #1
0000 and 0001: [334/402], H[34], 0.00sec
0001 and 0005: 24 matches, 0.01sec, #1
0002 and 0005: 46 matches, 0.01sec, #1
0000 and 0002: 178 matches, 0.03sec, #0
0000 and 0002: [112/178], H[19], 0.01sec
0002 and 0005: [21/46], H[5], 0.05sec
0003 and 0005: 112 matches, 0.03sec, #0
0004 and 0005: 371 matches, 0.01sec, #1
0003 and 0005: [82/112], H[14], 0.00sec
0004 and 0005: [327/371], H[83], 0.00sec

###########-------timing------#########
15 Image Match finished, 0 sec used
#############################

----------------------------------------------------------------
Compute Missing Pairwise Matching, finished
Totally 2.000 seconds used


Run full 3D reconstruction, begin...
9 pairs have two-view models
13 pairs have fundamental matrices
Initialize with 020 and 040
277 3D points initialized from two images
PBA library version = 105
PBA: 277 3D pts, 2 cams and 554 projs...
PBA: 0.110 -> 0.096 (1 LMs in 0.15sec)
Focal Length : [614.400]->[610.879]
Focal Length : [614.400]->[618.182]

#############################
#3: [001] sees 234 (+197) 3D points
Estimated Focal Length [588][1.15N]
# 564 projs (197 pts and 0 merges)
PBA: 474 3D pts, 3 cams and 1118 projs...
PBA: 0.676 -> 0.188 (4 LMs in 0.05sec)

**************************************
#3/3:  564 projs and 197 pts added.
PBA: 474 3D pts, 3 cams and 1118 projs...
PBA: 0.188 -> 0.186 (1 LMs in 0.00sec)
PBA: 474 3D pts, 3 cams and 1118 projs...
PBA: 0.186 -> 0.185 (1 LMs in 0.00sec)
Focal Length : [587.626]->[607.899]
Radial Distortion : [-0.311 -> -15]

#############################
#4: [060] sees 289 (+167) 3D points
Estimated Focal Length [553][1.08N]
# 189 projs (0 pts and 0 merges)
PBA: 474 3D pts, 4 cams and 1307 projs...
PBA: 1.086 -> 0.245 (11 LMs in 0.20sec)
Focal Length : [553.284]->[633.314]
Radial Distortion : [-0.507 -> -22]

#############################
#5: [080] sees 157 (+203) 3D points
Estimated Focal Length [605][1.18N]
# 108 projs (0 pts and 0 merges)
PBA: 473 3D pts, 5 cams and 1413 projs...
PBA: 0.725 -> 0.249 (8 LMs in 0.16sec)
#unstable points removed:	88

**************************************
#5/5:  153 projs and 16 pts added.
PBA: 401 3D pts, 5 cams and 1282 projs...
PBA: 0.300 -> 0.289 (21 LMs in 0.05sec)
PBA: 401 3D pts, 5 cams and 1282 projs...
PBA: 0.289 -> 0.289 (17 LMs in 0.03sec)
Focal Length : [605.488]->[666.637]
Radial Distortion : [-0.585 -> -23]

#############################
#6: [100] sees 111 (+266) 3D points
Estimated Focal Length [587][1.15N]
# 80 projs (0 pts and 0 merges)
PBA: 401 3D pts, 6 cams and 1362 projs...
PBA: 0.996 -> 0.532 (22 LMs in 0.27sec)
Focal Length : [587.495]->[625.675]
Radial Distortion : [-0.900 -> -39]
END: No more images to add [0 projs]

#############################
Failed to find two images for initialization
Resuming SfM finished, 1 sec used

---------------------------------------------------
6 cams, 475 pts (3+: 255)
1362 projections (3+: 1070)
---------------------------------------------------
1 model(s) reconstructed from 6 images;
6 modeled; 0 reused; 0 EXIF; 
0MB(0) used to store feature location.
---------------------------------------------------

########-------timing------#########
Structure-From-Motion finished, 2 sec used
1.0(1.0) seconds on Bundle Adjustment (+)
0.9(0.9) seconds on Bundle Adjustment (*)
#############################
----------------------------------------------------------------
Run full 3D reconstruction, finished
Totally 2.000 seconds used


Run dense reconstruction, begin...
Save to other.nvm ... done

#############################
Undistorting 6 images in model #0
param_undistortion_thread_num = 0
NOTE: using 16 threads...
#02: 060 -> 00000003.jpg, 0.049 sec
#01: 001 -> 00000002.jpg, 0.052 sec
#03: 080 -> 00000004.jpg, 0.052 sec
#00: 020 -> 00000000.jpg, 0.052 sec
#04: 100 -> 00000005.jpg, 0.054 sec
#00: 040 -> 00000001.jpg, 0.041 sec
----------------------------------------------------------------
Running Yasutaka Furukawa's CMVS tool...
cmvs "C:\Users\AVISH\OneDrive\Desktop\RSN PROJECT\Data\other.nvm.cmvs\00\\" 50 16
genOption "C:\Users\AVISH\OneDrive\Desktop\RSN PROJECT\Data\other.nvm.cmvs\00\\" 1 2 0.700000 7 3 16
1 cluster is generated for pmvs reconstruction.
pmvs2 "C:\Users\AVISH\OneDrive\Desktop\RSN PROJECT\Data\other.nvm.cmvs\00\\" option-0000
This may take a little more time, waiting...
0 seconds were used by PMVS
Loading option-0000.ply, 1657 vertices ...

#############################
You can manually remove bad MVS points:
1. Switch to dense MVS points mode;
2. Hit F1 key to enter the selection mode;
3. Select points by dragging a rectangle;
4. Hit DELETE to delete the selected points.

#############################
Save to other.nvm ... done
Save C:\Users\AVISH\OneDrive\Desktop\RSN PROJECT\Data\other.0.ply ...done
----------------------------------------------------------------
Run dense reconstruction, finished
Totally 1.000 seconds used

Loading image pixel data ...done in 0s
