0: IMG_4959
image_size:	4032x3024
focal_length:	3136.000
1: IMG_4960
image_size:	4032x3024
focal_length:	3136.000
2: IMG_4961
image_size:	4032x3024
focal_length:	3136.000
3: IMG_4962
image_size:	4032x3024
focal_length:	3136.000
4: IMG_4963
image_size:	4032x3024
focal_length:	3136.000
5: IMG_4964
image_size:	4032x3024
focal_length:	3136.000
6: IMG_4965
image_size:	4032x3024
focal_length:	3136.000
7: IMG_4966
image_size:	4032x3024
focal_length:	3136.000
8: IMG_4967
image_size:	4032x3024
focal_length:	3136.000
9: IMG_4968
image_size:	4032x3024
focal_length:	3136.000
10: IMG_4969
image_size:	4032x3024
focal_length:	3136.000
11: IMG_4970
image_size:	4032x3024
focal_length:	3136.000
12: IMG_4971
image_size:	4032x3024
focal_length:	3136.000
13: IMG_4972
image_size:	4032x3024
focal_length:	3136.000
14: IMG_4973
image_size:	4032x3024
focal_length:	3136.000
15: IMG_4974
image_size:	4032x3024
focal_length:	3136.000
16: IMG_4975
image_size:	4032x3024
focal_length:	3136.000
17: IMG_4976
image_size:	4032x3024
focal_length:	3136.000
18: IMG_4977
image_size:	4032x3024
focal_length:	3136.000
19: IMG_4978
image_size:	4032x3024
focal_length:	3136.000
Loading image pixel data ...done in 7s

Compute Missing Pairwise Matching, begin...
********* WARNING ***********
More than 279MB of graphic memory may be allocated
under the default settings. If the program halts here,
adjust parameters to save memory and rerun the task: 
    [Tools->Enable GPU->Set Maximum DIM]
Note some octaves may be automatically skipped
SIFT: 0000, 4032x3024, 	5056, 1.20sec
SIFT: 0001, 4032x3024, 	4937, 0.22sec
SIFT: 0002, 4032x3024, 	4423, 0.19sec
SIFT: 0003, 4032x3024, 	4487, 0.19sec
SIFT: 0004, 4032x3024, 	4434, 0.19sec
SIFT: 0005, 4032x3024, 	4652, 0.19sec
SIFT: 0006, 4032x3024, 	4748, 0.19sec
SIFT: 0007, 4032x3024, 	4782, 0.20sec
SIFT: 0008, 4032x3024, 	4994, 0.20sec
SIFT: 0009, 4032x3024, 	6050, 0.22sec
SIFT: 0010, 4032x3024, 	5783, 0.20sec
SIFT: 0011, 4032x3024, 	4527, 0.19sec
SIFT: 0012, 4032x3024, 	4700, 0.22sec
SIFT: 0013, 4032x3024, 	5741, 0.22sec
SIFT: 0014, 4032x3024, 	4650, 0.19sec
SIFT: 0015, 4032x3024, 	3431, 0.17sec
SIFT: 0016, 4032x3024, 	1450, 0.15sec
SIFT: 0017, 4032x3024, 	2654, 0.16sec
SIFT: 0018, 4032x3024, 	6852, 0.24sec
SIFT: 0019, 4032x3024, 	5102, 0.21sec

###########-------timing------#########
20 Feature Detection finished, 6 sec used
#############################

190 pairs to compute match
NOTE: using 3 matching workers
0001 and 0002: 442 matches, 0.07sec, #1
0001 and 0002: [327/442], H[196], 0.01sec
0000 and 0003: 111 matches, 0.10sec, #2
0000 and 0003: [59/111], H[41], 0.04sec
0001 and 0003: 151 matches, 0.10sec, #1
0004 and 0005: 384 matches, 0.06sec, #2
0001 and 0003: [79/151], H[60], 0.02sec
0004 and 0005: [246/384], H[159], 0.01sec
0002 and 0003: 203 matches, 0.09sec, #1
0000 and 0006: 103 matches, 0.09sec, #2
0002 and 0003: [127/203], H[92], 0.01sec
0000 and 0001: 930 matches, 0.59sec, #0
0000 and 0001: [792/930], H[623], 0.01sec
0000 and 0006: [42/103], H[18], 0.05sec
0000 and 0004: 99 matches, 0.06sec, #1
0000 and 0002: 294 matches, 0.21sec, #0
0000 and 0004: [41/99], H[29], 0.04sec
0000 and 0002: [178/294], H[104], 0.01sec
0001 and 0006: 110 matches, 0.06sec, #2
0001 and 0004: 111 matches, 0.06sec, #1
0001 and 0006: [43/110], H[18], 0.05sec
0001 and 0004: [50/111], H[33], 0.03sec
0002 and 0006: 128 matches, 0.06sec, #2
0003 and 0007: 115 matches, 0.16sec, #0
0003 and 0007: [69/115], H[58], 0.01sec
0002 and 0006: [72/128], H[37], 0.03sec
0002 and 0004: 173 matches, 0.09sec, #1
0003 and 0006: 142 matches, 0.06sec, #2
0004 and 0007: 132 matches, 0.15sec, #0
0002 and 0004: [96/173], H[63], 0.01sec
0003 and 0006: [81/142], H[49], 0.01sec
0004 and 0007: [68/132], H[45], 0.02sec
0003 and 0004: 469 matches, 0.08sec, #1
0004 and 0006: 232 matches, 0.08sec, #2
0003 and 0004: [374/469], H[223], 0.01sec
0005 and 0007: 191 matches, 0.16sec, #0
0005 and 0007: [135/191], H[100], 0.01sec
0004 and 0006: [130/232], H[63], 0.03sec
0000 and 0005: 65 matches, 0.11sec, #1
0005 and 0006: 469 matches, 0.09sec, #2
0006 and 0007: 218 matches, 0.16sec, #0
0005 and 0006: [353/469], H[167], 0.01sec
0006 and 0007: [137/218], H[63], 0.03sec
0000 and 0005: [16/65], H[7], 0.09sec
0000 and 0007: 77 matches, 0.07sec, #2
0000 and 0008: 85 matches, 0.21sec, #0
0001 and 0005: 95 matches, 0.06sec, #1
0000 and 0007: [26/77], H[9], 0.08sec
0001 and 0005: [45/95], H[25], 0.04sec
0000 and 0008: [15/85], H[7], 0.08sec
0001 and 0007: 78 matches, 0.07sec, #2
0002 and 0005: 132 matches, 0.07sec, #1
0001 and 0008: 85 matches, 0.18sec, #0
0001 and 0007: [42/78], H[29], 0.03sec
0002 and 0005: [61/132], H[39], 0.02sec
0002 and 0007: 90 matches, 0.07sec, #2
0002 and 0007: [47/90], H[29], 0.02sec
0001 and 0008: [17/85], H[7], 0.10sec
0003 and 0005: 365 matches, 0.13sec, #1
0006 and 0008: 107 matches, 0.06sec, #2
0002 and 0008: 67 matches, 0.16sec, #0
0003 and 0005: [207/365], H[142], 0.01sec
0006 and 0008: [57/107], H[22], 0.06sec
0002 and 0008: [15/67], H[7], 0.10sec
0008 and 0009: 546 matches, 0.10sec, #1
0008 and 0009: [388/546], H[239], 0.02sec
0007 and 0008: 284 matches, 0.08sec, #2
0003 and 0008: 66 matches, 0.16sec, #0
0007 and 0008: [183/284], H[143], 0.01sec
0000 and 0010: 150 matches, 0.07sec, #1
0003 and 0008: [19/66], H[10], 0.11sec
0000 and 0009: 104 matches, 0.11sec, #2
0000 and 0010: [70/150], H[48], 0.07sec
0000 and 0009: [36/104], H[19], 0.06sec
0004 and 0008: 65 matches, 0.15sec, #0
0001 and 0010: 96 matches, 0.09sec, #1
0004 and 0008: [15/65], H[0], 0.08sec
0001 and 0009: 89 matches, 0.09sec, #2
0001 and 0010: [32/96], H[14], 0.08sec
0001 and 0009: [21/89], H[7], 0.07sec
0005 and 0008: 77 matches, 0.16sec, #0
0002 and 0010: 59 matches, 0.08sec, #1
0002 and 0009: 70 matches, 0.08sec, #2
0005 and 0008: [26/77], H[12], 0.13sec
0002 and 0010: [17/59], H[8], 0.09sec
0002 and 0009: [15/70], H[7], 0.07sec
0009 and 0010: 289 matches, 0.25sec, #0
0009 and 0010: [193/289], H[101], 0.01sec
0003 and 0009: 50 matches, 0.05sec, #2
0003 and 0010: 50 matches, 0.10sec, #1
0003 and 0009: [13/50], H[5], 0.06sec
0000 and 0011: 85 matches, 0.16sec, #0
0004 and 0009: 45 matches, 0.07sec, #2
0000 and 0011: [33/85], H[16], 0.06sec
0003 and 0010: [11/50], H[6], 0.08sec
0004 and 0010: 51 matches, 0.07sec, #1
0004 and 0009: [13/45], H[6], 0.08sec
0001 and 0011: 77 matches, 0.16sec, #0
0005 and 0009: 59 matches, 0.08sec, #2
0001 and 0011: [27/77], H[8], 0.09sec
0004 and 0010: [14/51], H[7], 0.10sec
0005 and 0009: [14/59], H[5], 0.09sec
0005 and 0010: 45 matches, 0.08sec, #1
0002 and 0011: 56 matches, 0.14sec, #0
0006 and 0009: 73 matches, 0.09sec, #2
0005 and 0010: [15/45], H[7], 0.10sec
0002 and 0011: [18/56], H[9], 0.10sec
0006 and 0009: [34/73], H[17], 0.05sec
0006 and 0010: 74 matches, 0.08sec, #1
0003 and 0011: 37 matches, 0.15sec, #0
0007 and 0009: 170 matches, 0.09sec, #2
0006 and 0010: [19/74], H[11], 0.09sec
0003 and 0011: [11/37], H[5], 0.09sec
0007 and 0009: [97/170], H[77], 0.01sec
0007 and 0010: 129 matches, 0.10sec, #1
0009 and 0011: 248 matches, 0.11sec, #2
0004 and 0011: 52 matches, 0.15sec, #0
0009 and 0011: [163/248], H[84], 0.01sec
0007 and 0010: [61/129], H[44], 0.02sec
0004 and 0011: [14/52], H[8], 0.10sec
0010 and 0011: 576 matches, 0.10sec, #2
0010 and 0011: [414/576], H[216], 0.01sec
0008 and 0010: 188 matches, 0.13sec, #1
0005 and 0011: 53 matches, 0.16sec, #0
0008 and 0010: [111/188], H[70], 0.01sec
0000 and 0012: 136 matches, 0.07sec, #2
0005 and 0011: [12/53], H[0], 0.07sec
0008 and 0012: 91 matches, 0.07sec, #1
0000 and 0012: [51/136], H[19], 0.06sec
0006 and 0011: 47 matches, 0.16sec, #0
0008 and 0012: [35/91], H[13], 0.06sec
0001 and 0012: 110 matches, 0.10sec, #2
0006 and 0011: [14/47], H[8], 0.10sec
0009 and 0012: 133 matches, 0.08sec, #1
0001 and 0012: [35/110], H[19], 0.07sec
0007 and 0011: 108 matches, 0.15sec, #0
0009 and 0012: [81/133], H[39], 0.02sec
0002 and 0012: 87 matches, 0.08sec, #2
0010 and 0012: 260 matches, 0.07sec, #1
0007 and 0011: [45/108], H[10], 0.10sec
0010 and 0012: [153/260], H[74], 0.02sec
0002 and 0012: [34/87], H[10], 0.07sec
0008 and 0011: 170 matches, 0.15sec, #0
0008 and 0011: [109/170], H[55], 0.02sec
0011 and 0012: 312 matches, 0.07sec, #1
0003 and 0012: 65 matches, 0.07sec, #2
0011 and 0012: [190/312], H[98], 0.02sec
0003 and 0012: [30/65], H[20], 0.02sec
0006 and 0013: 91 matches, 0.19sec, #0
0006 and 0013: [43/91], H[23], 0.07sec
0000 and 0013: 151 matches, 0.09sec, #1
0004 and 0012: 58 matches, 0.06sec, #2
0000 and 0013: [55/151], H[19], 0.07sec
0007 and 0013: 67 matches, 0.21sec, #0
0001 and 0013: 141 matches, 0.07sec, #1
0004 and 0012: [16/58], H[6], 0.09sec
0007 and 0013: [15/67], H[6], 0.09sec
0005 and 0012: 44 matches, 0.07sec, #2
0001 and 0013: [58/141], H[27], 0.09sec
0005 and 0012: [12/44], H[7], 0.07sec
0008 and 0013: 91 matches, 0.25sec, #0
0002 and 0013: 96 matches, 0.08sec, #1
0006 and 0012: 74 matches, 0.08sec, #2
0008 and 0013: [36/91], H[14], 0.06sec
0002 and 0013: [35/96], H[14], 0.06sec
0006 and 0012: [21/74], H[7], 0.07sec
0009 and 0013: 111 matches, 0.26sec, #0
0003 and 0013: 96 matches, 0.08sec, #1
0003 and 0013: [56/96], H[47], 0.01sec
0009 and 0013: [56/111], H[35], 0.02sec
0007 and 0012: 55 matches, 0.07sec, #2
0007 and 0012: [14/55], H[0], 0.06sec
0004 and 0013: 75 matches, 0.08sec, #1
0003 and 0014: 30 matches, 0.05sec, #2
0010 and 0013: 192 matches, 0.23sec, #0
0004 and 0013: [30/75], H[20], 0.04sec
0010 and 0013: [106/192], H[48], 0.03sec
0003 and 0014: [9/30], H[0], 0.06sec
0005 and 0013: 60 matches, 0.08sec, #1
0004 and 0014: 33 matches, 0.08sec, #2
0011 and 0013: 190 matches, 0.18sec, #0
0011 and 0013: [101/190], H[43], 0.03sec
0004 and 0014: [9/33], H[0], 0.05sec
0005 and 0013: [17/60], H[10], 0.07sec
0005 and 0014: 27 matches, 0.05sec, #2
0012 and 0013: 436 matches, 0.18sec, #0
0012 and 0013: [308/436], H[151], 0.02sec
0013 and 0014: 45 matches, 0.07sec, #1
0005 and 0014: [9/27], H[0], 0.06sec
0013 and 0014: [10/45], H[5], 0.06sec
0000 and 0014: 45 matches, 0.20sec, #0
0006 and 0014: 38 matches, 0.07sec, #2
0000 and 0015: 34 matches, 0.04sec, #1
0006 and 0014: [10/38], H[0], 0.05sec
0000 and 0014: [10/45], H[0], 0.06sec
0000 and 0015: [9/34], H[0], 0.06sec
0007 and 0014: 56 matches, 0.07sec, #2
0001 and 0015: 26 matches, 0.05sec, #1
0001 and 0015: [9/26], H[0], 0.05sec
0001 and 0014: 37 matches, 0.16sec, #0
0007 and 0014: [20/56], H[9], 0.07sec
0002 and 0015: 34 matches, 0.06sec, #1
0001 and 0014: [9/37], H[0], 0.07sec
0008 and 0014: 63 matches, 0.08sec, #2
0002 and 0015: [9/34], H[0], 0.05sec
0002 and 0014: 39 matches, 0.16sec, #0
0003 and 0015: 28 matches, 0.04sec, #1
0008 and 0014: [22/63], H[9], 0.07sec
0002 and 0014: [10/39], H[0], 0.06sec
0003 and 0015: [9/28], H[0], 0.08sec
0009 and 0014: 91 matches, 0.08sec, #2
0009 and 0015: 53 matches, 0.14sec, #0
0009 and 0014: [58/91], H[43], 0.01sec
0009 and 0015: [24/53], H[7], 0.06sec
0004 and 0015: 30 matches, 0.07sec, #1
0010 and 0014: 57 matches, 0.08sec, #2
0004 and 0015: [10/30], H[5], 0.08sec
0010 and 0014: [19/57], H[14], 0.07sec
0005 and 0015: 27 matches, 0.06sec, #1
0010 and 0015: 39 matches, 0.19sec, #0
0011 and 0014: 41 matches, 0.07sec, #2
0005 and 0015: [9/27], H[0], 0.06sec
0010 and 0015: [9/39], H[0], 0.06sec
0006 and 0015: 44 matches, 0.04sec, #1
0011 and 0014: [11/41], H[6], 0.09sec
0011 and 0015: 38 matches, 0.14sec, #0
0012 and 0014: 46 matches, 0.06sec, #2
0006 and 0015: [18/44], H[11], 0.08sec
0011 and 0015: [9/38], H[5], 0.09sec
0007 and 0015: 66 matches, 0.05sec, #1
0012 and 0014: [11/46], H[6], 0.09sec
0007 and 0015: [32/66], H[23], 0.01sec
0012 and 0015: 28 matches, 0.14sec, #0
0004 and 0016: 16 matches, 0.03sec, #2
0008 and 0015: 95 matches, 0.06sec, #1
0005 and 0016: 18 matches, 0.02sec, #2
0008 and 0015: [56/95], H[43], 0.01sec
0006 and 0016: 14 matches, 0.03sec, #2
0012 and 0015: [9/28], H[0], 0.06sec
0014 and 0016: 22 matches, 0.03sec, #1
0007 and 0016: 12 matches, 0.03sec, #2
0015 and 0016: 26 matches, 0.02sec, #1
0013 and 0015: 24 matches, 0.14sec, #0
0008 and 0016: 8 matches, 0.02sec, #2
0015 and 0016: [10/26], H[0], 0.04sec
0014 and 0015: 85 matches, 0.10sec, #0
0009 and 0016: 10 matches, 0.04sec, #2
0000 and 0017: 23 matches, 0.04sec, #1
0010 and 0016: 15 matches, 0.03sec, #2
0001 and 0017: 22 matches, 0.05sec, #1
0011 and 0016: 15 matches, 0.02sec, #2
0014 and 0015: [23/85], H[16], 0.10sec
0002 and 0017: 28 matches, 0.04sec, #1
0012 and 0016: 4 matches, 0.04sec, #2
0000 and 0016: 14 matches, 0.06sec, #0
0013 and 0016: 20 matches, 0.03sec, #2
0001 and 0016: 13 matches, 0.05sec, #0
0003 and 0017: 33 matches, 0.04sec, #1
0008 and 0017: 24 matches, 0.04sec, #2
0002 and 0016: 13 matches, 0.06sec, #0
0009 and 0017: 24 matches, 0.04sec, #2
0003 and 0017: [9/33], H[0], 0.06sec
0003 and 0016: 17 matches, 0.05sec, #0
0010 and 0017: 33 matches, 0.07sec, #2
0004 and 0017: 19 matches, 0.04sec, #1
0001 and 0018: 68 matches, 0.24sec, #0
0001 and 0018: [34/68], H[31], 0.01sec
0005 and 0017: 30 matches, 0.03sec, #1
0010 and 0017: [9/33], H[0], 0.06sec
0011 and 0017: 26 matches, 0.03sec, #2
0005 and 0017: [9/30], H[0], 0.05sec
0002 and 0018: 37 matches, 0.19sec, #0
0006 and 0017: 37 matches, 0.04sec, #1
0011 and 0017: [9/26], H[0], 0.05sec
0002 and 0018: [9/37], H[0], 0.05sec
0012 and 0017: 22 matches, 0.04sec, #2
0006 and 0017: [9/37], H[0], 0.07sec
0003 and 0018: 44 matches, 0.20sec, #0
0013 and 0017: 16 matches, 0.06sec, #2
0007 and 0017: 25 matches, 0.06sec, #1
0003 and 0018: [16/44], H[11], 0.07sec
0014 and 0017: 36 matches, 0.04sec, #2
0007 and 0017: [9/25], H[0], 0.05sec
0004 and 0018: 53 matches, 0.20sec, #0
0011 and 0018: 37 matches, 0.09sec, #1
0014 and 0017: [9/36], H[5], 0.10sec
0004 and 0018: [17/53], H[11], 0.09sec
0015 and 0017: 27 matches, 0.03sec, #2
0011 and 0018: [13/37], H[8], 0.07sec
0015 and 0017: [9/27], H[0], 0.05sec
0005 and 0018: 59 matches, 0.21sec, #0
0016 and 0017: 26 matches, 0.06sec, #2
0012 and 0018: 39 matches, 0.08sec, #1
0005 and 0018: [16/59], H[10], 0.08sec
0012 and 0018: [11/39], H[6], 0.08sec
0000 and 0018: 59 matches, 0.09sec, #2
0006 and 0018: 54 matches, 0.22sec, #0
0000 and 0018: [32/59], H[27], 0.01sec
0006 and 0018: [10/54], H[5], 0.11sec
0003 and 0019: 40 matches, 0.07sec, #2
0013 and 0018: 39 matches, 0.15sec, #1
0007 and 0018: 31 matches, 0.23sec, #0
0013 and 0018: [12/39], H[6], 0.06sec
0003 and 0019: [10/40], H[5], 0.07sec
0007 and 0018: [9/31], H[0], 0.06sec
0014 and 0018: 54 matches, 0.07sec, #1
0004 and 0019: 47 matches, 0.07sec, #2
0008 and 0018: 41 matches, 0.23sec, #0
0014 and 0018: [14/54], H[8], 0.05sec
0004 and 0019: [10/47], H[5], 0.06sec
0008 and 0018: [10/41], H[0], 0.05sec
0015 and 0018: 39 matches, 0.06sec, #1
0005 and 0019: 36 matches, 0.06sec, #2
0009 and 0018: 41 matches, 0.25sec, #0
0005 and 0019: [9/36], H[0], 0.04sec
0015 and 0018: [10/39], H[5], 0.06sec
0016 and 0018: 24 matches, 0.04sec, #1
0006 and 0019: 32 matches, 0.06sec, #2
0009 and 0018: [10/41], H[5], 0.08sec
0017 and 0018: 92 matches, 0.04sec, #1
0006 and 0019: [9/32], H[0], 0.05sec
0017 and 0018: [39/92], H[14], 0.03sec
0010 and 0018: 54 matches, 0.29sec, #0
0007 and 0019: 40 matches, 0.07sec, #2
0000 and 0019: 36 matches, 0.07sec, #1
0010 and 0018: [18/54], H[11], 0.06sec
0000 and 0019: [9/36], H[0], 0.04sec
0007 and 0019: [10/40], H[5], 0.06sec
0008 and 0019: 36 matches, 0.04sec, #2
0001 and 0019: 34 matches, 0.08sec, #1
0011 and 0019: 28 matches, 0.14sec, #0
0001 and 0019: [9/34], H[0], 0.04sec
0011 and 0019: [10/28], H[0], 0.04sec
0008 and 0019: [10/36], H[5], 0.06sec
0002 and 0019: 28 matches, 0.06sec, #1
0009 and 0019: 43 matches, 0.07sec, #2
0012 and 0019: 44 matches, 0.14sec, #0
0002 and 0019: [9/28], H[0], 0.04sec
0009 and 0019: [9/43], H[0], 0.04sec
0012 and 0019: [10/44], H[0], 0.06sec
0015 and 0019: 36 matches, 0.07sec, #1
0010 and 0019: 35 matches, 0.06sec, #2
0015 and 0019: [10/36], H[5], 0.05sec
0016 and 0019: 19 matches, 0.02sec, #1
0013 and 0019: 39 matches, 0.19sec, #0
0010 and 0019: [10/35], H[0], 0.05sec
0017 and 0019: 37 matches, 0.06sec, #1
0013 and 0019: [10/39], H[5], 0.07sec
0018 and 0019: 66 matches, 0.07sec, #2
0017 and 0019: [11/37], H[5], 0.05sec
0018 and 0019: [13/66], H[0], 0.04sec
0014 and 0019: 38 matches, 0.14sec, #0
0014 and 0019: [10/38], H[0], 0.04sec

###########-------timing------#########
190 Image Match finished, 14 sec used
#############################

----------------------------------------------------------------
Compute Missing Pairwise Matching, finished
Totally 20.000 seconds used


Run full 3D reconstruction, begin...
81 pairs have two-view models
163 pairs have fundamental matrices
Initialize with IMG_4959 and IMG_4971
51 3D points initialized from two images
PBA library version = 105
PBA: 51 3D pts, 2 cams and 102 projs...
PBA: 0.883 -> 0.658 (12 LMs in 0.15sec)
Focal Length : [3136.000]->[3141.750]
Focal Length : [3136.000]->[3136.505]

#############################
#3: [IMG_4960] sees 53 (+765) 3D points
Focal Length in EXIF  [3136.000]
Estimated Focal Length [3136][0.78N]
# 34 projs (0 pts and 0 merges)
PBA: 51 3D pts, 3 cams and 136 projs...
PBA: 2.475 -> 1.232 (16 LMs in 0.03sec)

**************************************
#3/3:  34 projs and 0 pts added.
PBA: 50 3D pts, 3 cams and 134 projs...
PBA: 1.524 -> 1.192 (13 LMs in 0.04sec)
PBA: 50 3D pts, 3 cams and 134 projs...
PBA: 1.192 -> 1.164 (12 LMs in 0.05sec)
Focal Length : [3136.000]->[3098.428]
Radial Distortion : [0.025 -> 21]

#############################
#4: [IMG_4972] sees 40 (+347) 3D points
Focal Length in EXIF  [3136.000]
Estimated Focal Length [3136][0.78N]
# 21 projs (0 pts and 0 merges)
PBA: 50 3D pts, 4 cams and 155 projs...
PBA: 2.464 -> 1.642 (20 LMs in 0.12sec)
#points w/ large errors:	3
Radial Distortion : [0.023 -> 21]
# 415 projs (196 pts and 0 merges)
PBA: 243 3D pts, 4 cams and 562 projs...
PBA: 3.502 -> 2.150 (5 LMs in 0.01sec)
Focal Length : [3136.000]->[2971.031]
Radial Distortion : [0.014 -> 12]

#############################
#5: [IMG_4970] sees 89 (+228) 3D points
Focal Length in EXIF  [3136.000]
Estimated Focal Length [3136][0.78N]
# 308 projs (124 pts and 0 merges)
PBA: 358 3D pts, 5 cams and 852 projs...
PBA: 9.168 -> 1.843 (26 LMs in 0.14sec)
#points w/ large errors:	21

**************************************
#5/5:  469 projs and 201 pts added.
PBA: 409 3D pts, 5 cams and 951 projs...
PBA: 2.140 -> 1.242 (32 LMs in 0.09sec)
PBA: 409 3D pts, 5 cams and 951 projs...
PBA: 1.242 -> 1.223 (17 LMs in 0.11sec)
Focal Length : [3136.000]->[3120.740]
Radial Distortion : [0.025 -> 20]

#############################
#6: [IMG_4969] sees 189 (+523) 3D points
Focal Length in EXIF  [3136.000]
Estimated Focal Length [3136][0.78N]
# 95 projs (0 pts and 0 merges)
PBA: 378 3D pts, 6 cams and 984 projs...
PBA: 6.182 -> 1.966 (21 LMs in 0.12sec)
#points w/ large errors:	13
Radial Distortion : [0.039 -> 32]
# 571 projs (259 pts and 0 merges)
PBA: 638 3D pts, 6 cams and 1549 projs...
PBA: 2.996 -> 1.634 (5 LMs in 0.05sec)
Focal Length : [3136.000]->[3110.551]
Radial Distortion : [0.011 -> 9]

#############################
#7: [IMG_4968] sees 164 (+314) 3D points
Focal Length in EXIF  [3136.000]
Estimated Focal Length [3136][0.78N]
# 230 projs (74 pts and 1 merges)
PBA: 698 3D pts, 7 cams and 1753 projs...
PBA: 4.113 -> 2.343 (28 LMs in 0.10sec)
#points w/ large errors:	38

**************************************
#7/7:  753 projs and 300 pts added.
PBA: 885 3D pts, 7 cams and 2149 projs...
PBA: 5.118 -> 1.694 (37 LMs in 0.19sec)
#points w/ large errors:	13
PBA: 872 3D pts, 7 cams and 2116 projs...
PBA: 1.928 -> 1.916 (17 LMs in 0.04sec)
#points w/ large errors:	1
Focal Length : [3136.000]->[3077.145]
Radial Distortion : [-0.002 -> -3]

#############################
#8: [IMG_4967] sees 216 (+367) 3D points
Focal Length in EXIF  [3136.000]
Estimated Focal Length [3136][0.78N]
# 854 projs (354 pts and 2 merges)
PBA: 1205 3D pts, 8 cams and 2930 projs...
PBA: 7.479 -> 2.263 (23 LMs in 0.10sec)
#points w/ large errors:	50
Radial Distortion : [0.029 -> 24]
# 30 projs (9 pts and 0 merges)
PBA: 1164 3D pts, 8 cams and 2787 projs...
PBA: 1.853 -> 1.841 (5 LMs in 0.02sec)
Focal Length : [3136.000]->[3077.641]
Radial Distortion : [0.029 -> 24]

#############################
#9: [IMG_4966] sees 114 (+291) 3D points
Focal Length in EXIF  [3136.000]
Estimated Focal Length [3136][0.78N]
# 52 projs (0 pts and 0 merges)
PBA: 1135 3D pts, 9 cams and 2781 projs...
PBA: 2.864 -> 2.408 (16 LMs in 0.09sec)
#points w/ large errors:	57

**************************************
#9/9:  479 projs and 194 pts added.
PBA: 1276 3D pts, 9 cams and 3032 projs...
PBA: 3.050 -> 1.514 (21 LMs in 0.04sec)
#points w/ large errors:	6
PBA: 1270 3D pts, 9 cams and 3008 projs...
PBA: 1.395 -> 1.388 (17 LMs in 0.07sec)
#points w/ large errors:	4
Focal Length : [3136.000]->[3101.903]
Radial Distortion : [0.027 -> 22]

#############################
#10: [IMG_4965] sees 85 (+234) 3D points
Focal Length in EXIF  [3136.000]
Estimated Focal Length [3136][0.78N]
# 42 projs (0 pts and 0 merges)
PBA: 1245 3D pts, 10 cams and 2999 projs...
PBA: 1.908 -> 1.700 (100 LMs in 0.23sec)
#points w/ large errors:	41
Focal Length : [3136.000]->[3143.680]
Radial Distortion : [0.012 -> 10]

#############################
#11: [IMG_4961] sees 52 (+443) 3D points
Focal Length in EXIF  [3136.000]
Estimated Focal Length [3136][0.78N]
# 41 projs (0 pts and 0 merges)
PBA: 1198 3D pts, 11 cams and 2885 projs...
PBA: 1.672 -> 1.456 (12 LMs in 0.07sec)
#points w/ large errors:	20
Radial Distortion : [0.044 -> 36]
# 647 projs (275 pts and 0 merges)
PBA: 1455 3D pts, 11 cams and 3446 projs...
PBA: 1.811 -> 1.331 (5 LMs in 0.02sec)
Focal Length : [3136.000]->[3225.782]
Radial Distortion : [0.032 -> 25]

#############################
#12: [IMG_4964] sees 42 (+468) 3D points
Focal Length in EXIF  [3136.000]
Estimated Focal Length [3136][0.78N]
# 35 projs (0 pts and 1 merges)
PBA: 1445 3D pts, 12 cams and 3463 projs...
PBA: 1.922 -> 1.564 (18 LMs in 0.11sec)
#points w/ large errors:	38

**************************************
#12/12:  838 projs and 367 pts added.
PBA: 1776 3D pts, 12 cams and 4153 projs...
PBA: 14.957 -> 1.290 (20 LMs in 0.12sec)
#points w/ large errors:	28
PBA: 1748 3D pts, 12 cams and 4070 projs...
PBA: 1.157 -> 1.139 (12 LMs in 0.08sec)
#points w/ large errors:	4
Focal Length : [3136.000]->[3090.433]
Radial Distortion : [0.001 -> 0]

#############################
#13: [IMG_4963] sees 179 (+395) 3D points
Focal Length in EXIF  [3136.000]
Estimated Focal Length [3136][0.78N]
# 860 projs (352 pts and 2 merges)
PBA: 2051 3D pts, 13 cams and 4831 projs...
PBA: 5.032 -> 1.445 (29 LMs in 0.08sec)
#points w/ large errors:	41
Radial Distortion : [0.016 -> 13]
# 30 projs (5 pts and 0 merges)
PBA: 2016 3D pts, 13 cams and 4734 projs...
PBA: 1.727 -> 1.485 (5 LMs in 0.03sec)
Focal Length : [3136.000]->[3175.479]
Radial Distortion : [0.019 -> 15]

#############################
#14: [IMG_4962] sees 483 (+487) 3D points
Focal Length in EXIF  [3136.000]
Estimated Focal Length [3136][0.78N]
# 1034 projs (351 pts and 12 merges)
PBA: 2304 3D pts, 14 cams and 5666 projs...
PBA: 3.582 -> 2.175 (23 LMs in 0.09sec)
#points w/ large errors:	81
Focal Length : [3136.000]->[3127.185]
Radial Distortion : [0.008 -> 6]

#############################
#15: [IMG_4974] sees 27 (+58) 3D points
Focal Length in EXIF  [3136.000]
Estimated Focal Length [3136][0.78N]
# 21 projs (0 pts and 0 merges)
PBA: 2212 3D pts, 15 cams and 5434 projs...
PBA: 1.938 -> 1.806 (16 LMs in 0.06sec)
#points w/ large errors:	159
Focal Length : [3136.000]->[3167.828]
Radial Distortion : [-0.004 -> -4]

^^^^^^^^^^^^^^^^^^^^^^^^^^^^^^^^
#15/15:  442 projs and 168 pts added.
PBA: 2205 3D pts, 15 cams and 5274 projs...
PBA: 1.942 -> 1.509 (19 LMs in 0.10sec)
#points w/ large errors:	43
PBA: 2162 3D pts, 15 cams and 5133 projs...
PBA: 1.325 -> 1.323 (13 LMs in 0.04sec)
#points w/ large errors:	6
END: No more images to add [0 projs]

#############################
Initialize with IMG_4976 and IMG_4977
39 3D points initialized from two images
PBA: 39 3D pts, 2 cams and 78 projs...
PBA: 1.364 -> 1.033 (18 LMs in 0.24sec)
Focal Length : [3136.000]->[3131.422]
Focal Length : [3136.000]->[3114.530]
END: No more images to add [0 projs]

#############################
Failed to find two images for initialization
Resuming SfM finished, 4 sec used

---------------------------------------------------
2 cams, 40 pts (3+: 0)
78 projections (3+: 0)
---------------------------------------------------
2 model(s) reconstructed from 20 images;
17 modeled; 0 reused; 20 EXIF; 
1MB(1) used to store feature location.
---------------------------------------------------

########-------timing------#########
Structure-From-Motion finished, 4 sec used
3.0(3.0) seconds on Bundle Adjustment (+)
2.8(2.8) seconds on Bundle Adjustment (*)
#############################
----------------------------------------------------------------
Run full 3D reconstruction, finished
Totally 4.000 seconds used


Run dense reconstruction, begin...
Save to reconstruct.nvm ... done

#############################
Undistorting 2 images in model #1
param_undistortion_thread_num = 0
NOTE: using 16 threads...
#00: IMG_4976 -> 00000000.jpg, 1.935 sec
#00: IMG_4977 -> 00000001.jpg, 1.986 sec
----------------------------------------------------------------
Running Yasutaka Furukawa's CMVS tool...
cmvs "C:\Users\AVISH\OneDrive\Desktop\RSN PROJECT\guitar\reconstruct.nvm.cmvs\01\\" 50 16
genOption "C:\Users\AVISH\OneDrive\Desktop\RSN PROJECT\guitar\reconstruct.nvm.cmvs\01\\" 1 2 0.700000 7 2 16
1 cluster is generated for pmvs reconstruction.
pmvs2 "C:\Users\AVISH\OneDrive\Desktop\RSN PROJECT\guitar\reconstruct.nvm.cmvs\01\\" option-0000
This may take a little more time, waiting...
14 seconds were used by PMVS
Loading option-0000.ply, 12677 vertices ...

#############################
You can manually remove bad MVS points:
1. Switch to dense MVS points mode;
2. Hit F1 key to enter the selection mode;
3. Select points by dragging a rectangle;
4. Hit DELETE to delete the selected points.

#############################
Save to reconstruct.nvm ... done
Save C:\Users\AVISH\OneDrive\Desktop\RSN PROJECT\guitar\reconstruct.1.ply ...done
----------------------------------------------------------------
Run dense reconstruction, finished
Totally 19.000 seconds used

