0: 001
image_size:	512x480
1: 040
image_size:	512x480
2: 060
image_size:	512x480
3: 100
image_size:	512x480
Loading image pixel data ...done in 0s

Compute Missing Pairwise Matching, begin...
********* WARNING ***********
More than 90MB of graphic memory may be allocated
under the default settings. If the program halts here,
adjust parameters to save memory and rerun the task: 
    [Tools->Enable GPU->Set Maximum DIM]
Note some octaves may be automatically skipped
SIFT: 0000, 512x480, 	1197, 0.70sec
SIFT: 0001, 512x480, 	1166, 0.08sec
SIFT: 0002, 512x480, 	1070, 0.08sec
SIFT: 0003, 512x480, 	1369, 0.08sec

###########-------timing------#########
4 Feature Detection finished, 1 sec used
#############################

6 pairs to compute match
NOTE: using 2 matching workers
0001 and 0002: 368 matches, 0.00sec, #1
0001 and 0002: [267/368], H[17], 0.00sec
0000 and 0003: 13 matches, 0.01sec, #1
0001 and 0003: 46 matches, 0.01sec, #1
0001 and 0003: [20/46], H[6], 0.06sec
0002 and 0003: 112 matches, 0.01sec, #1
0002 and 0003: [87/112], H[17], 0.00sec
0000 and 0001: 178 matches, 0.22sec, #0
0000 and 0001: [110/178], H[19], 0.01sec
0000 and 0002: 75 matches, 0.02sec, #0
0000 and 0002: [42/75], H[7], 0.01sec

###########-------timing------#########
6 Image Match finished, 1 sec used
#############################

----------------------------------------------------------------
Compute Missing Pairwise Matching, finished
Totally 2.000 seconds used


Run full 3D reconstruction, begin...
4 pairs have two-view models
5 pairs have fundamental matrices
Initialize with 001 and 060
39 3D points initialized from two images
PBA library version = 105
PBA: 39 3D pts, 2 cams and 78 projs...
PBA: 0.083 -> 0.081 (4 LMs in 0.12sec)
Focal Length : [614.400]->[614.261]
Focal Length : [614.400]->[614.532]

#############################
#3: [040] sees 59 (+275) 3D points
Estimated Focal Length [615][1.20N]
# 36 projs (0 pts and 0 merges)
PBA: 39 3D pts, 3 cams and 114 projs...
PBA: 0.157 -> 0.113 (1 LMs in 0.03sec)

**************************************
#3/3:  122 projs and 34 pts added.
PBA: 73 3D pts, 3 cams and 200 projs...
PBA: 0.719 -> 0.230 (2 LMs in 0.01sec)
PBA: 73 3D pts, 3 cams and 200 projs...
PBA: 0.230 -> 0.224 (3 LMs in 0.00sec)
Focal Length : [614.847]->[622.248]
Radial Distortion : [-0.089 -> -4]
END: No more images to add [0 projs]

#############################
Failed to find two images for initialization
Resuming SfM finished, 0 sec used

---------------------------------------------------
3 cams, 74 pts (3+: 54)
200 projections (3+: 162)
---------------------------------------------------
1 model(s) reconstructed from 4 images;
3 modeled; 0 reused; 0 EXIF; 
0MB(0) used to store feature location.
---------------------------------------------------

########-------timing------#########
Structure-From-Motion finished, 2 sec used
0.3(0.3) seconds on Bundle Adjustment (+)
0.2(0.2) seconds on Bundle Adjustment (*)
#############################
----------------------------------------------------------------
Run full 3D reconstruction, finished
Totally 2.000 seconds used

