0: IMG_4945
image_size:	4032x3024
focal_length:	3136.000
1: IMG_4946
image_size:	4032x3024
focal_length:	3136.000
2: IMG_4947
image_size:	4032x3024
focal_length:	3136.000
3: IMG_4948
image_size:	4032x3024
focal_length:	3136.000
4: IMG_4949
image_size:	4032x3024
focal_length:	3136.000
5: IMG_4950
image_size:	4032x3024
focal_length:	3136.000
6: IMG_4951
image_size:	4032x3024
focal_length:	3136.000
7: IMG_4952
image_size:	4032x3024
focal_length:	3136.000
8: IMG_4953
image_size:	4032x3024
focal_length:	3136.000
9: IMG_4954
image_size:	4032x3024
focal_length:	3136.000
Loading image pixel data ...done in 3s

Compute Missing Pairwise Matching, begin...
********* WARNING ***********
More than 279MB of graphic memory may be allocated
under the default settings. If the program halts here,
adjust parameters to save memory and rerun the task: 
    [Tools->Enable GPU->Set Maximum DIM]
Note some octaves may be automatically skipped
SIFT: 0000, 4032x3024, 	1841, 0.85sec
SIFT: 0001, 4032x3024, 	1795, 0.16sec
SIFT: 0002, 4032x3024, 	1591, 0.14sec
SIFT: 0003, 4032x3024, 	1582, 0.13sec
SIFT: 0004, 4032x3024, 	1499, 0.13sec
SIFT: 0005, 4032x3024, 	1339, 0.13sec
SIFT: 0006, 4032x3024, 	1293, 0.13sec
SIFT: 0007, 4032x3024, 	1327, 0.14sec
SIFT: 0008, 4032x3024, 	1096, 0.15sec
SIFT: 0009, 4032x3024, 	2184, 0.16sec

###########-------timing------#########
10 Feature Detection finished, 2 sec used
#############################

45 pairs to compute match
NOTE: using 2 matching workers
0000 and 0002: 25 matches, 0.01sec, #1
0000 and 0002: [12/25], H[7], 0.02sec
0001 and 0002: 24 matches, 0.01sec, #1
0000 and 0003: 27 matches, 0.01sec, #1
0000 and 0003: [11/27], H[6], 0.03sec
0001 and 0003: 18 matches, 0.01sec, #1
0002 and 0003: 37 matches, 0.01sec, #1
0002 and 0003: [22/37], H[0], 0.00sec
0000 and 0004: 18 matches, 0.01sec, #1
0001 and 0004: 13 matches, 0.01sec, #1
0000 and 0001: 67 matches, 0.19sec, #0
0002 and 0004: 32 matches, 0.01sec, #1
0000 and 0001: [19/67], H[7], 0.05sec
0002 and 0004: [13/32], H[6], 0.05sec
0003 and 0004: 271 matches, 0.01sec, #1
0002 and 0005: 11 matches, 0.03sec, #0
0003 and 0004: [200/271], H[94], 0.01sec
0000 and 0005: 8 matches, 0.01sec, #1
0003 and 0005: 48 matches, 0.04sec, #0
0001 and 0005: 10 matches, 0.01sec, #1
0003 and 0005: [27/48], H[21], 0.01sec
0001 and 0007: 26 matches, 0.01sec, #1
0004 and 0005: 75 matches, 0.03sec, #0
0004 and 0005: [43/75], H[38], 0.00sec
0001 and 0007: [11/26], H[6], 0.05sec
0002 and 0007: 17 matches, 0.01sec, #1
0000 and 0006: 27 matches, 0.04sec, #0
0003 and 0007: 14 matches, 0.01sec, #1
0004 and 0007: 16 matches, 0.01sec, #1
0005 and 0007: 20 matches, 0.01sec, #1
0006 and 0007: 99 matches, 0.01sec, #1
0000 and 0006: [10/27], H[6], 0.05sec
0006 and 0007: [50/99], H[22], 0.04sec
0001 and 0006: 35 matches, 0.04sec, #0
0000 and 0008: 30 matches, 0.01sec, #1
0000 and 0008: [11/30], H[0], 0.03sec
0001 and 0008: 13 matches, 0.01sec, #1
0001 and 0006: [11/35], H[0], 0.04sec
0002 and 0008: 9 matches, 0.00sec, #1
0003 and 0008: 20 matches, 0.01sec, #1
0002 and 0006: 18 matches, 0.03sec, #0
0004 and 0008: 18 matches, 0.01sec, #1
0005 and 0008: 11 matches, 0.00sec, #1
0003 and 0006: 21 matches, 0.03sec, #0
0006 and 0008: 19 matches, 0.01sec, #1
0007 and 0008: 27 matches, 0.01sec, #1
0004 and 0006: 22 matches, 0.03sec, #0
0005 and 0006: 58 matches, 0.03sec, #0
0007 and 0008: [9/27], H[0], 0.04sec
0005 and 0006: [37/58], H[18], 0.01sec
0000 and 0009: 118 matches, 0.01sec, #1
0000 and 0007: 23 matches, 0.04sec, #0
0000 and 0009: [58/118], H[31], 0.05sec
0001 and 0009: 31 matches, 0.01sec, #1
0003 and 0009: 23 matches, 0.05sec, #0
0004 and 0009: 24 matches, 0.05sec, #0
0001 and 0009: [10/31], H[5], 0.05sec
0005 and 0009: 14 matches, 0.04sec, #0
0002 and 0009: 12 matches, 0.01sec, #1
0008 and 0009: 63 matches, 0.01sec, #1
0006 and 0009: 11 matches, 0.03sec, #0
0008 and 0009: [37/63], H[21], 0.01sec
0007 and 0009: 23 matches, 0.04sec, #0

###########-------timing------#########
45 Image Match finished, 1 sec used
#############################

----------------------------------------------------------------
Compute Missing Pairwise Matching, finished
Totally 3.000 seconds used


Run full 3D reconstruction, begin...
9 pairs have two-view models
18 pairs have fundamental matrices
Initialize with IMG_4948 and IMG_4949
199 3D points initialized from two images
PBA library version = 105
PBA: 199 3D pts, 2 cams and 398 projs...
PBA: 0.818 -> 0.610 (48 LMs in 0.31sec)
Focal Length : [3136.000]->[3129.568]
Focal Length : [3136.000]->[3108.198]

#############################
#3: [IMG_4950] sees 38 (+32) 3D points
Focal Length in EXIF  [3136.000]
Estimated Focal Length [3136][0.78N]
# 79 projs (30 pts and 0 merges)
PBA: 228 3D pts, 3 cams and 475 projs...
PBA: 1.608 -> 0.715 (17 LMs in 0.04sec)

**************************************
#3/3:  85 projs and 33 pts added.
PBA: 228 3D pts, 3 cams and 475 projs...
PBA: 0.716 -> 0.714 (14 LMs in 0.03sec)
PBA: 228 3D pts, 3 cams and 475 projs...
PBA: 0.714 -> 0.713 (12 LMs in 0.03sec)
Focal Length : [3136.000]->[3175.694]
Radial Distortion : [0.268 -> 218]
END: No more images to add [0 projs]

#############################
Initialize with IMG_4953 and IMG_4954
37 3D points initialized from two images
PBA: 37 3D pts, 2 cams and 74 projs...
PBA: 0.649 -> 0.649 (14 LMs in 0.09sec)
Focal Length : [3136.000]->[3135.993]
Focal Length : [3136.000]->[3136.015]
END: No more images to add [0 projs]

#############################
Failed to find two images for initialization
Resuming SfM finished, 0 sec used

---------------------------------------------------
2 cams, 38 pts (3+: 0)
74 projections (3+: 0)
---------------------------------------------------
2 model(s) reconstructed from 10 images;
5 modeled; 0 reused; 10 EXIF; 
0MB(0) used to store feature location.
---------------------------------------------------

########-------timing------#########
Structure-From-Motion finished, 0 sec used
0.5(0.5) seconds on Bundle Adjustment (+)
0.5(0.5) seconds on Bundle Adjustment (*)
#############################
----------------------------------------------------------------
Run full 3D reconstruction, finished
Totally 0.000 seconds used


Run dense reconstruction, begin...
Save to reconstruct.nvm ... done

#############################
Undistorting 2 images in model #1
param_undistortion_thread_num = 0
NOTE: using 16 threads...
#00: IMG_4953 -> 00000000.jpg, 2.408 sec
#00: IMG_4954 -> 00000001.jpg, 1.855 sec
----------------------------------------------------------------
Running Yasutaka Furukawa's CMVS tool...
cmvs "C:\Users\AVISH\OneDrive\Desktop\RSN PROJECT\guitar\reconstruct.nvm.cmvs\01\\" 50 16
genOption "C:\Users\AVISH\OneDrive\Desktop\RSN PROJECT\guitar\reconstruct.nvm.cmvs\01\\" 1 2 0.700000 7 2 16
1 cluster is generated for pmvs reconstruction.
pmvs2 "C:\Users\AVISH\OneDrive\Desktop\RSN PROJECT\guitar\reconstruct.nvm.cmvs\01\\" option-0000
This may take a little more time, waiting...
16 seconds were used by PMVS
Loading option-0000.ply, 48184 vertices ...

#############################
You can manually remove bad MVS points:
1. Switch to dense MVS points mode;
2. Hit F1 key to enter the selection mode;
3. Select points by dragging a rectangle;
4. Hit DELETE to delete the selected points.

#############################
Save to reconstruct.nvm ... done
Save C:\Users\AVISH\OneDrive\Desktop\RSN PROJECT\guitar\reconstruct.1.ply ...done
----------------------------------------------------------------
Run dense reconstruction, finished
Totally 21.000 seconds used

