0: DSC06903_1500x
image_size:	1500x997
focal_length:	1125.000
1: DSC06904_1500x
image_size:	1500x997
focal_length:	1125.000
2: DSC06905_1500x
image_size:	1500x997
focal_length:	1125.000
3: DSC06906_1500x
image_size:	1500x997
focal_length:	1125.000
4: DSC06907_1500x
image_size:	1500x997
focal_length:	1125.000
5: DSC06908_1500x
image_size:	1500x997
focal_length:	1125.000
6: DSC06909_1500x
image_size:	1500x997
focal_length:	1125.000
7: DSC06910_1500x
image_size:	1500x997
focal_length:	1125.000
8: DSC06911_1500x
image_size:	1500x997
focal_length:	1125.000
9: DSC06912_1500x
image_size:	1500x997
focal_length:	1125.000
10: DSC06913_1500x
image_size:	1500x997
focal_length:	1125.000
11: DSC06914_1500x
image_size:	1500x997
focal_length:	1125.000
12: DSC06915_1500x
image_size:	1500x997
focal_length:	1125.000
13: DSC06916_1500x
image_size:	1500x997
focal_length:	1125.000
14: DSC06917_1500x
image_size:	1500x997
focal_length:	1125.000
15: DSC06918_1500x
image_size:	1500x997
focal_length:	1125.000
16: DSC06919_1500x
image_size:	1500x997
focal_length:	1125.000
17: DSC06920_1500x
image_size:	1500x997
focal_length:	1125.000
18: DSC06921_1500x
image_size:	1500x997
focal_length:	1125.000
Loading image pixel data ...done in 1s

Compute Missing Pairwise Matching, begin...
********* WARNING ***********
More than 547MB of graphic memory may be allocated
under the default settings. If the program halts here,
adjust parameters to save memory and rerun the task: 
    [Tools->Enable GPU->Set Maximum DIM]
Note some octaves may be automatically skipped
SIFT: 0000, 1500x997, 	11542, 1.48sec
SIFT: 0001, 1500x997, 	7855, 0.42sec
SIFT: 0002, 1500x997, 	11659, 0.49sec
SIFT: 0003, 1500x997, 	11517, 0.46sec
SIFT: 0004, 1500x997, 	9443, 0.52sec
SIFT: 0005, 1500x997, 	8365, 0.36sec
SIFT: 0006, 1500x997, 	10542, 0.49sec
SIFT: 0007, 1500x997, 	11437, 0.38sec
SIFT: 0008, 1500x997, 	8268, 0.37sec
SIFT: 0009, 1500x997, 	8633, 0.39sec
SIFT: 0010, 1500x997, 	8559, 0.39sec
SIFT: 0011, 1500x997, 	7920, 0.45sec
SIFT: 0012, 1500x997, 	7775, 0.31sec
SIFT: 0013, 1500x997, 	7913, 0.32sec
SIFT: 0014, 1500x997, 	8101, 0.32sec
SIFT: 0015, 1500x997, 	9288, 0.35sec
SIFT: 0016, 1500x997, 	8618, 0.46sec
SIFT: 0017, 1500x997, 	12070, 0.43sec
SIFT: 0018, 1500x997, 	11592, 0.44sec

###########-------timing------#########
19 Feature Detection finished, 9 sec used
#############################

171 pairs to compute match
NOTE: using 3 matching workers
0000 and 0001: 302 matches, 0.35sec, #1
0000 and 0001: [243/302], H[102], 0.01sec
0000 and 0003: 67 matches, 0.60sec, #2
0000 and 0002: 87 matches, 0.28sec, #1
0000 and 0003: [10/67], H[0], 0.05sec
0002 and 0003: 348 matches, 1.29sec, #0
0002 and 0003: [249/348], H[91], 0.02sec
0000 and 0002: [11/87], H[5], 0.18sec
0001 and 0003: 88 matches, 0.23sec, #2
0001 and 0002: 229 matches, 0.21sec, #1
0000 and 0004: 46 matches, 0.44sec, #0
0001 and 0002: [125/229], H[22], 0.03sec
0001 and 0003: [15/88], H[6], 0.10sec
0000 and 0004: [10/46], H[6], 0.16sec
0001 and 0006: 64 matches, 0.38sec, #1
0005 and 0007: 114 matches, 0.23sec, #2
0001 and 0004: 49 matches, 0.52sec, #0
0005 and 0007: [52/114], H[8], 0.04sec
0001 and 0006: [11/64], H[6], 0.09sec
0001 and 0004: [9/49], H[0], 0.08sec
0006 and 0007: 385 matches, 0.43sec, #2
0002 and 0006: 69 matches, 0.43sec, #1
0006 and 0007: [296/385], H[23], 0.03sec
0002 and 0004: 49 matches, 0.53sec, #0
0002 and 0006: [12/69], H[6], 0.12sec
0002 and 0004: [10/49], H[4], 0.15sec
0000 and 0008: 59 matches, 0.33sec, #2
0000 and 0008: [13/59], H[9], 0.12sec
0003 and 0006: 78 matches, 0.39sec, #1
0001 and 0008: 64 matches, 0.14sec, #2
0003 and 0004: 132 matches, 0.45sec, #0
0003 and 0006: [11/78], H[6], 0.08sec
0001 and 0008: [11/64], H[5], 0.08sec
0003 and 0004: [64/132], H[31], 0.04sec
0004 and 0006: 59 matches, 0.35sec, #1
0002 and 0008: 186 matches, 0.37sec, #2
0004 and 0006: [17/59], H[7], 0.09sec
0000 and 0005: 53 matches, 0.58sec, #0
0002 and 0008: [80/186], H[36], 0.04sec
0000 and 0005: [11/53], H[5], 0.12sec
0005 and 0006: 313 matches, 0.34sec, #1
0003 and 0008: 472 matches, 0.32sec, #2
0005 and 0006: [197/313], H[73], 0.01sec
0001 and 0005: 43 matches, 0.43sec, #0
0003 and 0008: [377/472], H[80], 0.01sec
0001 and 0005: [11/43], H[5], 0.14sec
0004 and 0008: 129 matches, 0.37sec, #2
0004 and 0008: [77/129], H[15], 0.02sec
0000 and 0007: 77 matches, 0.42sec, #1
0002 and 0005: 39 matches, 0.48sec, #0
0000 and 0007: [11/77], H[6], 0.15sec
0002 and 0005: [9/39], H[4], 0.12sec
0005 and 0008: 47 matches, 0.33sec, #2
0001 and 0007: 78 matches, 0.22sec, #1
0005 and 0008: [13/47], H[5], 0.06sec
0001 and 0007: [11/78], H[4], 0.12sec
0006 and 0008: 63 matches, 0.31sec, #2
0003 and 0005: 49 matches, 0.77sec, #0
0002 and 0007: 91 matches, 0.30sec, #1
0006 and 0008: [20/63], H[6], 0.12sec
0003 and 0005: [14/49], H[8], 0.11sec
0002 and 0007: [15/91], H[5], 0.12sec
0007 and 0008: 352 matches, 0.21sec, #2
0004 and 0005: 164 matches, 0.43sec, #0
0007 and 0008: [279/352], H[37], 0.08sec
0004 and 0005: [99/164], H[45], 0.04sec
0003 and 0007: 105 matches, 0.52sec, #1
0000 and 0009: 54 matches, 0.33sec, #2
0003 and 0007: [17/105], H[5], 0.07sec
0000 and 0009: [11/54], H[5], 0.07sec
0000 and 0006: 63 matches, 0.76sec, #0
0001 and 0009: 97 matches, 0.39sec, #2
0004 and 0007: 252 matches, 0.44sec, #1
0004 and 0007: [190/252], H[30], 0.03sec
0000 and 0006: [11/63], H[6], 0.09sec
0001 and 0009: [28/97], H[6], 0.09sec
0001 and 0010: 452 matches, 0.31sec, #1
0002 and 0009: 576 matches, 0.30sec, #2
0002 and 0009: [456/576], H[161], 0.01sec
0001 and 0010: [383/452], H[118], 0.02sec
0001 and 0011: 416 matches, 0.40sec, #0
0001 and 0011: [331/416], H[66], 0.12sec
0002 and 0010: 550 matches, 0.38sec, #1
0003 and 0009: 576 matches, 0.39sec, #2
0002 and 0010: [448/550], H[128], 0.01sec
0003 and 0009: [446/576], H[155], 0.01sec
0002 and 0011: 127 matches, 0.77sec, #0
0004 and 0009: 50 matches, 0.31sec, #2
0003 and 0010: 168 matches, 0.34sec, #1
0002 and 0011: [48/127], H[17], 0.08sec
0004 and 0009: [11/50], H[5], 0.09sec
0003 and 0010: [60/168], H[10], 0.09sec
0005 and 0009: 42 matches, 0.14sec, #2
0003 and 0011: 65 matches, 0.44sec, #0
0005 and 0009: [10/42], H[5], 0.26sec
0003 and 0011: [13/65], H[6], 0.20sec
0004 and 0010: 64 matches, 0.40sec, #1
0006 and 0009: 52 matches, 0.22sec, #2
0004 and 0011: 61 matches, 0.47sec, #0
0004 and 0010: [10/64], H[0], 0.07sec
0006 and 0009: [10/52], H[5], 0.10sec
0004 and 0011: [10/61], H[6], 0.14sec
0005 and 0010: 65 matches, 0.36sec, #1
0007 and 0009: 97 matches, 0.32sec, #2
0005 and 0011: 52 matches, 0.42sec, #0
0005 and 0010: [11/65], H[5], 0.07sec
0007 and 0009: [13/97], H[6], 0.12sec
0005 and 0011: [10/52], H[5], 0.31sec
0008 and 0009: 573 matches, 0.25sec, #2
0006 and 0010: 61 matches, 0.35sec, #1
0008 and 0009: [478/573], H[132], 0.01sec
0006 and 0011: 52 matches, 0.43sec, #0
0006 and 0010: [10/61], H[5], 0.19sec
0006 and 0011: [10/52], H[5], 0.31sec
0000 and 0010: 102 matches, 0.42sec, #2
0000 and 0010: [24/102], H[10], 0.11sec
0007 and 0010: 78 matches, 0.28sec, #1
0007 and 0011: 87 matches, 0.55sec, #0
0007 and 0010: [14/78], H[5], 0.13sec
0007 and 0011: [24/87], H[18], 0.13sec
0000 and 0012: 251 matches, 0.31sec, #2
0000 and 0012: [143/251], H[44], 0.03sec
0008 and 0010: 175 matches, 0.18sec, #1
0008 and 0011: 88 matches, 0.44sec, #0
0008 and 0010: [68/175], H[30], 0.19sec
0008 and 0011: [15/88], H[10], 0.29sec
0001 and 0012: 92 matches, 0.37sec, #2
0009 and 0010: 434 matches, 0.13sec, #1
0009 and 0010: [331/434], H[71], 0.01sec
0001 and 0012: [39/92], H[20], 0.04sec
0009 and 0011: 119 matches, 0.52sec, #0
0009 and 0011: [34/119], H[11], 0.31sec
0000 and 0011: 263 matches, 0.41sec, #1
0002 and 0012: 73 matches, 0.41sec, #2
0000 and 0011: [185/263], H[54], 0.03sec
0002 and 0012: [15/73], H[5], 0.07sec
0010 and 0011: 485 matches, 0.51sec, #0
0010 and 0011: [385/485], H[48], 0.12sec
0010 and 0012: 81 matches, 0.38sec, #1
0003 and 0012: 53 matches, 0.40sec, #2
0010 and 0012: [18/81], H[6], 0.09sec
0008 and 0013: 98 matches, 0.51sec, #0
0003 and 0012: [13/53], H[7], 0.23sec
0008 and 0013: [16/98], H[7], 0.18sec
0011 and 0012: 287 matches, 0.26sec, #1
0011 and 0012: [211/287], H[13], 0.04sec
0004 and 0012: 57 matches, 0.17sec, #2
0009 and 0013: 72 matches, 0.49sec, #0
0009 and 0013: [14/72], H[5], 0.16sec
0004 and 0012: [11/57], H[5], 0.21sec
0000 and 0013: 129 matches, 0.33sec, #1
0005 and 0012: 51 matches, 0.16sec, #2
0010 and 0013: 157 matches, 0.41sec, #0
0000 and 0013: [62/129], H[17], 0.04sec
0010 and 0013: [89/157], H[15], 0.04sec
0005 and 0012: [10/51], H[0], 0.09sec
0001 and 0013: 115 matches, 0.14sec, #1
0011 and 0013: 563 matches, 0.39sec, #0
0011 and 0013: [461/563], H[67], 0.14sec
0001 and 0013: [58/115], H[13], 0.19sec
0006 and 0012: 60 matches, 0.42sec, #2
0002 and 0013: 88 matches, 0.29sec, #1
0012 and 0013: 607 matches, 0.45sec, #0
0006 and 0012: [10/60], H[5], 0.12sec
0012 and 0013: [543/607], H[93], 0.05sec
0002 and 0013: [15/88], H[6], 0.14sec
0007 and 0012: 60 matches, 0.20sec, #2
0000 and 0014: 95 matches, 0.45sec, #0
0000 and 0014: [41/95], H[16], 0.15sec
0007 and 0012: [10/60], H[4], 0.22sec
0003 and 0013: 75 matches, 0.37sec, #1
0008 and 0012: 61 matches, 0.15sec, #2
0001 and 0014: 169 matches, 0.43sec, #0
0003 and 0013: [11/75], H[0], 0.07sec
0001 and 0014: [125/169], H[19], 0.04sec
0008 and 0012: [12/61], H[6], 0.12sec
0004 and 0013: 54 matches, 0.16sec, #1
0002 and 0014: 110 matches, 0.56sec, #0
0004 and 0013: [10/54], H[5], 0.14sec
0009 and 0012: 45 matches, 0.20sec, #2
0002 and 0014: [27/110], H[15], 0.14sec
0005 and 0013: 49 matches, 0.15sec, #1
0009 and 0012: [9/45], H[4], 0.10sec
0003 and 0014: 92 matches, 0.48sec, #0
0005 and 0013: [10/49], H[5], 0.27sec
0005 and 0014: 47 matches, 0.36sec, #2
0003 and 0014: [13/92], H[6], 0.25sec
0005 and 0014: [10/47], H[5], 0.12sec
0006 and 0013: 59 matches, 0.24sec, #1
0004 and 0014: 56 matches, 0.48sec, #0
0006 and 0013: [10/59], H[0], 0.21sec
0004 and 0014: [11/56], H[7], 0.29sec
0006 and 0014: 51 matches, 0.41sec, #2
0007 and 0013: 67 matches, 0.24sec, #1
0001 and 0015: 114 matches, 0.47sec, #0
0001 and 0015: [54/114], H[20], 0.14sec
0006 and 0014: [10/51], H[5], 0.20sec
0007 and 0013: [16/67], H[6], 0.20sec
0002 and 0015: 234 matches, 0.53sec, #0
0002 and 0015: [130/234], H[36], 0.07sec
0011 and 0015: 244 matches, 0.37sec, #1
0007 and 0014: 78 matches, 0.39sec, #2
0011 and 0015: [182/244], H[37], 0.01sec
0007 and 0014: [22/78], H[7], 0.11sec
0003 and 0015: 135 matches, 0.72sec, #0
0003 and 0015: [53/135], H[24], 0.14sec
0008 and 0014: 104 matches, 0.30sec, #2
0012 and 0015: 74 matches, 0.31sec, #1
0008 and 0014: [13/104], H[6], 0.07sec
0004 and 0015: 45 matches, 0.47sec, #0
0012 and 0015: [12/74], H[5], 0.25sec
0004 and 0015: [11/45], H[5], 0.24sec
0009 and 0014: 143 matches, 0.39sec, #2
0013 and 0015: 212 matches, 0.19sec, #1
0013 and 0015: [138/212], H[34], 0.03sec
0005 and 0015: 33 matches, 0.46sec, #0
0009 and 0014: [53/143], H[8], 0.13sec
0005 and 0015: [9/33], H[0], 0.21sec
0014 and 0015: 844 matches, 0.32sec, #1
0010 and 0014: 503 matches, 0.25sec, #2
0014 and 0015: [761/844], H[174], 0.02sec
0010 and 0014: [415/503], H[52], 0.03sec
0006 and 0015: 41 matches, 0.57sec, #0
0006 and 0015: [10/41], H[5], 0.22sec
0011 and 0014: 1016 matches, 0.36sec, #2
0000 and 0016: 49 matches, 0.43sec, #1
0011 and 0014: [863/1016], H[194], 0.02sec
0007 and 0015: 104 matches, 0.53sec, #0
0000 and 0016: [13/49], H[6], 0.12sec
0012 and 0014: 209 matches, 0.23sec, #2
0007 and 0015: [21/104], H[9], 0.20sec
0012 and 0014: [136/209], H[24], 0.04sec
0001 and 0016: 66 matches, 0.22sec, #1
0008 and 0015: 178 matches, 0.55sec, #0
0008 and 0015: [85/178], H[32], 0.13sec
0001 and 0016: [12/66], H[5], 0.26sec
0013 and 0014: 1159 matches, 0.28sec, #2
0009 and 0015: 516 matches, 0.68sec, #0
0009 and 0015: [414/516], H[131], 0.01sec
0013 and 0014: [913/1159], H[135], 0.04sec
0002 and 0016: 203 matches, 0.36sec, #1
0000 and 0015: 56 matches, 0.38sec, #2
0002 and 0016: [95/203], H[26], 0.04sec
0010 and 0015: 815 matches, 0.42sec, #0
0010 and 0015: [730/815], H[257], 0.02sec
0000 and 0015: [11/56], H[4], 0.14sec
0003 and 0016: 186 matches, 0.22sec, #1
0006 and 0016: 39 matches, 0.54sec, #0
0003 and 0016: [81/186], H[25], 0.14sec
0006 and 0016: [9/39], H[4], 0.27sec
0004 and 0016: 52 matches, 0.35sec, #1
0000 and 0017: 49 matches, 0.55sec, #2
0007 and 0016: 135 matches, 0.49sec, #0
0004 and 0016: [11/52], H[6], 0.09sec
0000 and 0017: [10/49], H[5], 0.09sec
0007 and 0016: [65/135], H[10], 0.07sec
0005 and 0016: 39 matches, 0.38sec, #1
0001 and 0017: 59 matches, 0.42sec, #2
0005 and 0016: [12/39], H[6], 0.09sec
0008 and 0016: 579 matches, 0.49sec, #0
0008 and 0016: [496/579], H[109], 0.03sec
0001 and 0017: [12/59], H[6], 0.20sec
0010 and 0017: 126 matches, 0.31sec, #1
0009 and 0016: 753 matches, 0.56sec, #0
0009 and 0016: [607/753], H[208], 0.03sec
0010 and 0017: [38/126], H[13], 0.22sec
0002 and 0017: 123 matches, 0.37sec, #2
0010 and 0016: 269 matches, 0.43sec, #0
0010 and 0016: [163/269], H[58], 0.06sec
0002 and 0017: [16/123], H[7], 0.23sec
0011 and 0017: 79 matches, 0.29sec, #1
0011 and 0016: 106 matches, 0.45sec, #0
0011 and 0017: [16/79], H[6], 0.28sec
0011 and 0016: [21/106], H[7], 0.23sec
0003 and 0017: 136 matches, 0.55sec, #2
0012 and 0017: 66 matches, 0.28sec, #1
0003 and 0017: [25/136], H[16], 0.08sec
0012 and 0016: 56 matches, 0.55sec, #0
0012 and 0017: [12/66], H[0], 0.19sec
0012 and 0016: [9/56], H[4], 0.23sec
0004 and 0017: 92 matches, 0.53sec, #2
0013 and 0017: 96 matches, 0.36sec, #1
0013 and 0016: 101 matches, 0.62sec, #0
0004 and 0017: [39/92], H[9], 0.05sec
0013 and 0017: [22/96], H[8], 0.12sec
0013 and 0016: [19/101], H[16], 0.17sec
0005 and 0017: 54 matches, 0.39sec, #2
0014 and 0017: 123 matches, 0.34sec, #1
0014 and 0017: [49/123], H[21], 0.06sec
0005 and 0017: [10/54], H[0], 0.07sec
0014 and 0016: 163 matches, 0.58sec, #0
0014 and 0016: [67/163], H[12], 0.13sec
0015 and 0017: 158 matches, 0.54sec, #1
0006 and 0017: 160 matches, 0.52sec, #2
0015 and 0016: 658 matches, 0.51sec, #0
0015 and 0016: [547/658], H[172], 0.01sec
0006 and 0017: [83/160], H[11], 0.04sec
0015 and 0017: [54/158], H[12], 0.10sec
0003 and 0018: 80 matches, 0.54sec, #0
0003 and 0018: [16/80], H[9], 0.19sec
0016 and 0017: 528 matches, 0.44sec, #1
0007 and 0017: 995 matches, 0.49sec, #2
0016 and 0017: [443/528], H[87], 0.03sec
0007 and 0017: [843/995], H[172], 0.03sec
0004 and 0018: 62 matches, 0.53sec, #0
0004 and 0018: [11/62], H[0], 0.23sec
0008 and 0017: 515 matches, 0.53sec, #2
0000 and 0018: 63 matches, 0.60sec, #1
0005 and 0018: 112 matches, 0.51sec, #0
0008 and 0017: [435/515], H[60], 0.03sec
0005 and 0018: [55/112], H[29], 0.03sec
0000 and 0018: [11/63], H[4], 0.15sec
0009 and 0017: 194 matches, 0.25sec, #2
0006 and 0018: 808 matches, 0.51sec, #0
0009 and 0017: [85/194], H[21], 0.18sec
0006 and 0018: [670/808], H[86], 0.13sec
0001 and 0018: 62 matches, 0.45sec, #1
0011 and 0018: 67 matches, 0.29sec, #2
0007 and 0018: 432 matches, 0.49sec, #0
0001 and 0018: [14/62], H[6], 0.10sec
0011 and 0018: [13/67], H[6], 0.10sec
0007 and 0018: [328/432], H[64], 0.04sec
0012 and 0018: 83 matches, 0.41sec, #2
0008 and 0018: 125 matches, 0.41sec, #0
0002 and 0018: 92 matches, 0.48sec, #1
0008 and 0018: [67/125], H[9], 0.04sec
0012 and 0018: [12/83], H[6], 0.10sec
0002 and 0018: [15/92], H[4], 0.09sec
0009 and 0018: 71 matches, 0.60sec, #0
0009 and 0018: [13/71], H[6], 0.20sec
0013 and 0018: 96 matches, 0.49sec, #2
0015 and 0018: 89 matches, 0.49sec, #1
0013 and 0018: [13/96], H[6], 0.06sec
0010 and 0018: 69 matches, 0.44sec, #0
0015 and 0018: [15/89], H[7], 0.26sec
0010 and 0018: [13/69], H[6], 0.33sec
0014 and 0018: 73 matches, 0.50sec, #2
0016 and 0018: 118 matches, 0.30sec, #1
0017 and 0018: 620 matches, 0.46sec, #0
0016 and 0018: [43/118], H[5], 0.07sec
0014 and 0018: [14/73], H[9], 0.09sec
0017 and 0018: [486/620], H[92], 0.03sec

###########-------timing------#########
171 Image Match finished, 44 sec used
#############################

----------------------------------------------------------------
Compute Missing Pairwise Matching, finished
Totally 53.000 seconds used

