0: IMG_4945
image_size:	4032x3024
focal_length:	3136.000
1: IMG_4946
image_size:	4032x3024
focal_length:	3136.000
2: IMG_4947
image_size:	4032x3024
focal_length:	3136.000
3: IMG_4948
image_size:	4032x3024
focal_length:	3136.000
4: IMG_4949
image_size:	4032x3024
focal_length:	3136.000
5: IMG_4950
image_size:	4032x3024
focal_length:	3136.000
6: IMG_4951
image_size:	4032x3024
focal_length:	3136.000
7: IMG_4952
image_size:	4032x3024
focal_length:	3136.000
8: IMG_4953
image_size:	4032x3024
focal_length:	3136.000
9: IMG_4954
image_size:	4032x3024
focal_length:	3136.000
Loading image pixel data ...done in 3s

Compute Missing Pairwise Matching, begin...
********* WARNING ***********
More than 279MB of graphic memory may be allocated
under the default settings. If the program halts here,
adjust parameters to save memory and rerun the task: 
    [Tools->Enable GPU->Set Maximum DIM]
Note some octaves may be automatically skipped
SIFT: 0000, 4032x3024, 	1841, 1.02sec
SIFT: 0001, 4032x3024, 	1795, 0.15sec
SIFT: 0002, 4032x3024, 	1591, 0.15sec
SIFT: 0003, 4032x3024, 	1582, 0.15sec
SIFT: 0004, 4032x3024, 	1499, 0.15sec
SIFT: 0005, 4032x3024, 	1339, 0.14sec
SIFT: 0006, 4032x3024, 	1293, 0.14sec
SIFT: 0007, 4032x3024, 	1327, 0.14sec
SIFT: 0008, 4032x3024, 	1096, 0.14sec
SIFT: 0009, 4032x3024, 	2184, 0.16sec

###########-------timing------#########
10 Feature Detection finished, 2 sec used
#############################

45 pairs to compute match
NOTE: using 2 matching workers
0001 and 0002: 24 matches, 0.01sec, #1
0000 and 0003: 27 matches, 0.01sec, #1
0000 and 0003: [12/27], H[6], 0.03sec
0001 and 0003: 18 matches, 0.01sec, #1
0002 and 0003: 37 matches, 0.01sec, #1
0002 and 0003: [22/37], H[11], 0.01sec
0000 and 0004: 18 matches, 0.01sec, #1
0001 and 0004: 13 matches, 0.01sec, #1
0002 and 0004: 32 matches, 0.01sec, #1
0002 and 0004: [13/32], H[6], 0.05sec
0003 and 0004: 271 matches, 0.01sec, #1
0000 and 0001: 67 matches, 0.23sec, #0
0003 and 0004: [179/271], H[95], 0.01sec
0000 and 0005: 8 matches, 0.01sec, #1
0001 and 0005: 10 matches, 0.01sec, #1
0000 and 0001: [19/67], H[7], 0.06sec
0002 and 0005: 11 matches, 0.01sec, #1
0000 and 0002: 25 matches, 0.05sec, #0
0003 and 0005: 48 matches, 0.04sec, #1
0003 and 0005: [29/48], H[24], 0.00sec
0004 and 0005: 75 matches, 0.01sec, #1
0000 and 0002: [12/25], H[7], 0.02sec
0004 and 0005: [44/75], H[38], 0.00sec
0000 and 0006: 27 matches, 0.01sec, #1
0003 and 0007: 14 matches, 0.04sec, #0
0004 and 0007: 16 matches, 0.03sec, #0
0000 and 0006: [11/27], H[5], 0.05sec
0001 and 0006: 35 matches, 0.01sec, #1
0005 and 0007: 20 matches, 0.03sec, #0
0006 and 0007: 99 matches, 0.03sec, #0
0001 and 0006: [11/35], H[0], 0.04sec
0002 and 0006: 18 matches, 0.01sec, #1
0003 and 0006: 21 matches, 0.01sec, #1
0004 and 0006: 22 matches, 0.01sec, #1
0006 and 0007: [49/99], H[23], 0.03sec
0005 and 0006: 58 matches, 0.01sec, #1
0005 and 0006: [41/58], H[18], 0.01sec
0000 and 0008: 30 matches, 0.03sec, #0
0000 and 0007: 23 matches, 0.01sec, #1
0001 and 0007: 26 matches, 0.01sec, #1
0000 and 0008: [10/30], H[0], 0.04sec
0001 and 0007: [11/26], H[6], 0.03sec
0002 and 0007: 17 matches, 0.01sec, #1
0001 and 0008: 13 matches, 0.03sec, #0
0006 and 0008: 19 matches, 0.01sec, #1
0007 and 0008: 27 matches, 0.01sec, #1
0002 and 0008: 9 matches, 0.03sec, #0
0003 and 0008: 20 matches, 0.03sec, #0
0007 and 0008: [10/27], H[0], 0.04sec
0000 and 0009: 118 matches, 0.01sec, #1
0004 and 0008: 18 matches, 0.03sec, #0
0000 and 0009: [53/118], H[31], 0.03sec
0005 and 0008: 11 matches, 0.03sec, #0
0001 and 0009: 31 matches, 0.01sec, #1
0004 and 0009: 24 matches, 0.05sec, #0
0005 and 0009: 14 matches, 0.04sec, #0
0001 and 0009: [10/31], H[5], 0.05sec
0002 and 0009: 12 matches, 0.01sec, #1
0006 and 0009: 11 matches, 0.04sec, #0
0003 and 0009: 23 matches, 0.02sec, #1
0007 and 0009: 23 matches, 0.03sec, #0
0008 and 0009: 63 matches, 0.01sec, #1
0008 and 0009: [38/63], H[21], 0.01sec

###########-------timing------#########
45 Image Match finished, 1 sec used
#############################

----------------------------------------------------------------
Compute Missing Pairwise Matching, finished
Totally 3.000 seconds used


Compute Missing Pairwise Matching, begin...
0 pairs to compute match
----------------------------------------------------------------
Compute Missing Pairwise Matching, finished
Totally 0.000 seconds used


Run full 3D reconstruction, begin...
11 pairs have two-view models
18 pairs have fundamental matrices
Initialize with IMG_4948 and IMG_4949
179 3D points initialized from two images
PBA library version = 105
PBA: 179 3D pts, 2 cams and 358 projs...
PBA: 1.109 -> 0.719 (100 LMs in 0.68sec)
Focal Length : [3136.000]->[3157.064]
Focal Length : [3136.000]->[3080.256]
END: No more images to add [0 projs]

#############################
Initialize with IMG_4945 and IMG_4954
53 3D points initialized from two images
PBA: 53 3D pts, 2 cams and 106 projs...
PBA: 0.585 -> 0.526 (16 LMs in 0.12sec)
Focal Length : [3136.000]->[3133.547]
Focal Length : [3136.000]->[3129.287]
END: No more images to add [0 projs]

#############################
Initialize with IMG_4951 and IMG_4952
49 3D points initialized from two images
PBA: 49 3D pts, 2 cams and 98 projs...
PBA: 1.664 -> 0.961 (70 LMs in 0.57sec)
Focal Length : [3136.000]->[3528.457]
Focal Length : [3136.000]->[2878.924]
END: No more images to add [0 projs]

#############################
Failed to find two images for initialization
Resuming SfM finished, 1 sec used

---------------------------------------------------
2 cams, 50 pts (3+: 0)
98 projections (3+: 0)
---------------------------------------------------
3 model(s) reconstructed from 10 images;
6 modeled; 0 reused; 10 EXIF; 
0MB(0) used to store feature location.
---------------------------------------------------

########-------timing------#########
Structure-From-Motion finished, 2 sec used
1.4(1.4) seconds on Bundle Adjustment (+)
1.4(1.4) seconds on Bundle Adjustment (*)
#############################
----------------------------------------------------------------
Run full 3D reconstruction, finished
Totally 2.000 seconds used


Run dense reconstruction, begin...
Save to guitar.nvm ... done

#############################
Undistorting 2 images in model #2
param_undistortion_thread_num = 0
NOTE: using 16 threads...
#00: IMG_4951 -> 00000000.jpg, 1.695 sec
#00: IMG_4952 -> 00000001.jpg, 1.692 sec
----------------------------------------------------------------
Running Yasutaka Furukawa's CMVS tool...
cmvs "C:\Users\AVISH\OneDrive\Desktop\RSN PROJECT\guitar\guitar.nvm.cmvs\02\\" 50 16
genOption "C:\Users\AVISH\OneDrive\Desktop\RSN PROJECT\guitar\guitar.nvm.cmvs\02\\" 1 2 0.700000 7 2 16
1 cluster is generated for pmvs reconstruction.
pmvs2 "C:\Users\AVISH\OneDrive\Desktop\RSN PROJECT\guitar\guitar.nvm.cmvs\02\\" option-0000
This may take a little more time, waiting...
10 seconds were used by PMVS
Loading option-0000.ply, 27401 vertices ...

#############################
You can manually remove bad MVS points:
1. Switch to dense MVS points mode;
2. Hit F1 key to enter the selection mode;
3. Select points by dragging a rectangle;
4. Hit DELETE to delete the selected points.

#############################
Save to guitar.nvm ... done
Save C:\Users\AVISH\OneDrive\Desktop\RSN PROJECT\guitar\guitar.2.ply ...done
----------------------------------------------------------------
Run dense reconstruction, finished
Totally 15.000 seconds used

