0: IMG_4945
image_size:	4032x3024
focal_length:	3136.000
1: IMG_4946
image_size:	4032x3024
focal_length:	3136.000
2: IMG_4947
image_size:	4032x3024
focal_length:	3136.000
3: IMG_4951
image_size:	4032x3024
focal_length:	3136.000
4: IMG_4952
image_size:	4032x3024
focal_length:	3136.000
5: IMG_4953
image_size:	4032x3024
focal_length:	3136.000
6: IMG_4954
image_size:	4032x3024
focal_length:	3136.000
Loading image pixel data ...done in 2s

Compute Missing Pairwise Matching, begin...
********* WARNING ***********
More than 279MB of graphic memory may be allocated
under the default settings. If the program halts here,
adjust parameters to save memory and rerun the task: 
    [Tools->Enable GPU->Set Maximum DIM]
Note some octaves may be automatically skipped
SIFT: 0000, 4032x3024, 	1841, 1.14sec
SIFT: 0001, 4032x3024, 	1795, 0.17sec
SIFT: 0002, 4032x3024, 	1591, 0.15sec
SIFT: 0003, 4032x3024, 	1293, 0.14sec
SIFT: 0004, 4032x3024, 	1327, 0.14sec
SIFT: 0005, 4032x3024, 	1096, 0.14sec
SIFT: 0006, 4032x3024, 	2184, 0.16sec

###########-------timing------#########
7 Feature Detection finished, 3 sec used
#############################

21 pairs to compute match
NOTE: using 2 matching workers
0001 and 0002: 24 matches, 0.01sec, #1
0000 and 0003: 27 matches, 0.01sec, #1
0000 and 0003: [10/27], H[6], 0.06sec
0001 and 0003: 35 matches, 0.01sec, #1
0001 and 0003: [10/35], H[0], 0.04sec
0000 and 0001: 67 matches, 0.20sec, #0
0002 and 0003: 18 matches, 0.01sec, #1
0000 and 0004: 23 matches, 0.01sec, #1
0001 and 0004: 26 matches, 0.01sec, #1
0000 and 0001: [19/67], H[7], 0.07sec
0001 and 0004: [10/26], H[5], 0.04sec
0002 and 0004: 17 matches, 0.01sec, #1
0000 and 0002: 25 matches, 0.04sec, #0
0003 and 0004: 99 matches, 0.01sec, #1
0000 and 0002: [12/25], H[7], 0.03sec
0003 and 0004: [47/99], H[26], 0.03sec
0000 and 0005: 30 matches, 0.01sec, #1
0003 and 0005: 19 matches, 0.03sec, #0
0004 and 0005: 27 matches, 0.03sec, #0
0000 and 0005: [10/30], H[0], 0.05sec
0001 and 0005: 13 matches, 0.01sec, #1
0002 and 0005: 9 matches, 0.01sec, #1
0004 and 0005: [9/27], H[0], 0.05sec
0002 and 0006: 12 matches, 0.01sec, #1
0003 and 0006: 11 matches, 0.01sec, #1
0004 and 0006: 23 matches, 0.01sec, #1
0000 and 0006: 118 matches, 0.06sec, #0
0005 and 0006: 63 matches, 0.01sec, #1
0005 and 0006: [37/63], H[21], 0.01sec
0000 and 0006: [57/118], H[34], 0.03sec
0001 and 0006: 31 matches, 0.06sec, #0
0001 and 0006: [11/31], H[5], 0.06sec

###########-------timing------#########
21 Image Match finished, 0 sec used
#############################

----------------------------------------------------------------
Compute Missing Pairwise Matching, finished
Totally 3.000 seconds used


Run full 3D reconstruction, begin...
6 pairs have two-view models
11 pairs have fundamental matrices
Initialize with IMG_4945 and IMG_4954
57 3D points initialized from two images
PBA library version = 105
PBA: 57 3D pts, 2 cams and 114 projs...
PBA: 1.211 -> 1.101 (13 LMs in 0.12sec)
Focal Length : [3136.000]->[3135.892]
Focal Length : [3136.000]->[3136.091]
END: No more images to add [0 projs]

#############################
Initialize with IMG_4951 and IMG_4952
47 3D points initialized from two images
PBA: 47 3D pts, 2 cams and 94 projs...
PBA: 0.988 -> 0.988 (11 LMs in 0.11sec)
Focal Length : [3136.000]->[3136.000]
Focal Length : [3136.000]->[3136.000]
END: No more images to add [0 projs]

#############################
Failed to find two images for initialization
Resuming SfM finished, 0 sec used

---------------------------------------------------
2 cams, 48 pts (3+: 0)
94 projections (3+: 0)
---------------------------------------------------
2 model(s) reconstructed from 7 images;
4 modeled; 0 reused; 7 EXIF; 
0MB(0) used to store feature location.
---------------------------------------------------

########-------timing------#########
Structure-From-Motion finished, 0 sec used
0.2(0.2) seconds on Bundle Adjustment (+)
0.2(0.2) seconds on Bundle Adjustment (*)
#############################
----------------------------------------------------------------
Run full 3D reconstruction, finished
Totally 0.000 seconds used


Run dense reconstruction, begin...
Save to recontruct.nvm ... done

#############################
Undistorting 2 images in model #1
param_undistortion_thread_num = 0
NOTE: using 16 threads...
#00: IMG_4951 -> 00000000.jpg, 0.002 sec
#00: IMG_4952 -> 00000001.jpg, 0.003 sec
----------------------------------------------------------------
Running Yasutaka Furukawa's CMVS tool...
cmvs "C:\Users\AVISH\OneDrive\Desktop\RSN PROJECT\guitar\recontruct.nvm.cmvs\01\\" 50 16
genOption "C:\Users\AVISH\OneDrive\Desktop\RSN PROJECT\guitar\recontruct.nvm.cmvs\01\\" 1 2 0.700000 7 2 16
1 cluster is generated for pmvs reconstruction.
pmvs2 "C:\Users\AVISH\OneDrive\Desktop\RSN PROJECT\guitar\recontruct.nvm.cmvs\01\\" option-0000
This may take a little more time, waiting...
13 seconds were used by PMVS
Loading option-0000.ply, 29703 vertices ...

#############################
You can manually remove bad MVS points:
1. Switch to dense MVS points mode;
2. Hit F1 key to enter the selection mode;
3. Select points by dragging a rectangle;
4. Hit DELETE to delete the selected points.

#############################
Save to recontruct.nvm ... done
Save C:\Users\AVISH\OneDrive\Desktop\RSN PROJECT\guitar\recontruct.1.ply ...done
----------------------------------------------------------------
Run dense reconstruction, finished
Totally 14.000 seconds used

